INFO 2025-10-08 14:33:53,125 autoreload 1696 14316 Watching for file changes with StatReloader
INFO 2025-10-08 14:33:57,648 basehttp 1696 13664 "GET / HTTP/1.1" 302 0
INFO 2025-10-08 14:33:57,655 basehttp 1696 13664 "GET /auth/login/?next=/ HTTP/1.1" 200 9072
INFO 2025-10-08 14:34:07,585 basehttp 1696 13664 "POST /auth/login/?next=/ HTTP/1.1" 302 0
INFO 2025-10-08 14:34:08,356 basehttp 1696 13664 "GET / HTTP/1.1" 302 0
INFO 2025-10-08 14:34:12,489 basehttp 1696 13664 "GET /dashboard/ HTTP/1.1" 200 40415
INFO 2025-10-08 14:34:18,940 basehttp 1696 13664 "GET /auth/users/ HTTP/1.1" 200 21510
INFO 2025-10-08 14:34:27,423 basehttp 1696 13664 "GET /auth/register/ HTTP/1.1" 200 31000
INFO 2025-10-08 14:34:43,672 basehttp 1696 13664 "GET /dashboard/ HTTP/1.1" 200 39806
INFO 2025-10-08 14:59:05,744 autoreload 16676 40828 Watching for file changes with StatReloader
INFO 2025-10-08 14:59:14,899 basehttp 16676 7628 "GET / HTTP/1.1" 302 0
INFO 2025-10-08 14:59:18,858 basehttp 16676 7628 "GET /dashboard/ HTTP/1.1" 200 39806
INFO 2025-10-08 14:59:47,402 basehttp 16676 7628 "GET /dashboard/upload/ HTTP/1.1" 200 53349
INFO 2025-10-08 14:59:55,479 basehttp 16676 7628 "POST /dashboard/upload/ HTTP/1.1" 200 145
INFO 2025-10-08 15:00:00,667 basehttp 16676 7628 "GET /dashboard/ HTTP/1.1" 200 40694
INFO 2025-10-08 15:00:12,792 orchestrator 16676 7628 [STAGE 1] Classifier Agent initialized
INFO 2025-10-08 15:00:12,794 orchestrator 16676 7628 [STAGE 1] Scorer Agent initialized
INFO 2025-10-08 15:00:12,794 orchestrator 16676 7628 [STAGE 1 COMPLETE] Core processing agents ready
INFO 2025-10-08 15:00:12,794 orchestrator 16676 7628 [STAGE 2] Analytics agents will be initialized on-demand
INFO 2025-10-08 15:00:12,926 views 16676 7628 [STAGE 1] Using ReviewProcessingOrchestrator for core processing of 5 reviews
INFO 2025-10-08 15:00:13,299 orchestrator 16676 7628 [STAGE 1] Processing review d10be321-ac13-44fd-b86b-ecafd8e29c44
INFO 2025-10-08 15:00:19,040 orchestrator 16676 7628 [COMPLETED] Single review workflow completed in 5.74s
INFO 2025-10-08 15:00:19,158 orchestrator 16676 7628 [STAGE 1] Processing review d4c22e9b-9ace-42bd-a61a-dd250dede4c8
INFO 2025-10-08 15:00:24,002 orchestrator 16676 7628 [COMPLETED] Single review workflow completed in 4.84s
INFO 2025-10-08 15:00:24,123 orchestrator 16676 7628 [STAGE 1] Processing review 36edfccb-1f91-45e7-b1c9-e2fbe96bd3de
INFO 2025-10-08 15:00:28,915 orchestrator 16676 7628 [COMPLETED] Single review workflow completed in 4.79s
INFO 2025-10-08 15:00:29,047 orchestrator 16676 7628 [STAGE 1] Processing review 3768d996-7fb4-41f9-ac15-ea310760ab91
INFO 2025-10-08 15:00:34,400 orchestrator 16676 7628 [COMPLETED] Single review workflow completed in 5.35s
INFO 2025-10-08 15:00:34,525 orchestrator 16676 7628 [STAGE 1] Processing review 0fa50173-e5d7-494e-879c-8bb2d5d214ff
INFO 2025-10-08 15:00:39,844 orchestrator 16676 7628 [COMPLETED] Single review workflow completed in 5.32s
INFO 2025-10-08 15:00:40,639 basehttp 16676 7628 "POST /api/v1/process/ HTTP/1.1" 200 388
INFO 2025-10-08 15:00:47,009 basehttp 16676 7628 "GET /dashboard/ HTTP/1.1" 200 40663
INFO 2025-10-08 15:01:07,418 basehttp 16676 7628 "GET /dashboard/reviews/ HTTP/1.1" 200 169725
INFO 2025-10-08 15:01:29,823 basehttp 16676 7628 "GET /dashboard/analytics/ HTTP/1.1" 200 113025
INFO 2025-10-08 15:01:30,266 views 16676 7628 Retrieved persisted AI analysis: f61d2782-a488-4cb6-84e8-ef39848c3b3a
INFO 2025-10-08 15:01:30,611 basehttp 16676 7628 "GET /api/v1/get-ai-analysis/ HTTP/1.1" 200 5163
INFO 2025-10-08 15:01:35,389 basehttp 16676 7628 "POST /api/v1/process/ HTTP/1.1" 200 52
INFO 2025-10-08 15:01:47,298 basehttp 16676 7628 "GET /dashboard/analytics/ HTTP/1.1" 200 113025
INFO 2025-10-08 15:01:48,806 views 16676 7628 Retrieved persisted AI analysis: f61d2782-a488-4cb6-84e8-ef39848c3b3a
INFO 2025-10-08 15:01:49,178 basehttp 16676 7628 "GET /api/v1/get-ai-analysis/ HTTP/1.1" 200 5163
INFO 2025-10-08 15:01:51,296 basehttp 16676 7628 "POST /api/v1/process/ HTTP/1.1" 200 52
WARNING 2025-10-08 15:01:54,125 log 16676 7628 Not Found: /.well-known/appspecific/com.chrome.devtools.json
WARNING 2025-10-08 15:01:54,127 basehttp 16676 7628 "GET /.well-known/appspecific/com.chrome.devtools.json HTTP/1.1" 404 3428
INFO 2025-10-08 15:02:03,700 basehttp 16676 7628 "GET /dashboard/analytics/ HTTP/1.1" 200 113025
WARNING 2025-10-08 15:02:04,218 log 16676 7628 Not Found: /.well-known/appspecific/com.chrome.devtools.json
WARNING 2025-10-08 15:02:04,218 basehttp 16676 7628 "GET /.well-known/appspecific/com.chrome.devtools.json HTTP/1.1" 404 3428
INFO 2025-10-08 15:02:05,179 views 16676 36928 Retrieved persisted AI analysis: f61d2782-a488-4cb6-84e8-ef39848c3b3a
INFO 2025-10-08 15:02:05,541 basehttp 16676 36928 "GET /api/v1/get-ai-analysis/ HTTP/1.1" 200 5163
INFO 2025-10-08 15:02:10,567 basehttp 16676 36928 "POST /api/v1/process/ HTTP/1.1" 200 52
INFO 2025-10-08 15:04:32,580 orchestrator 20488 9456 [STAGE 1] Classifier Agent initialized
INFO 2025-10-08 15:04:32,678 orchestrator 20488 9456 [STAGE 1] Scorer Agent initialized
INFO 2025-10-08 15:04:32,678 orchestrator 20488 9456 [STAGE 1 COMPLETE] Core processing agents ready
INFO 2025-10-08 15:04:32,678 orchestrator 20488 9456 [STAGE 2] Analytics agents will be initialized on-demand
INFO 2025-10-08 15:06:21,221 orchestrator 28176 8368 [STAGE 1] Classifier Agent initialized
INFO 2025-10-08 15:06:21,223 orchestrator 28176 8368 [STAGE 1] Scorer Agent initialized
INFO 2025-10-08 15:06:21,223 orchestrator 28176 8368 [STAGE 1 COMPLETE] Core processing agents ready
INFO 2025-10-08 15:06:21,223 orchestrator 28176 8368 [STAGE 2] Analytics agents will be initialized on-demand
INFO 2025-10-08 15:06:21,914 orchestrator 28176 8368 [STAGE 2] Generating executive summary for 3 reviews
INFO 2025-10-08 15:06:21,914 agent 28176 8368 Gemini model initialized successfully for summarization
INFO 2025-10-08 15:06:21,916 orchestrator 28176 8368 [STAGE 2] Summarizer Agent initialized
INFO 2025-10-08 15:06:21,916 agent 28176 8368 Gemini model initialized successfully for tags generation
INFO 2025-10-08 15:06:21,917 agent 28176 8368 [OK] Tags Generator Agent initialized
INFO 2025-10-08 15:06:21,917 orchestrator 28176 8368 [STAGE 2] Tags Generator Agent initialized
INFO 2025-10-08 15:06:21,917 agent 28176 8368 Gemini model initialized successfully for recommendations generation
INFO 2025-10-08 15:06:21,917 agent 28176 8368 [OK] Recommendations Agent initialized
INFO 2025-10-08 15:06:21,917 orchestrator 28176 8368 [STAGE 2] Recommendations Agent initialized
INFO 2025-10-08 15:06:21,918 orchestrator 28176 8368 [STAGE 2] All analytics agents ready
INFO 2025-10-08 15:06:21,918 agent 28176 8368 Starting AI-powered summarization for 3 reviews
INFO 2025-10-08 15:06:21,919 agent 28176 8368 Gemini model initialized successfully for summarization
INFO 2025-10-08 15:06:24,478 agent 28176 8368 AI summarization completed successfully for 3 reviews
INFO 2025-10-08 15:06:24,478 orchestrator 28176 8368 [STAGE 2] Executive summary generated successfully
INFO 2025-10-08 15:06:24,479 orchestrator 28176 8368 [STAGE 2] Generating tags analysis for 3 reviews
INFO 2025-10-08 15:06:24,479 orchestrator 28176 8368 [STAGE 2] All analytics agents ready
INFO 2025-10-08 15:06:27,117 agent 28176 8368 AI tags generation completed successfully
INFO 2025-10-08 15:06:27,117 agent 28176 8368 Tags generation completed for 3 reviews
INFO 2025-10-08 15:06:27,118 orchestrator 28176 8368 [STAGE 2] Tags analysis completed successfully
INFO 2025-10-08 15:07:18,343 autoreload 23168 8764 Watching for file changes with StatReloader
INFO 2025-10-08 15:07:34,277 autoreload 37692 24944 Watching for file changes with StatReloader
INFO 2025-10-08 15:07:39,353 basehttp 37692 41664 "GET / HTTP/1.1" 302 0
INFO 2025-10-08 15:07:42,823 basehttp 37692 41664 "GET /dashboard/ HTTP/1.1" 200 40663
INFO 2025-10-08 15:07:50,759 basehttp 37692 41664 "GET /dashboard/analytics/ HTTP/1.1" 200 113025
INFO 2025-10-08 15:07:51,135 views 37692 41664 Retrieved persisted AI analysis: f61d2782-a488-4cb6-84e8-ef39848c3b3a
INFO 2025-10-08 15:07:51,516 basehttp 37692 41664 "GET /api/v1/get-ai-analysis/ HTTP/1.1" 200 5163
INFO 2025-10-08 15:08:07,022 views 37692 41664 [STAGE 2] Generating analytics for 25 reviews
INFO 2025-10-08 15:08:07,025 orchestrator 37692 41664 [STAGE 1] Classifier Agent initialized
INFO 2025-10-08 15:08:07,028 orchestrator 37692 41664 [STAGE 1] Scorer Agent initialized
INFO 2025-10-08 15:08:07,028 orchestrator 37692 41664 [STAGE 1 COMPLETE] Core processing agents ready
INFO 2025-10-08 15:08:07,028 orchestrator 37692 41664 [STAGE 2] Analytics agents will be initialized on-demand
INFO 2025-10-08 15:08:07,029 orchestrator 37692 41664 [STAGE 2] Generating tags analysis for 25 reviews
INFO 2025-10-08 15:08:07,029 agent 37692 41664 Gemini model initialized successfully for summarization
INFO 2025-10-08 15:08:07,032 orchestrator 37692 41664 [STAGE 2] Summarizer Agent initialized
INFO 2025-10-08 15:08:07,032 agent 37692 41664 Gemini model initialized successfully for tags generation
INFO 2025-10-08 15:08:07,033 agent 37692 41664 [OK] Tags Generator Agent initialized
INFO 2025-10-08 15:08:07,033 orchestrator 37692 41664 [STAGE 2] Tags Generator Agent initialized
INFO 2025-10-08 15:08:07,033 agent 37692 41664 Gemini model initialized successfully for recommendations generation
INFO 2025-10-08 15:08:07,033 agent 37692 41664 [OK] Recommendations Agent initialized
INFO 2025-10-08 15:08:07,034 orchestrator 37692 41664 [STAGE 2] Recommendations Agent initialized
INFO 2025-10-08 15:08:07,034 orchestrator 37692 41664 [STAGE 2] All analytics agents ready
INFO 2025-10-08 15:08:11,196 agent 37692 41664 AI tags generation completed successfully
INFO 2025-10-08 15:08:11,197 agent 37692 41664 Tags generation completed for 25 reviews
INFO 2025-10-08 15:08:11,197 orchestrator 37692 41664 [STAGE 2] Tags analysis completed successfully
INFO 2025-10-08 15:08:11,198 orchestrator 37692 41664 [STAGE 2] Generating business recommendations for 25 reviews
INFO 2025-10-08 15:08:11,198 orchestrator 37692 41664 [STAGE 2] All analytics agents ready
INFO 2025-10-08 15:08:11,199 agent 37692 41664 Generating AI recommendations for 25 reviews
INFO 2025-10-08 15:08:12,845 agent 37692 41664 AI recommendations generated successfully
INFO 2025-10-08 15:08:12,846 orchestrator 37692 41664 [STAGE 2] Business recommendations generated successfully
INFO 2025-10-08 15:08:12,846 orchestrator 37692 41664 [STAGE 2] Generating executive summary for 25 reviews
INFO 2025-10-08 15:08:12,846 orchestrator 37692 41664 [STAGE 2] All analytics agents ready
INFO 2025-10-08 15:08:12,847 agent 37692 41664 Starting AI-powered summarization for 25 reviews
INFO 2025-10-08 15:08:12,848 agent 37692 41664 Gemini model initialized successfully for summarization
INFO 2025-10-08 15:08:15,515 agent 37692 41664 AI summarization completed successfully for 25 reviews
INFO 2025-10-08 15:08:15,516 orchestrator 37692 41664 [STAGE 2] Executive summary generated successfully
INFO 2025-10-08 15:08:15,943 views 37692 41664 AI analysis saved to database with ID: 3fa65de6-928f-4ff1-8efa-d228865baa62
INFO 2025-10-08 15:08:15,944 views 37692 41664 Complete AI analysis generated successfully
INFO 2025-10-08 15:08:16,313 basehttp 37692 41664 "POST /api/v1/ai-analysis/ HTTP/1.1" 200 4068
INFO 2025-10-08 15:08:29,013 basehttp 37692 41664 "GET /dashboard/analytics/ HTTP/1.1" 200 113025
INFO 2025-10-08 15:08:29,397 views 37692 41664 Retrieved persisted AI analysis: 3fa65de6-928f-4ff1-8efa-d228865baa62
INFO 2025-10-08 15:08:29,799 basehttp 37692 41664 "GET /api/v1/get-ai-analysis/ HTTP/1.1" 200 5067
INFO 2025-10-08 15:08:38,996 basehttp 37692 41664 "GET /dashboard/reviews/ HTTP/1.1" 200 169725
INFO 2025-10-08 15:08:41,413 autoreload 37692 24944 E:\ish\multiagent-review-sentiment-ai\apps\api\views.py changed, reloading.
INFO 2025-10-08 15:08:44,614 autoreload 2436 32056 Watching for file changes with StatReloader
INFO 2025-10-08 15:08:53,194 basehttp 2436 42756 "GET /dashboard/ HTTP/1.1" 200 40663
INFO 2025-10-08 15:09:14,439 basehttp 2436 42756 "GET /auth/profile/ HTTP/1.1" 200 32018
INFO 2025-10-08 15:27:33,280 autoreload 10252 7620 Watching for file changes with StatReloader
INFO 2025-10-08 15:27:37,680 basehttp 10252 18080 "GET / HTTP/1.1" 302 0
INFO 2025-10-08 15:27:41,244 basehttp 10252 18080 "GET /dashboard/ HTTP/1.1" 200 40664
INFO 2025-10-08 15:27:48,104 basehttp 10252 18080 "GET /dashboard/reviews/ HTTP/1.1" 200 169725
INFO 2025-10-08 15:28:00,344 basehttp 10252 18080 "GET /dashboard/upload/ HTTP/1.1" 200 54893
INFO 2025-10-08 15:28:07,892 basehttp 10252 32720 "GET /auth/profile/ HTTP/1.1" 200 32018
INFO 2025-10-08 15:28:44,509 basehttp 10252 32720 "GET /dashboard/reviews/ HTTP/1.1" 200 169725
INFO 2025-10-08 15:33:43,134 basehttp 10252 32720 "GET /auth/profile/ HTTP/1.1" 200 33520
INFO 2025-10-08 15:34:10,620 basehttp 10252 32720 "GET /auth/profile/ HTTP/1.1" 200 32018
INFO 2025-10-08 15:38:58,146 basehttp 10252 32720 "GET /auth/profile/ HTTP/1.1" 200 32577
INFO 2025-10-08 15:41:15,191 basehttp 10252 32720 "GET /auth/profile/ HTTP/1.1" 200 32577
INFO 2025-10-08 15:41:33,380 basehttp 10252 32720 "GET /auth/profile/ HTTP/1.1" 200 32596
INFO 2025-10-08 15:41:41,479 basehttp 10252 32720 "GET /auth/profile/ HTTP/1.1" 200 32598
INFO 2025-10-08 15:42:49,940 basehttp 10252 32720 "GET /auth/profile/ HTTP/1.1" 200 32577
INFO 2025-10-08 15:43:28,072 basehttp 10252 32720 "GET /auth/profile/ HTTP/1.1" 200 32577
INFO 2025-10-08 15:44:15,580 basehttp 10252 32720 "GET /dashboard/reviews/ HTTP/1.1" 200 169725
INFO 2025-10-08 15:44:35,352 basehttp 10252 32720 "GET /dashboard/analytics/ HTTP/1.1" 200 113025
INFO 2025-10-08 15:44:35,825 views 10252 32720 Retrieved persisted AI analysis: 3fa65de6-928f-4ff1-8efa-d228865baa62
INFO 2025-10-08 15:44:36,196 basehttp 10252 32720 "GET /api/v1/get-ai-analysis/ HTTP/1.1" 200 5067
INFO 2025-10-08 15:44:59,198 basehttp 10252 32720 "GET /auth/users/ HTTP/1.1" 200 21510
INFO 2025-10-08 15:45:02,349 basehttp 10252 32720 "GET /auth/profile/ HTTP/1.1" 200 32634
INFO 2025-10-08 15:46:23,734 basehttp 10252 32720 "GET /auth/profile/ HTTP/1.1" 200 32913
INFO 2025-10-08 15:47:26,127 basehttp 10252 32720 "GET /auth/profile/ HTTP/1.1" 200 32954
INFO 2025-10-08 15:48:12,971 basehttp 10252 32720 "GET /auth/profile/ HTTP/1.1" 200 33005
INFO 2025-10-08 15:49:19,319 basehttp 10252 32720 "GET /auth/profile/ HTTP/1.1" 200 32946
INFO 2025-10-08 15:49:31,834 basehttp 10252 32720 "GET /auth/profile/ HTTP/1.1" 200 32879
INFO 2025-10-08 15:51:06,163 basehttp 10252 32720 "GET /auth/profile/ HTTP/1.1" 200 32995
INFO 2025-10-08 15:52:02,772 basehttp 10252 32720 "GET /auth/profile/ HTTP/1.1" 200 33050
INFO 2025-10-08 15:52:16,180 basehttp 10252 32720 "GET /dashboard/reviews/ HTTP/1.1" 200 169725
INFO 2025-10-08 15:53:11,681 basehttp 10252 32720 "GET /auth/profile/ HTTP/1.1" 200 33050
INFO 2025-10-08 15:55:00,964 basehttp 10252 32720 "GET /auth/profile/ HTTP/1.1" 200 33488
INFO 2025-10-08 15:55:37,751 basehttp 10252 32720 "GET /auth/users/ HTTP/1.1" 200 21510
INFO 2025-10-08 15:59:39,139 basehttp 10252 21996 "GET /auth/profile/ HTTP/1.1" 200 33488
INFO 2025-10-08 15:59:51,923 basehttp 10252 21996 "GET /auth/users/ HTTP/1.1" 200 20558
INFO 2025-10-08 16:00:27,468 basehttp 10252 21996 "GET /auth/users/ HTTP/1.1" 200 20558
INFO 2025-10-08 16:01:51,851 autoreload 10252 7620 E:\ish\multiagent-review-sentiment-ai\apps\authentication\views.py changed, reloading.
INFO 2025-10-08 16:01:52,593 autoreload 8024 11836 Watching for file changes with StatReloader
INFO 2025-10-08 16:02:34,075 autoreload 8024 11836 E:\ish\multiagent-review-sentiment-ai\apps\authentication\views.py changed, reloading.
INFO 2025-10-08 16:02:34,708 autoreload 15904 4040 Watching for file changes with StatReloader
INFO 2025-10-08 16:07:43,312 autoreload 23660 21016 Watching for file changes with StatReloader
INFO 2025-10-08 16:07:50,034 basehttp 23660 30064 "GET /auth/users/ HTTP/1.1" 200 20961
INFO 2025-10-08 16:07:59,812 basehttp 23660 30064 "GET /auth/users/ HTTP/1.1" 200 21016
INFO 2025-10-08 16:08:10,713 basehttp 23660 30064 "GET /auth/users/ HTTP/1.1" 200 21043
INFO 2025-10-08 16:08:17,219 basehttp 23660 30064 "GET /auth/users/ HTTP/1.1" 200 21043
INFO 2025-10-08 16:09:55,666 basehttp 23660 30064 "GET /auth/users/ HTTP/1.1" 200 20971
INFO 2025-10-08 16:10:29,993 basehttp 23660 30064 "GET /auth/users/ HTTP/1.1" 200 21221
INFO 2025-10-08 16:10:37,738 basehttp 23660 30064 "GET /auth/users/ HTTP/1.1" 200 21221
INFO 2025-10-08 16:11:08,602 basehttp 23660 30064 "GET /auth/users/ HTTP/1.1" 200 20981
INFO 2025-10-08 16:11:23,752 basehttp 23660 30064 "GET /auth/users/ HTTP/1.1" 200 20981
INFO 2025-10-08 16:11:29,522 basehttp 23660 30064 "GET /auth/profile/ HTTP/1.1" 200 33488
INFO 2025-10-08 16:11:33,162 basehttp 23660 30064 "GET /admin/ HTTP/1.1" 200 10354
INFO 2025-10-08 16:12:06,302 basehttp 23660 30064 "GET /auth/profile/ HTTP/1.1" 200 33488
INFO 2025-10-08 16:14:32,561 basehttp 23660 30064 "GET /dashboard/ HTTP/1.1" 200 40673
INFO 2025-10-08 16:14:37,483 basehttp 23660 30064 "GET /dashboard/upload/ HTTP/1.1" 200 54902
INFO 2025-10-08 16:14:43,466 basehttp 23660 30064 "GET /auth/users/ HTTP/1.1" 200 20981
INFO 2025-10-08 16:14:46,961 basehttp 23660 30064 "GET /auth/register/ HTTP/1.1" 200 31000
INFO 2025-10-08 16:17:31,116 basehttp 23660 30064 "GET /auth/register/ HTTP/1.1" 200 32434
INFO 2025-10-08 16:19:37,604 basehttp 23660 30064 "GET /auth/register/ HTTP/1.1" 200 32509
INFO 2025-10-08 16:19:44,437 basehttp 23660 30064 "GET /auth/register/ HTTP/1.1" 200 32710
INFO 2025-10-08 16:20:21,818 basehttp 23660 30064 "GET /auth/register/ HTTP/1.1" 200 32517
INFO 2025-10-08 16:20:33,050 basehttp 23660 30064 "GET /auth/register/ HTTP/1.1" 200 32517
INFO 2025-10-08 16:23:52,587 basehttp 23660 30064 "GET /auth/register/ HTTP/1.1" 200 31392
INFO 2025-10-08 16:24:05,408 basehttp 23660 30064 "GET /auth/register/ HTTP/1.1" 200 31392
INFO 2025-10-08 16:24:13,767 basehttp 23660 30064 "GET /auth/register/ HTTP/1.1" 200 31392
INFO 2025-10-08 16:25:39,397 basehttp 23660 30064 "GET /auth/register/ HTTP/1.1" 200 31751
INFO 2025-10-08 16:26:07,181 basehttp 23660 30064 "GET /auth/register/ HTTP/1.1" 200 32973
INFO 2025-10-08 16:27:38,120 basehttp 23660 30064 "GET /auth/register/ HTTP/1.1" 200 31392
INFO 2025-10-08 16:29:32,305 basehttp 23660 17028 "GET /auth/register/ HTTP/1.1" 200 31609
INFO 2025-10-08 16:32:09,724 basehttp 23660 17028 "GET /auth/profile/ HTTP/1.1" 200 33488
INFO 2025-10-08 16:32:20,884 basehttp 23660 17028 "GET /dashboard/ HTTP/1.1" 200 40673
INFO 2025-10-08 16:38:39,282 autoreload 28736 34776 Watching for file changes with StatReloader
INFO 2025-10-08 16:38:47,146 basehttp 28736 5416 "GET /auth/users/ HTTP/1.1" 200 20981
INFO 2025-10-08 16:38:50,778 basehttp 28736 5416 "GET /auth/register/ HTTP/1.1" 200 31609
INFO 2025-10-08 16:40:03,347 basehttp 28736 5416 "POST /auth/register/ HTTP/1.1" 200 31973
INFO 2025-10-08 16:40:11,567 basehttp 28736 5416 "GET /auth/users/ HTTP/1.1" 200 20981
INFO 2025-10-08 16:40:43,933 basehttp 28736 5416 "POST /auth/register/ HTTP/1.1" 302 0
INFO 2025-10-08 16:40:45,307 basehttp 28736 5416 "GET /auth/register/ HTTP/1.1" 200 32249
INFO 2025-10-08 16:41:01,417 basehttp 28736 5416 "GET /auth/users/ HTTP/1.1" 200 22268
INFO 2025-10-08 16:41:17,076 basehttp 28736 5416 "GET /auth/logout/ HTTP/1.1" 302 0
INFO 2025-10-08 16:41:17,082 basehttp 28736 5416 "GET /auth/login/ HTTP/1.1" 200 9411
INFO 2025-10-08 16:41:32,165 basehttp 28736 5416 "POST /auth/login/ HTTP/1.1" 302 0
INFO 2025-10-08 16:41:35,156 basehttp 28736 5416 "GET /dashboard/ HTTP/1.1" 200 32850
INFO 2025-10-08 16:41:43,267 basehttp 28736 5416 "GET /dashboard/upload/ HTTP/1.1" 200 54350
INFO 2025-10-08 16:44:20,826 basehttp 28736 5416 "GET /dashboard/ HTTP/1.1" 200 32234
INFO 2025-10-08 16:44:25,266 basehttp 28736 5416 "GET /auth/profile/ HTTP/1.1" 200 33987
INFO 2025-10-08 16:45:05,776 basehttp 28736 5416 "GET /dashboard/ HTTP/1.1" 200 32234
INFO 2025-10-08 16:49:07,605 basehttp 28736 5416 "GET /dashboard/upload/ HTTP/1.1" 200 54350
INFO 2025-10-08 16:49:17,838 basehttp 28736 5416 "POST /dashboard/upload/ HTTP/1.1" 200 145
INFO 2025-10-08 16:49:22,673 basehttp 28736 5416 "GET /dashboard/ HTTP/1.1" 200 33001
INFO 2025-10-08 16:49:34,626 basehttp 28736 5416 "GET /dashboard/reviews/ HTTP/1.1" 200 41819
INFO 2025-10-08 16:49:40,926 basehttp 28736 5416 "GET /dashboard/ HTTP/1.1" 200 33001
INFO 2025-10-08 16:49:45,008 basehttp 28736 5416 "GET /dashboard/upload/ HTTP/1.1" 200 56084
INFO 2025-10-08 16:50:05,253 basehttp 28736 5416 "POST /dashboard/upload/ HTTP/1.1" 200 145
ERROR 2025-10-08 16:50:09,354 log 28736 5416 Internal Server Error: /dashboard/batch/f38a0770-082e-4596-bf0f-d04850e0d97b/
Traceback (most recent call last):
  File "E:\ish\multiagent-review-sentiment-ai\.venv\Lib\site-packages\django\core\handlers\exception.py", line 55, in inner
    response = get_response(request)
  File "E:\ish\multiagent-review-sentiment-ai\.venv\Lib\site-packages\django\core\handlers\base.py", line 197, in _get_response
    response = wrapped_callback(request, *callback_args, **callback_kwargs)
  File "E:\ish\multiagent-review-sentiment-ai\.venv\Lib\site-packages\django\contrib\auth\decorators.py", line 59, in _view_wrapper
    return view_func(request, *args, **kwargs)
  File "E:\ish\multiagent-review-sentiment-ai\apps\dashboard\views.py", line 205, in batch_detail
    return render(request, 'dashboard/batch_detail.html', context)
  File "E:\ish\multiagent-review-sentiment-ai\.venv\Lib\site-packages\django\shortcuts.py", line 25, in render
    content = loader.render_to_string(template_name, context, request, using=using)
  File "E:\ish\multiagent-review-sentiment-ai\.venv\Lib\site-packages\django\template\loader.py", line 61, in render_to_string
    template = get_template(template_name, using=using)
  File "E:\ish\multiagent-review-sentiment-ai\.venv\Lib\site-packages\django\template\loader.py", line 19, in get_template
    raise TemplateDoesNotExist(template_name, chain=chain)
django.template.exceptions.TemplateDoesNotExist: dashboard/batch_detail.html
ERROR 2025-10-08 16:50:09,358 basehttp 28736 5416 "GET /dashboard/batch/f38a0770-082e-4596-bf0f-d04850e0d97b/ HTTP/1.1" 500 103628
INFO 2025-10-08 16:50:12,904 basehttp 28736 5416 "GET /dashboard/upload/ HTTP/1.1" 200 57818
INFO 2025-10-08 16:50:18,512 basehttp 28736 5416 "GET /dashboard/ HTTP/1.1" 200 33767
INFO 2025-10-08 16:50:24,763 basehttp 28736 5416 "GET /auth/profile/ HTTP/1.1" 200 33987
INFO 2025-10-08 16:52:13,386 basehttp 28736 5416 "GET /dashboard/ HTTP/1.1" 200 33768
INFO 2025-10-08 16:52:16,303 basehttp 28736 5416 "GET /dashboard/upload/ HTTP/1.1" 200 57818
INFO 2025-10-08 16:52:23,783 basehttp 28736 5416 "POST /dashboard/upload/ HTTP/1.1" 200 145
INFO 2025-10-08 16:52:28,830 basehttp 28736 5416 "GET /dashboard/ HTTP/1.1" 200 34535
INFO 2025-10-08 16:52:49,223 basehttp 28736 40784 "GET /dashboard/upload/ HTTP/1.1" 200 59552
INFO 2025-10-08 16:52:51,864 basehttp 28736 5416 - Broken pipe from ('127.0.0.1', 8492)
INFO 2025-10-08 16:53:36,742 basehttp 28736 40784 "POST /dashboard/upload/ HTTP/1.1" 200 145
INFO 2025-10-08 16:53:42,402 basehttp 28736 40784 "GET /dashboard/ HTTP/1.1" 200 43149
INFO 2025-10-08 16:53:48,670 basehttp 28736 40784 "GET /dashboard/reviews/ HTTP/1.1" 200 70895
INFO 2025-10-08 16:53:57,641 basehttp 28736 40784 "GET /dashboard/analytics/ HTTP/1.1" 200 102301
INFO 2025-10-08 16:53:58,069 views 28736 40784 Retrieved persisted AI analysis: 3fa65de6-928f-4ff1-8efa-d228865baa62
INFO 2025-10-08 16:53:58,444 basehttp 28736 40784 "GET /api/v1/get-ai-analysis/ HTTP/1.1" 200 5067
INFO 2025-10-08 16:54:04,101 basehttp 28736 40784 "GET /dashboard/ HTTP/1.1" 200 43149
INFO 2025-10-08 16:54:16,126 orchestrator 28736 40784 [STAGE 1] Classifier Agent initialized
INFO 2025-10-08 16:54:16,128 orchestrator 28736 40784 [STAGE 1] Scorer Agent initialized
INFO 2025-10-08 16:54:16,128 orchestrator 28736 40784 [STAGE 1 COMPLETE] Core processing agents ready
INFO 2025-10-08 16:54:16,128 orchestrator 28736 40784 [STAGE 2] Analytics agents will be initialized on-demand
INFO 2025-10-08 16:54:16,239 views 28736 40784 [STAGE 1] Using ReviewProcessingOrchestrator for core processing of 20 reviews
INFO 2025-10-08 16:54:16,762 orchestrator 28736 40784 [STAGE 1] Processing review acfee74f-862f-40e2-8a7a-672d5f5d0f8c
INFO 2025-10-08 16:54:18,823 orchestrator 28736 40784 [COMPLETED] Single review workflow completed in 2.06s
INFO 2025-10-08 16:54:18,949 orchestrator 28736 40784 [STAGE 1] Processing review b2d9ee84-c952-49df-9a7e-4d68551d9307
INFO 2025-10-08 16:54:20,902 orchestrator 28736 40784 [COMPLETED] Single review workflow completed in 1.95s
INFO 2025-10-08 16:54:21,016 orchestrator 28736 40784 [STAGE 1] Processing review 990d3b84-1049-4791-8266-2f6952d028ae
INFO 2025-10-08 16:54:22,983 orchestrator 28736 40784 [COMPLETED] Single review workflow completed in 1.97s
INFO 2025-10-08 16:54:23,104 orchestrator 28736 40784 [STAGE 1] Processing review 9222be14-50ab-47e4-8272-9792a38eced7
INFO 2025-10-08 16:54:25,331 orchestrator 28736 40784 [COMPLETED] Single review workflow completed in 2.23s
INFO 2025-10-08 16:54:25,458 orchestrator 28736 40784 [STAGE 1] Processing review 612deeae-7b51-48cc-9852-5a133748bfd7
INFO 2025-10-08 16:54:27,571 orchestrator 28736 40784 [COMPLETED] Single review workflow completed in 2.11s
INFO 2025-10-08 16:54:27,706 orchestrator 28736 40784 [STAGE 1] Processing review 1395de9f-ac65-4505-8af0-7a5008857f66
INFO 2025-10-08 16:54:29,543 orchestrator 28736 40784 [COMPLETED] Single review workflow completed in 1.84s
INFO 2025-10-08 16:54:29,669 orchestrator 28736 40784 [STAGE 1] Processing review 16f185c1-a62d-4bee-8a94-c9b335ff19dd
INFO 2025-10-08 16:54:31,622 orchestrator 28736 40784 [COMPLETED] Single review workflow completed in 1.95s
INFO 2025-10-08 16:54:31,773 orchestrator 28736 40784 [STAGE 1] Processing review ec52943d-960a-4128-b5e5-5aa44500eebc
INFO 2025-10-08 16:54:33,742 orchestrator 28736 40784 [COMPLETED] Single review workflow completed in 1.97s
INFO 2025-10-08 16:54:33,899 orchestrator 28736 40784 [STAGE 1] Processing review ffd829b2-6c3e-47f1-9fde-e5779986722b
INFO 2025-10-08 16:54:37,635 orchestrator 28736 40784 [COMPLETED] Single review workflow completed in 3.74s
INFO 2025-10-08 16:54:37,819 orchestrator 28736 40784 [STAGE 1] Processing review 258a8b27-b2a1-4489-bb1a-dd4dc984b1c4
INFO 2025-10-08 16:54:39,563 orchestrator 28736 40784 [COMPLETED] Single review workflow completed in 1.74s
INFO 2025-10-08 16:54:39,682 orchestrator 28736 40784 [STAGE 1] Processing review 25fd9575-dfe4-491c-a416-380a0d43e5b4
INFO 2025-10-08 16:54:41,781 orchestrator 28736 40784 [COMPLETED] Single review workflow completed in 2.10s
INFO 2025-10-08 16:54:41,923 orchestrator 28736 40784 [STAGE 1] Processing review e6ef5e4f-e35d-4d22-a018-78d8baefd749
INFO 2025-10-08 16:54:44,341 orchestrator 28736 40784 [COMPLETED] Single review workflow completed in 2.42s
INFO 2025-10-08 16:54:44,462 orchestrator 28736 40784 [STAGE 1] Processing review c5bf514c-e639-42eb-87d0-92a4e429fc07
INFO 2025-10-08 16:54:46,262 orchestrator 28736 40784 [COMPLETED] Single review workflow completed in 1.80s
INFO 2025-10-08 16:54:46,383 orchestrator 28736 40784 [STAGE 1] Processing review 5d748ed8-3f7c-4078-a00c-1a6bab61797b
INFO 2025-10-08 16:54:48,902 orchestrator 28736 40784 [COMPLETED] Single review workflow completed in 2.52s
INFO 2025-10-08 16:54:49,021 orchestrator 28736 40784 [STAGE 1] Processing review a92c5f80-9911-4386-aa3f-94687baa3825
INFO 2025-10-08 16:54:51,462 orchestrator 28736 40784 [COMPLETED] Single review workflow completed in 2.44s
INFO 2025-10-08 16:54:51,581 orchestrator 28736 40784 [STAGE 1] Processing review 580f678d-fd91-4070-86d4-7184ad158f17
INFO 2025-10-08 16:54:53,703 orchestrator 28736 40784 [COMPLETED] Single review workflow completed in 2.12s
INFO 2025-10-08 16:54:53,821 orchestrator 28736 40784 [STAGE 1] Processing review 84c18664-7066-4a86-88bd-5da2071d5214
INFO 2025-10-08 16:54:56,100 orchestrator 28736 40784 [COMPLETED] Single review workflow completed in 2.28s
INFO 2025-10-08 16:54:56,221 orchestrator 28736 40784 [STAGE 1] Processing review 46320192-28c6-4a9d-9a60-6865130ccc93
INFO 2025-10-08 16:54:58,063 orchestrator 28736 40784 [COMPLETED] Single review workflow completed in 1.84s
INFO 2025-10-08 16:54:58,211 orchestrator 28736 40784 [STAGE 1] Processing review ff59880c-5322-4fb2-9235-088361c28ef7
INFO 2025-10-08 16:55:00,431 orchestrator 28736 40784 [COMPLETED] Single review workflow completed in 2.22s
INFO 2025-10-08 16:55:00,548 orchestrator 28736 40784 [STAGE 1] Processing review 4dce62d4-98a0-4ed0-938a-934f9fdbc3c9
INFO 2025-10-08 16:55:02,243 orchestrator 28736 40784 [COMPLETED] Single review workflow completed in 1.69s
INFO 2025-10-08 16:55:03,003 basehttp 28736 40784 "POST /api/v1/process/ HTTP/1.1" 200 394
INFO 2025-10-08 16:55:09,562 basehttp 28736 40784 "GET /dashboard/ HTTP/1.1" 200 43157
INFO 2025-10-08 16:55:13,868 basehttp 28736 40784 "GET /dashboard/reviews/ HTTP/1.1" 200 72800
INFO 2025-10-08 16:55:33,042 basehttp 28736 40784 "GET /dashboard/analytics/ HTTP/1.1" 200 102313
INFO 2025-10-08 16:55:33,430 views 28736 40784 Retrieved persisted AI analysis: 3fa65de6-928f-4ff1-8efa-d228865baa62
INFO 2025-10-08 16:55:33,801 basehttp 28736 40784 "GET /api/v1/get-ai-analysis/ HTTP/1.1" 200 5067
INFO 2025-10-08 16:55:41,399 views 28736 40784 [STAGE 2] Generating analytics for 5 reviews
INFO 2025-10-08 16:55:41,403 orchestrator 28736 40784 [STAGE 1] Classifier Agent initialized
INFO 2025-10-08 16:55:41,405 orchestrator 28736 40784 [STAGE 1] Scorer Agent initialized
INFO 2025-10-08 16:55:41,405 orchestrator 28736 40784 [STAGE 1 COMPLETE] Core processing agents ready
INFO 2025-10-08 16:55:41,405 orchestrator 28736 40784 [STAGE 2] Analytics agents will be initialized on-demand
INFO 2025-10-08 16:55:41,405 orchestrator 28736 40784 [STAGE 2] Generating tags analysis for 5 reviews
INFO 2025-10-08 16:55:41,406 agent 28736 40784 Gemini model initialized successfully for summarization
INFO 2025-10-08 16:55:41,407 orchestrator 28736 40784 [STAGE 2] Summarizer Agent initialized
INFO 2025-10-08 16:55:41,407 agent 28736 40784 Gemini model initialized successfully for tags generation
INFO 2025-10-08 16:55:41,408 agent 28736 40784 [OK] Tags Generator Agent initialized
INFO 2025-10-08 16:55:41,408 orchestrator 28736 40784 [STAGE 2] Tags Generator Agent initialized
INFO 2025-10-08 16:55:41,408 agent 28736 40784 Gemini model initialized successfully for recommendations generation
INFO 2025-10-08 16:55:41,408 agent 28736 40784 [OK] Recommendations Agent initialized
INFO 2025-10-08 16:55:41,408 orchestrator 28736 40784 [STAGE 2] Recommendations Agent initialized
INFO 2025-10-08 16:55:41,409 orchestrator 28736 40784 [STAGE 2] All analytics agents ready
INFO 2025-10-08 16:55:44,627 agent 28736 40784 AI tags generation completed successfully
INFO 2025-10-08 16:55:44,627 agent 28736 40784 Tags generation completed for 5 reviews
INFO 2025-10-08 16:55:44,628 orchestrator 28736 40784 [STAGE 2] Tags analysis completed successfully
INFO 2025-10-08 16:55:44,628 orchestrator 28736 40784 [STAGE 2] Generating business recommendations for 5 reviews
INFO 2025-10-08 16:55:44,628 orchestrator 28736 40784 [STAGE 2] All analytics agents ready
INFO 2025-10-08 16:55:44,628 agent 28736 40784 Generating AI recommendations for 5 reviews
INFO 2025-10-08 16:55:46,345 agent 28736 40784 AI recommendations generated successfully
INFO 2025-10-08 16:55:46,345 orchestrator 28736 40784 [STAGE 2] Business recommendations generated successfully
INFO 2025-10-08 16:55:46,346 orchestrator 28736 40784 [STAGE 2] Generating executive summary for 5 reviews
INFO 2025-10-08 16:55:46,346 orchestrator 28736 40784 [STAGE 2] All analytics agents ready
INFO 2025-10-08 16:55:46,346 agent 28736 40784 Starting AI-powered summarization for 5 reviews
INFO 2025-10-08 16:55:46,348 agent 28736 40784 Gemini model initialized successfully for summarization
INFO 2025-10-08 16:55:48,745 agent 28736 40784 AI summarization completed successfully for 5 reviews
INFO 2025-10-08 16:55:48,745 orchestrator 28736 40784 [STAGE 2] Executive summary generated successfully
INFO 2025-10-08 16:55:49,020 views 28736 40784 AI analysis saved to database with ID: 742d3891-98a7-457f-a62b-884e7b8f29eb
INFO 2025-10-08 16:55:49,020 views 28736 40784 Complete AI analysis generated successfully
INFO 2025-10-08 16:55:49,556 basehttp 28736 40784 "POST /api/v1/ai-analysis/ HTTP/1.1" 200 3746
INFO 2025-10-08 16:56:08,186 basehttp 28736 40784 "GET /dashboard/ HTTP/1.1" 200 43158
INFO 2025-10-08 16:56:17,820 basehttp 28736 40784 "GET /auth/profile/ HTTP/1.1" 200 33987
INFO 2025-10-08 16:56:58,405 basehttp 28736 40784 "GET /dashboard/ HTTP/1.1" 200 43158
INFO 2025-10-08 16:57:11,168 basehttp 28736 40784 "GET /auth/logout/ HTTP/1.1" 302 0
INFO 2025-10-08 16:57:11,173 basehttp 28736 40784 "GET /auth/login/ HTTP/1.1" 200 9418
INFO 2025-10-08 17:00:09,516 basehttp 28736 17012 "GET /auth/login/ HTTP/1.1" 200 10036
INFO 2025-10-08 17:01:20,367 basehttp 28736 17012 "GET /auth/login/ HTTP/1.1" 200 10831
INFO 2025-10-08 17:01:25,095 basehttp 28736 17012 "GET /auth/login/ HTTP/1.1" 200 10831
INFO 2025-10-08 17:01:26,961 basehttp 28736 17012 "GET /auth/login/ HTTP/1.1" 200 10831
INFO 2025-10-08 17:01:27,592 basehttp 28736 17012 "GET /auth/login/ HTTP/1.1" 200 10831
INFO 2025-10-08 17:01:28,032 basehttp 28736 17012 "GET /auth/login/ HTTP/1.1" 200 10831
INFO 2025-10-08 17:01:57,562 basehttp 28736 17012 "GET /auth/login/ HTTP/1.1" 200 10941
INFO 2025-10-08 17:02:13,517 basehttp 28736 17012 "GET /auth/login/ HTTP/1.1" 200 10036
INFO 2025-10-08 17:03:30,598 basehttp 28736 17012 "GET /auth/login/ HTTP/1.1" 200 11127
INFO 2025-10-08 17:03:39,226 basehttp 28736 17012 "GET /auth/login/ HTTP/1.1" 200 11113
INFO 2025-10-08 17:03:56,686 basehttp 28736 17012 "GET /auth/login/ HTTP/1.1" 200 11566
INFO 2025-10-08 17:04:01,305 basehttp 28736 17012 "GET /auth/login/ HTTP/1.1" 200 11566
INFO 2025-10-08 17:04:24,746 basehttp 28736 17012 "POST /auth/login/ HTTP/1.1" 302 0
INFO 2025-10-08 17:04:28,620 basehttp 28736 17012 "GET /dashboard/ HTTP/1.1" 200 44367
INFO 2025-10-08 17:04:38,736 basehttp 28736 17012 "GET /dashboard/reviews/ HTTP/1.1" 200 170254
INFO 2025-10-08 17:04:53,727 basehttp 28736 17012 "GET /dashboard/analytics/ HTTP/1.1" 200 113025
INFO 2025-10-08 17:04:54,156 views 28736 17012 Retrieved persisted AI analysis: 742d3891-98a7-457f-a62b-884e7b8f29eb
INFO 2025-10-08 17:04:54,517 basehttp 28736 17012 "GET /api/v1/get-ai-analysis/ HTTP/1.1" 200 4597
INFO 2025-10-08 17:06:10,203 autoreload 38776 13952 Watching for file changes with StatReloader
INFO 2025-10-08 17:06:15,082 basehttp 38776 3152 "GET / HTTP/1.1" 302 0
INFO 2025-10-08 17:06:18,537 basehttp 38776 3152 "GET /dashboard/ HTTP/1.1" 200 43758
INFO 2025-10-08 17:06:18,663 basehttp 38776 25888 - Broken pipe from ('127.0.0.1', 13499)
INFO 2025-10-08 17:06:29,588 basehttp 38776 3152 "GET /dashboard/analytics/ HTTP/1.1" 200 113025
INFO 2025-10-08 17:06:30,114 views 38776 3152 Retrieved persisted AI analysis: 742d3891-98a7-457f-a62b-884e7b8f29eb
INFO 2025-10-08 17:06:30,642 basehttp 38776 3152 "GET /api/v1/get-ai-analysis/ HTTP/1.1" 200 4597
INFO 2025-10-08 17:06:45,434 views 38776 3152 [STAGE 2] Generating analytics for 45 reviews
INFO 2025-10-08 17:06:45,440 orchestrator 38776 3152 [STAGE 1] Classifier Agent initialized
INFO 2025-10-08 17:06:45,443 orchestrator 38776 3152 [STAGE 1] Scorer Agent initialized
INFO 2025-10-08 17:06:45,443 orchestrator 38776 3152 [STAGE 1 COMPLETE] Core processing agents ready
INFO 2025-10-08 17:06:45,443 orchestrator 38776 3152 [STAGE 2] Analytics agents will be initialized on-demand
INFO 2025-10-08 17:06:45,443 orchestrator 38776 3152 [STAGE 2] Generating tags analysis for 45 reviews
INFO 2025-10-08 17:06:45,444 agent 38776 3152 Gemini model initialized successfully for summarization
INFO 2025-10-08 17:06:45,446 orchestrator 38776 3152 [STAGE 2] Summarizer Agent initialized
INFO 2025-10-08 17:06:45,447 agent 38776 3152 Gemini model initialized successfully for tags generation
INFO 2025-10-08 17:06:45,447 agent 38776 3152 [OK] Tags Generator Agent initialized
INFO 2025-10-08 17:06:45,447 orchestrator 38776 3152 [STAGE 2] Tags Generator Agent initialized
INFO 2025-10-08 17:06:45,447 agent 38776 3152 Gemini model initialized successfully for recommendations generation
INFO 2025-10-08 17:06:45,448 agent 38776 3152 [OK] Recommendations Agent initialized
INFO 2025-10-08 17:06:45,448 orchestrator 38776 3152 [STAGE 2] Recommendations Agent initialized
INFO 2025-10-08 17:06:45,448 orchestrator 38776 3152 [STAGE 2] All analytics agents ready
INFO 2025-10-08 17:06:49,946 agent 38776 3152 AI tags generation completed successfully
INFO 2025-10-08 17:06:49,947 agent 38776 3152 Tags generation completed for 45 reviews
INFO 2025-10-08 17:06:49,947 orchestrator 38776 3152 [STAGE 2] Tags analysis completed successfully
INFO 2025-10-08 17:06:49,948 orchestrator 38776 3152 [STAGE 2] Generating business recommendations for 45 reviews
INFO 2025-10-08 17:06:49,948 orchestrator 38776 3152 [STAGE 2] All analytics agents ready
INFO 2025-10-08 17:06:49,948 agent 38776 3152 Generating AI recommendations for 45 reviews
INFO 2025-10-08 17:06:51,586 agent 38776 3152 AI recommendations generated successfully
INFO 2025-10-08 17:06:51,586 orchestrator 38776 3152 [STAGE 2] Business recommendations generated successfully
INFO 2025-10-08 17:06:51,587 orchestrator 38776 3152 [STAGE 2] Generating executive summary for 45 reviews
INFO 2025-10-08 17:06:51,587 orchestrator 38776 3152 [STAGE 2] All analytics agents ready
INFO 2025-10-08 17:06:51,587 agent 38776 3152 Starting AI-powered summarization for 45 reviews
INFO 2025-10-08 17:06:51,589 agent 38776 3152 Gemini model initialized successfully for summarization
INFO 2025-10-08 17:06:55,776 agent 38776 3152 AI summarization completed successfully for 45 reviews
INFO 2025-10-08 17:06:55,777 orchestrator 38776 3152 [STAGE 2] Executive summary generated successfully
INFO 2025-10-08 17:06:56,075 views 38776 3152 AI analysis saved to database with ID: 7183244b-cb98-4e6b-9415-c25f8d20bf21
INFO 2025-10-08 17:06:56,076 views 38776 3152 Complete AI analysis generated successfully
INFO 2025-10-08 17:06:56,437 basehttp 38776 3152 "POST /api/v1/ai-analysis/ HTTP/1.1" 200 4799
INFO 2025-10-08 17:07:10,278 basehttp 38776 3152 "GET /dashboard/ HTTP/1.1" 200 43758
INFO 2025-10-08 17:07:47,375 basehttp 38776 3152 "GET /dashboard/reviews/ HTTP/1.1" 200 170254
INFO 2025-10-08 17:07:58,357 basehttp 38776 3152 "GET /dashboard/reviews/acfee74f-862f-40e2-8a7a-672d5f5d0f8c/ HTTP/1.1" 200 21396
INFO 2025-10-08 17:11:09,118 basehttp 38776 3152 "GET /dashboard/reviews/acfee74f-862f-40e2-8a7a-672d5f5d0f8c/ HTTP/1.1" 200 21479
INFO 2025-10-08 17:11:21,396 basehttp 38776 3152 "GET /dashboard/reviews/acfee74f-862f-40e2-8a7a-672d5f5d0f8c/ HTTP/1.1" 200 21479
INFO 2025-10-08 17:11:36,853 basehttp 38776 3152 "GET /dashboard/reviews/acfee74f-862f-40e2-8a7a-672d5f5d0f8c/ HTTP/1.1" 200 21486
INFO 2025-10-08 17:11:45,154 basehttp 38776 3152 "GET /dashboard/reviews/ HTTP/1.1" 200 170254
INFO 2025-10-08 17:11:49,986 basehttp 38776 3152 "GET /dashboard/reviews/b2d9ee84-c952-49df-9a7e-4d68551d9307/ HTTP/1.1" 200 21492
INFO 2025-10-08 17:11:59,452 basehttp 38776 3152 "GET /dashboard/ HTTP/1.1" 200 43759
INFO 2025-10-08 17:45:22,611 autoreload 15844 28372 Watching for file changes with StatReloader
INFO 2025-10-08 17:45:27,507 basehttp 15844 20936 "GET / HTTP/1.1" 302 0
INFO 2025-10-08 17:45:31,261 basehttp 15844 20936 "GET /dashboard/ HTTP/1.1" 200 43759
INFO 2025-10-08 17:45:41,561 basehttp 15844 20936 "GET /dashboard/reports/generate/ HTTP/1.1" 200 29820
INFO 2025-10-08 17:45:54,728 basehttp 15844 20936 "GET /auth/users/ HTTP/1.1" 200 22277
INFO 2025-10-08 17:46:05,783 basehttp 15844 20936 "GET /auth/register/ HTTP/1.1" 200 31609
INFO 2025-10-08 17:47:45,701 basehttp 15844 20936 "GET /dashboard/ HTTP/1.1" 200 43759
INFO 2025-10-08 17:47:55,145 basehttp 15844 20936 "GET /dashboard/reviews/ HTTP/1.1" 200 170254
WARNING 2025-10-08 17:49:54,722 log 15844 20936 Not Found: /dashboard/admin
WARNING 2025-10-08 17:49:54,723 basehttp 15844 20936 "GET /dashboard/admin HTTP/1.1" 404 6223
INFO 2025-10-08 17:50:00,982 basehttp 15844 20936 "GET /admin/ HTTP/1.1" 200 10354
ERROR 2025-10-08 17:50:23,313 log 15844 20936 Internal Server Error: /admin/reviews/hotel/
Traceback (most recent call last):
  File "E:\ish\multiagent-review-sentiment-ai\.venv\Lib\site-packages\django\db\models\options.py", line 683, in get_field
    return self.fields_map[field_name]
           ~~~~~~~~~~~~~~~^^^^^^^^^^^^
KeyError: 'positive_percentage'

During handling of the above exception, another exception occurred:

Traceback (most recent call last):
  File "E:\ish\multiagent-review-sentiment-ai\.venv\Lib\site-packages\django\contrib\admin\utils.py", line 290, in lookup_field
    f = _get_non_gfk_field(opts, name)
  File "E:\ish\multiagent-review-sentiment-ai\.venv\Lib\site-packages\django\contrib\admin\utils.py", line 330, in _get_non_gfk_field
    field = opts.get_field(name)
  File "E:\ish\multiagent-review-sentiment-ai\.venv\Lib\site-packages\django\db\models\options.py", line 685, in get_field
    raise FieldDoesNotExist(
        "%s has no field named '%s'" % (self.object_name, field_name)
    )
django.core.exceptions.FieldDoesNotExist: Hotel has no field named 'positive_percentage'

During handling of the above exception, another exception occurred:

Traceback (most recent call last):
  File "E:\ish\multiagent-review-sentiment-ai\.venv\Lib\site-packages\django\core\handlers\exception.py", line 55, in inner
    response = get_response(request)
  File "E:\ish\multiagent-review-sentiment-ai\.venv\Lib\site-packages\django\core\handlers\base.py", line 220, in _get_response
    response = response.render()
  File "E:\ish\multiagent-review-sentiment-ai\.venv\Lib\site-packages\django\template\response.py", line 114, in render
    self.content = self.rendered_content
                   ^^^^^^^^^^^^^^^^^^^^^
  File "E:\ish\multiagent-review-sentiment-ai\.venv\Lib\site-packages\django\template\response.py", line 92, in rendered_content
    return template.render(context, self._request)
           ~~~~~~~~~~~~~~~^^^^^^^^^^^^^^^^^^^^^^^^
  File "E:\ish\multiagent-review-sentiment-ai\.venv\Lib\site-packages\django\template\backends\django.py", line 107, in render
    return self.template.render(context)
           ~~~~~~~~~~~~~~~~~~~~^^^^^^^^^
  File "E:\ish\multiagent-review-sentiment-ai\.venv\Lib\site-packages\django\template\base.py", line 171, in render
    return self._render(context)
           ~~~~~~~~~~~~^^^^^^^^^
  File "E:\ish\multiagent-review-sentiment-ai\.venv\Lib\site-packages\django\template\base.py", line 163, in _render
    return self.nodelist.render(context)
           ~~~~~~~~~~~~~~~~~~~~^^^^^^^^^
  File "E:\ish\multiagent-review-sentiment-ai\.venv\Lib\site-packages\django\template\base.py", line 1016, in render
    return SafeString("".join([node.render_annotated(context) for node in self]))
                               ~~~~~~~~~~~~~~~~~~~~~^^^^^^^^^
  File "E:\ish\multiagent-review-sentiment-ai\.venv\Lib\site-packages\django\template\base.py", line 977, in render_annotated
    return self.render(context)
           ~~~~~~~~~~~^^^^^^^^^
  File "E:\ish\multiagent-review-sentiment-ai\.venv\Lib\site-packages\django\template\loader_tags.py", line 159, in render
    return compiled_parent._render(context)
           ~~~~~~~~~~~~~~~~~~~~~~~^^^^^^^^^
  File "E:\ish\multiagent-review-sentiment-ai\.venv\Lib\site-packages\django\template\base.py", line 163, in _render
    return self.nodelist.render(context)
           ~~~~~~~~~~~~~~~~~~~~^^^^^^^^^
  File "E:\ish\multiagent-review-sentiment-ai\.venv\Lib\site-packages\django\template\base.py", line 1016, in render
    return SafeString("".join([node.render_annotated(context) for node in self]))
                               ~~~~~~~~~~~~~~~~~~~~~^^^^^^^^^
  File "E:\ish\multiagent-review-sentiment-ai\.venv\Lib\site-packages\django\template\base.py", line 977, in render_annotated
    return self.render(context)
           ~~~~~~~~~~~^^^^^^^^^
  File "E:\ish\multiagent-review-sentiment-ai\.venv\Lib\site-packages\django\template\loader_tags.py", line 159, in render
    return compiled_parent._render(context)
           ~~~~~~~~~~~~~~~~~~~~~~~^^^^^^^^^
  File "E:\ish\multiagent-review-sentiment-ai\.venv\Lib\site-packages\django\template\base.py", line 163, in _render
    return self.nodelist.render(context)
           ~~~~~~~~~~~~~~~~~~~~^^^^^^^^^
  File "E:\ish\multiagent-review-sentiment-ai\.venv\Lib\site-packages\django\template\base.py", line 1016, in render
    return SafeString("".join([node.render_annotated(context) for node in self]))
                               ~~~~~~~~~~~~~~~~~~~~~^^^^^^^^^
  File "E:\ish\multiagent-review-sentiment-ai\.venv\Lib\site-packages\django\template\base.py", line 977, in render_annotated
    return self.render(context)
           ~~~~~~~~~~~^^^^^^^^^
  File "E:\ish\multiagent-review-sentiment-ai\.venv\Lib\site-packages\django\template\loader_tags.py", line 65, in render
    result = block.nodelist.render(context)
  File "E:\ish\multiagent-review-sentiment-ai\.venv\Lib\site-packages\django\template\base.py", line 1016, in render
    return SafeString("".join([node.render_annotated(context) for node in self]))
                               ~~~~~~~~~~~~~~~~~~~~~^^^^^^^^^
  File "E:\ish\multiagent-review-sentiment-ai\.venv\Lib\site-packages\django\template\base.py", line 977, in render_annotated
    return self.render(context)
           ~~~~~~~~~~~^^^^^^^^^
  File "E:\ish\multiagent-review-sentiment-ai\.venv\Lib\site-packages\django\template\loader_tags.py", line 65, in render
    result = block.nodelist.render(context)
  File "E:\ish\multiagent-review-sentiment-ai\.venv\Lib\site-packages\django\template\base.py", line 1016, in render
    return SafeString("".join([node.render_annotated(context) for node in self]))
                               ~~~~~~~~~~~~~~~~~~~~~^^^^^^^^^
  File "E:\ish\multiagent-review-sentiment-ai\.venv\Lib\site-packages\django\template\base.py", line 977, in render_annotated
    return self.render(context)
           ~~~~~~~~~~~^^^^^^^^^
  File "E:\ish\multiagent-review-sentiment-ai\.venv\Lib\site-packages\django\contrib\admin\templatetags\base.py", line 45, in render
    return super().render(context)
           ~~~~~~~~~~~~~~^^^^^^^^^
  File "E:\ish\multiagent-review-sentiment-ai\.venv\Lib\site-packages\django\template\library.py", line 359, in render
    _dict = self.func(*resolved_args, **resolved_kwargs)
  File "E:\ish\multiagent-review-sentiment-ai\.venv\Lib\site-packages\django\contrib\admin\templatetags\admin_list.py", line 354, in result_list
    "results": list(results(cl)),
               ~~~~^^^^^^^^^^^^^
  File "E:\ish\multiagent-review-sentiment-ai\.venv\Lib\site-packages\django\contrib\admin\templatetags\admin_list.py", line 330, in results
    yield ResultList(None, items_for_result(cl, res, None))
          ~~~~~~~~~~^^^^^^^^^^^^^^^^^^^^^^^^^^^^^^^^^^^^^^^
  File "E:\ish\multiagent-review-sentiment-ai\.venv\Lib\site-packages\django\contrib\admin\templatetags\admin_list.py", line 321, in __init__
    super().__init__(*items)
    ~~~~~~~~~~~~~~~~^^^^^^^^
  File "E:\ish\multiagent-review-sentiment-ai\.venv\Lib\site-packages\django\contrib\admin\templatetags\admin_list.py", line 219, in items_for_result
    f, attr, value = lookup_field(field_name, result, cl.model_admin)
                     ~~~~~~~~~~~~^^^^^^^^^^^^^^^^^^^^^^^^^^^^^^^^^^^^
  File "E:\ish\multiagent-review-sentiment-ai\.venv\Lib\site-packages\django\contrib\admin\utils.py", line 299, in lookup_field
    value = attr(obj)
  File "E:\ish\multiagent-review-sentiment-ai\apps\reviews\admin.py", line 57, in positive_percentage
    return format_html(
        '<span style="color: {};">{:.1f}%</span>',
        color, percentage
    )
  File "E:\ish\multiagent-review-sentiment-ai\.venv\Lib\site-packages\django\utils\html.py", line 145, in format_html
    return mark_safe(format_string.format(*args_safe, **kwargs_safe))
                     ~~~~~~~~~~~~~~~~~~~~^^^^^^^^^^^^^^^^^^^^^^^^^^^
ValueError: Unknown format code 'f' for object of type 'SafeString'
ERROR 2025-10-08 17:50:23,325 basehttp 15844 20936 "GET /admin/reviews/hotel/ HTTP/1.1" 500 388662
INFO 2025-10-08 17:50:27,745 basehttp 15844 20936 "GET /admin/ HTTP/1.1" 200 10354
INFO 2025-10-08 17:51:33,042 autoreload 35056 32020 Watching for file changes with StatReloader
INFO 2025-10-08 17:51:38,518 basehttp 35056 32932 "GET / HTTP/1.1" 302 0
INFO 2025-10-08 17:51:42,819 basehttp 35056 32932 "GET /dashboard/ HTTP/1.1" 200 43774
INFO 2025-10-08 17:54:06,517 basehttp 35056 32932 "GET /dashboard/upload/ HTTP/1.1" 200 61867
INFO 2025-10-08 17:54:21,779 basehttp 35056 32932 "POST /dashboard/upload/ HTTP/1.1" 200 145
INFO 2025-10-08 17:54:27,216 basehttp 35056 32932 "GET /dashboard/ HTTP/1.1" 200 43791
INFO 2025-10-08 17:54:52,818 basehttp 35056 32932 "GET /dashboard/reviews/ HTTP/1.1" 200 168338
INFO 2025-10-08 17:55:14,757 basehttp 35056 32932 "GET /dashboard/ HTTP/1.1" 200 43802
INFO 2025-10-08 17:55:28,511 orchestrator 35056 32932 [STAGE 1] Classifier Agent initialized
INFO 2025-10-08 17:55:28,515 orchestrator 35056 32932 [STAGE 1] Scorer Agent initialized
INFO 2025-10-08 17:55:28,515 orchestrator 35056 32932 [STAGE 1 COMPLETE] Core processing agents ready
INFO 2025-10-08 17:55:28,515 orchestrator 35056 32932 [STAGE 2] Analytics agents will be initialized on-demand
INFO 2025-10-08 17:55:28,646 views 35056 32932 [STAGE 1] Using ReviewProcessingOrchestrator for core processing of 5 reviews
INFO 2025-10-08 17:55:28,980 orchestrator 35056 32932 [STAGE 1] Processing review dd901a45-ca33-4270-b324-8645ad36326d
INFO 2025-10-08 17:55:34,623 orchestrator 35056 32932 [COMPLETED] Single review workflow completed in 5.64s
INFO 2025-10-08 17:55:34,902 orchestrator 35056 32932 [STAGE 1] Processing review 67302113-23e4-4e5b-b651-35fabf5dfc43
INFO 2025-10-08 17:55:37,005 orchestrator 35056 32932 [COMPLETED] Single review workflow completed in 2.10s
INFO 2025-10-08 17:55:37,130 orchestrator 35056 32932 [STAGE 1] Processing review c87401df-d8c4-4093-9469-4282893aca03
INFO 2025-10-08 17:55:39,232 orchestrator 35056 32932 [COMPLETED] Single review workflow completed in 2.10s
INFO 2025-10-08 17:55:39,359 orchestrator 35056 32932 [STAGE 1] Processing review ce5d53d8-4c5d-4721-80ce-b2e2d0ee20c1
INFO 2025-10-08 17:55:41,811 orchestrator 35056 32932 [COMPLETED] Single review workflow completed in 2.45s
INFO 2025-10-08 17:55:41,947 orchestrator 35056 32932 [STAGE 1] Processing review 1f7ab37d-c532-423d-924c-971e00270d26
INFO 2025-10-08 17:55:43,837 orchestrator 35056 32932 [COMPLETED] Single review workflow completed in 1.89s
INFO 2025-10-08 17:55:44,684 basehttp 35056 32932 "POST /api/v1/process/ HTTP/1.1" 200 388
INFO 2025-10-08 17:55:50,616 basehttp 35056 32932 "GET /dashboard/ HTTP/1.1" 200 43769
INFO 2025-10-08 17:56:00,518 basehttp 35056 32932 "GET /dashboard/reviews/ HTTP/1.1" 200 170243
INFO 2025-10-08 17:56:33,878 basehttp 35056 32932 "GET /dashboard/analytics/ HTTP/1.1" 200 113025
INFO 2025-10-08 17:56:34,268 views 35056 32932 Retrieved persisted AI analysis: 7183244b-cb98-4e6b-9415-c25f8d20bf21
INFO 2025-10-08 17:56:34,602 basehttp 35056 32932 "GET /api/v1/get-ai-analysis/ HTTP/1.1" 200 5629
INFO 2025-10-08 17:56:49,755 views 35056 32932 [STAGE 2] Generating analytics for 50 reviews
INFO 2025-10-08 17:56:49,758 orchestrator 35056 32932 [STAGE 1] Classifier Agent initialized
INFO 2025-10-08 17:56:49,761 orchestrator 35056 32932 [STAGE 1] Scorer Agent initialized
INFO 2025-10-08 17:56:49,761 orchestrator 35056 32932 [STAGE 1 COMPLETE] Core processing agents ready
INFO 2025-10-08 17:56:49,761 orchestrator 35056 32932 [STAGE 2] Analytics agents will be initialized on-demand
INFO 2025-10-08 17:56:49,762 orchestrator 35056 32932 [STAGE 2] Generating tags analysis for 50 reviews
INFO 2025-10-08 17:56:49,762 agent 35056 32932 Gemini model initialized successfully for summarization
INFO 2025-10-08 17:56:49,765 orchestrator 35056 32932 [STAGE 2] Summarizer Agent initialized
INFO 2025-10-08 17:56:49,765 agent 35056 32932 Gemini model initialized successfully for tags generation
INFO 2025-10-08 17:56:49,766 agent 35056 32932 [OK] Tags Generator Agent initialized
INFO 2025-10-08 17:56:49,766 orchestrator 35056 32932 [STAGE 2] Tags Generator Agent initialized
INFO 2025-10-08 17:56:49,766 agent 35056 32932 Gemini model initialized successfully for recommendations generation
INFO 2025-10-08 17:56:49,766 agent 35056 32932 [OK] Recommendations Agent initialized
INFO 2025-10-08 17:56:49,767 orchestrator 35056 32932 [STAGE 2] Recommendations Agent initialized
INFO 2025-10-08 17:56:49,767 orchestrator 35056 32932 [STAGE 2] All analytics agents ready
INFO 2025-10-08 17:56:55,020 agent 35056 32932 AI tags generation completed successfully
INFO 2025-10-08 17:56:55,020 agent 35056 32932 Tags generation completed for 50 reviews
INFO 2025-10-08 17:56:55,021 orchestrator 35056 32932 [STAGE 2] Tags analysis completed successfully
INFO 2025-10-08 17:56:55,021 orchestrator 35056 32932 [STAGE 2] Generating business recommendations for 50 reviews
INFO 2025-10-08 17:56:55,021 orchestrator 35056 32932 [STAGE 2] All analytics agents ready
INFO 2025-10-08 17:56:55,022 agent 35056 32932 Generating AI recommendations for 50 reviews
INFO 2025-10-08 17:56:57,250 agent 35056 32932 AI recommendations generated successfully
INFO 2025-10-08 17:56:57,251 orchestrator 35056 32932 [STAGE 2] Business recommendations generated successfully
INFO 2025-10-08 17:56:57,251 orchestrator 35056 32932 [STAGE 2] Generating executive summary for 50 reviews
INFO 2025-10-08 17:56:57,252 orchestrator 35056 32932 [STAGE 2] All analytics agents ready
INFO 2025-10-08 17:56:57,252 agent 35056 32932 Starting AI-powered summarization for 50 reviews
INFO 2025-10-08 17:56:57,253 agent 35056 32932 Gemini model initialized successfully for summarization
INFO 2025-10-08 17:56:59,772 agent 35056 32932 AI summarization completed successfully for 50 reviews
INFO 2025-10-08 17:56:59,772 orchestrator 35056 32932 [STAGE 2] Executive summary generated successfully
INFO 2025-10-08 17:57:00,018 views 35056 32932 AI analysis saved to database with ID: 12168fb7-5d5b-425f-bac3-653eafabbacd
INFO 2025-10-08 17:57:00,019 views 35056 32932 Complete AI analysis generated successfully
INFO 2025-10-08 17:57:00,366 basehttp 35056 32932 "POST /api/v1/ai-analysis/ HTTP/1.1" 200 4298
INFO 2025-10-08 17:59:06,233 basehttp 35056 32932 "GET /dashboard/reviews/ HTTP/1.1" 200 170243
INFO 2025-10-08 17:59:20,340 basehttp 35056 32932 "GET /dashboard/analytics/ HTTP/1.1" 200 113025
INFO 2025-10-08 17:59:20,755 views 35056 32932 Retrieved persisted AI analysis: 12168fb7-5d5b-425f-bac3-653eafabbacd
INFO 2025-10-08 17:59:21,140 basehttp 35056 32932 "GET /api/v1/get-ai-analysis/ HTTP/1.1" 200 5445
INFO 2025-10-08 17:59:37,673 basehttp 35056 32932 "GET /auth/profile/ HTTP/1.1" 200 33489
INFO 2025-10-08 17:59:56,971 basehttp 35056 32932 "GET /auth/users/ HTTP/1.1" 200 22277
INFO 2025-10-08 18:00:14,167 basehttp 35056 32932 "GET /auth/register/ HTTP/1.1" 200 31609
INFO 2025-10-08 18:00:40,152 basehttp 35056 32932 "GET /auth/users/ HTTP/1.1" 200 22277
INFO 2025-10-08 18:00:48,746 basehttp 35056 32932 "GET /auth/logout/ HTTP/1.1" 302 0
INFO 2025-10-08 18:00:48,779 basehttp 35056 32932 "GET /auth/login/ HTTP/1.1" 200 11905
INFO 2025-10-08 18:01:03,531 basehttp 35056 32932 "POST /auth/login/ HTTP/1.1" 200 11888
INFO 2025-10-08 18:01:19,875 basehttp 35056 32932 "POST /auth/login/ HTTP/1.1" 200 11888
INFO 2025-10-08 18:01:32,265 basehttp 35056 32932 "POST /auth/login/ HTTP/1.1" 302 0
INFO 2025-10-08 18:01:35,934 basehttp 35056 32932 "GET /dashboard/ HTTP/1.1" 200 44381
INFO 2025-10-08 18:01:40,342 basehttp 35056 32932 "GET /auth/users/ HTTP/1.1" 200 22277
INFO 2025-10-08 18:01:51,926 basehttp 35056 32932 "GET /dashboard/upload/ HTTP/1.1" 200 61871
INFO 2025-10-08 18:02:03,801 basehttp 35056 32932 "GET /dashboard/ HTTP/1.1" 200 43772
INFO 2025-10-08 18:02:11,001 basehttp 35056 32932 "GET /dashboard/analytics/ HTTP/1.1" 200 113025
INFO 2025-10-08 18:02:11,398 views 35056 32932 Retrieved persisted AI analysis: 12168fb7-5d5b-425f-bac3-653eafabbacd
INFO 2025-10-08 18:02:11,881 basehttp 35056 32932 "GET /api/v1/get-ai-analysis/ HTTP/1.1" 200 5445
INFO 2025-10-08 18:02:27,094 basehttp 35056 32932 "GET /dashboard/reviews/ HTTP/1.1" 200 170243
INFO 2025-10-08 18:02:33,229 basehttp 35056 32932 "GET /dashboard/ HTTP/1.1" 200 43773
INFO 2025-10-08 18:03:10,120 basehttp 35056 32932 "GET /dashboard/reviews/ HTTP/1.1" 200 170243
INFO 2025-10-08 18:03:15,321 basehttp 35056 32932 "GET /auth/profile/ HTTP/1.1" 200 33489
INFO 2025-10-08 18:04:01,207 basehttp 35056 32932 "GET /dashboard/reports/generate/ HTTP/1.1" 200 29820
INFO 2025-10-08 18:04:09,653 basehttp 35056 32932 "GET /dashboard/ HTTP/1.1" 200 43774
INFO 2025-10-08 18:05:17,400 basehttp 35056 32932 "GET /dashboard/reviews/ HTTP/1.1" 200 170243
INFO 2025-10-08 18:05:22,498 basehttp 35056 32932 "GET /dashboard/reviews/dd901a45-ca33-4270-b324-8645ad36326d/ HTTP/1.1" 200 21445
INFO 2025-10-08 18:05:38,459 basehttp 35056 32932 "GET /dashboard/ HTTP/1.1" 200 43775
INFO 2025-10-08 18:05:51,292 basehttp 35056 32932 "GET /dashboard/reviews/ HTTP/1.1" 200 170243
INFO 2025-10-08 18:06:59,074 basehttp 35056 32932 "GET /dashboard/analytics/ HTTP/1.1" 200 113025
INFO 2025-10-08 18:06:59,463 views 35056 32932 Retrieved persisted AI analysis: 12168fb7-5d5b-425f-bac3-653eafabbacd
INFO 2025-10-08 18:06:59,814 basehttp 35056 32932 "GET /api/v1/get-ai-analysis/ HTTP/1.1" 200 5445
INFO 2025-10-08 19:46:00,632 autoreload 9948 37484 Watching for file changes with StatReloader
INFO 2025-10-08 19:46:05,942 basehttp 9948 6664 "GET / HTTP/1.1" 302 0
INFO 2025-10-08 19:46:09,632 basehttp 9948 6664 "GET /dashboard/ HTTP/1.1" 200 43788
INFO 2025-10-08 19:46:09,680 basehttp 9948 6664 "GET /static/css/dashboard.css?v=20250922 HTTP/1.1" 304 0
INFO 2025-10-08 19:46:21,097 basehttp 9948 5904 "GET / HTTP/1.1" 302 0
INFO 2025-10-08 19:46:25,405 basehttp 9948 5904 "GET /dashboard/ HTTP/1.1" 200 43788
INFO 2025-10-08 19:46:32,854 basehttp 9948 5904 "GET /dashboard/reviews/ HTTP/1.1" 200 170243
INFO 2025-10-08 20:27:54,642 autoreload 28408 42276 Watching for file changes with StatReloader
INFO 2025-10-08 20:28:02,552 basehttp 28408 33184 "GET / HTTP/1.1" 302 0
INFO 2025-10-08 20:28:07,178 basehttp 28408 33184 "GET /dashboard/ HTTP/1.1" 200 43789
INFO 2025-10-08 20:43:04,777 autoreload 17800 17744 Watching for file changes with StatReloader
INFO 2025-10-08 20:43:11,678 basehttp 17800 20216 "GET / HTTP/1.1" 302 0
INFO 2025-10-08 20:43:11,690 basehttp 17800 20216 "GET /auth/login/?next=/ HTTP/1.1" 200 11566
WARNING 2025-10-08 20:43:12,100 log 17800 20216 Not Found: /favicon.ico
WARNING 2025-10-08 20:43:12,100 basehttp 17800 20216 "GET /favicon.ico HTTP/1.1" 404 3317
INFO 2025-10-08 20:43:30,677 basehttp 17800 20216 "POST /auth/login/?next=/ HTTP/1.1" 302 0
INFO 2025-10-08 20:43:32,268 basehttp 17800 20216 "GET / HTTP/1.1" 302 0
INFO 2025-10-08 20:43:39,367 basehttp 17800 20216 "GET /dashboard/ HTTP/1.1" 200 44398
INFO 2025-10-08 20:43:39,392 basehttp 17800 20216 "GET /static/css/dashboard.css?v=20250922 HTTP/1.1" 304 0
INFO 2025-10-08 20:43:51,128 basehttp 17800 20216 "GET /dashboard/ HTTP/1.1" 200 43789
INFO 2025-10-08 20:43:58,868 basehttp 17800 24708 "GET /dashboard/ HTTP/1.1" 302 0
INFO 2025-10-08 20:43:58,870 basehttp 17800 24708 "GET /auth/login/?next=/dashboard/ HTTP/1.1" 200 11566
INFO 2025-10-08 20:44:08,887 basehttp 17800 24708 "POST /auth/login/?next=/dashboard/ HTTP/1.1" 302 0
INFO 2025-10-08 20:44:12,772 basehttp 17800 24708 "GET /dashboard/ HTTP/1.1" 200 44398
INFO 2025-10-08 20:44:12,907 basehttp 17800 24708 "GET /static/css/dashboard.css?v=20250922 HTTP/1.1" 200 43036
INFO 2025-10-08 20:44:12,928 basehttp 17800 12948 "GET /static/js/enhanced-dashboard.js?v=2.1 HTTP/1.1" 200 12660
INFO 2025-10-08 20:44:24,103 basehttp 17800 12948 "GET /dashboard/reviews/ HTTP/1.1" 200 170243
INFO 2025-10-08 20:44:35,154 basehttp 17800 25344 "GET /dashboard/ HTTP/1.1" 302 0
INFO 2025-10-08 20:44:35,158 basehttp 17800 25344 "GET /auth/login/?next=/dashboard/ HTTP/1.1" 200 11566
WARNING 2025-10-08 20:44:35,947 log 17800 25344 Not Found: /favicon.ico
WARNING 2025-10-08 20:44:35,948 basehttp 17800 25344 "GET /favicon.ico HTTP/1.1" 404 3317
INFO 2025-10-08 20:44:45,767 basehttp 17800 25344 "POST /auth/login/?next=/dashboard/ HTTP/1.1" 302 0
INFO 2025-10-08 20:44:49,587 basehttp 17800 25344 "GET /dashboard/ HTTP/1.1" 200 44398
INFO 2025-10-08 20:44:49,604 basehttp 17800 25344 "GET /static/css/dashboard.css?v=20250922 HTTP/1.1" 200 43036
INFO 2025-10-08 20:44:49,604 basehttp 17800 10972 "GET /static/js/enhanced-dashboard.js?v=2.1 HTTP/1.1" 200 12660
INFO 2025-10-08 20:47:11,301 basehttp 17800 25344 "GET /dashboard/ HTTP/1.1" 200 43789
INFO 2025-10-08 20:47:38,363 basehttp 17800 23192 "GET /dashboard/ HTTP/1.1" 302 0
INFO 2025-10-08 20:47:38,366 basehttp 17800 23192 "GET /auth/login/?next=/dashboard/ HTTP/1.1" 200 11566
WARNING 2025-10-08 20:47:38,432 log 17800 23192 Not Found: /favicon.ico
WARNING 2025-10-08 20:47:38,433 basehttp 17800 23192 "GET /favicon.ico HTTP/1.1" 404 3317
INFO 2025-10-08 20:47:46,526 basehttp 17800 23192 "POST /auth/login/?next=/dashboard/ HTTP/1.1" 302 0
INFO 2025-10-08 20:47:50,766 basehttp 17800 23192 "GET /dashboard/ HTTP/1.1" 200 44398
INFO 2025-10-08 20:48:05,045 basehttp 17800 25344 "GET /dashboard/ HTTP/1.1" 200 43789
INFO 2025-10-08 20:48:36,028 basehttp 17800 25344 "GET /dashboard/ HTTP/1.1" 200 43789
INFO 2025-10-08 20:49:01,266 basehttp 17800 25344 "GET /dashboard/ HTTP/1.1" 200 43789
INFO 2025-10-08 20:49:46,100 basehttp 17800 25344 "GET /dashboard/reviews/ HTTP/1.1" 200 170243
INFO 2025-10-08 20:50:17,078 basehttp 17800 25344 "GET /dashboard/reports/generate/ HTTP/1.1" 200 29820
INFO 2025-10-08 20:50:22,306 basehttp 17800 25344 "GET /dashboard/upload/ HTTP/1.1" 200 61873
INFO 2025-10-08 20:50:45,149 basehttp 17800 25344 "GET /dashboard/upload/ HTTP/1.1" 200 61873
INFO 2025-10-08 20:51:16,609 basehttp 17800 25344 "GET /dashboard/upload/ HTTP/1.1" 200 61885
INFO 2025-10-08 20:51:16,620 basehttp 17800 25344 "GET /static/css/dashboard.css?v=20251008 HTTP/1.1" 200 43572
INFO 2025-10-08 20:51:26,826 basehttp 17800 25344 "GET /dashboard/ HTTP/1.1" 200 43786
INFO 2025-10-08 20:51:26,838 basehttp 17800 25344 "GET /static/css/dashboard.css?v=20251008 HTTP/1.1" 304 0
INFO 2025-10-08 20:51:47,764 basehttp 17800 25344 "GET /dashboard/ HTTP/1.1" 200 43786
INFO 2025-10-08 20:51:47,773 basehttp 17800 25344 "GET /static/css/dashboard.css?v=20251008 HTTP/1.1" 200 43598
INFO 2025-10-08 20:52:04,945 basehttp 17800 25344 "GET /dashboard/reviews/ HTTP/1.1" 200 170243
INFO 2025-10-08 20:52:04,955 basehttp 17800 25344 "GET /static/css/dashboard.css?v=20251008 HTTP/1.1" 304 0
INFO 2025-10-08 20:52:31,023 basehttp 17800 25344 "GET /dashboard/reviews/ HTTP/1.1" 200 170243
INFO 2025-10-08 20:52:55,806 basehttp 17800 25344 "GET /dashboard/reviews/ HTTP/1.1" 200 170243
INFO 2025-10-08 20:52:55,817 basehttp 17800 25344 "GET /static/css/dashboard.css?v=20251008 HTTP/1.1" 200 43036
INFO 2025-10-08 20:53:13,665 basehttp 17800 25344 "GET /dashboard/reviews/ HTTP/1.1" 200 170232
INFO 2025-10-08 20:53:13,678 basehttp 17800 25344 "GET /static/css/dashboard.css HTTP/1.1" 200 43036
INFO 2025-10-08 20:53:19,875 basehttp 17800 25380 "GET /dashboard/reviews/ HTTP/1.1" 302 0
INFO 2025-10-08 20:53:19,878 basehttp 17800 25380 "GET /auth/login/?next=/dashboard/reviews/ HTTP/1.1" 200 11566
INFO 2025-10-08 20:53:27,482 basehttp 17800 25380 "POST /auth/login/?next=/dashboard/reviews/ HTTP/1.1" 200 11888
INFO 2025-10-08 20:53:35,728 basehttp 17800 25380 "POST /auth/login/?next=/dashboard/reviews/ HTTP/1.1" 302 0
INFO 2025-10-08 20:53:41,773 basehttp 17800 25380 "GET /dashboard/reviews/ HTTP/1.1" 200 170841
INFO 2025-10-08 20:53:41,784 basehttp 17800 1896 "GET /static/css/dashboard.css HTTP/1.1" 200 43036
INFO 2025-10-08 20:53:41,790 basehttp 17800 1896 "GET /static/js/enhanced-dashboard.js?v=2.1 HTTP/1.1" 200 12660
INFO 2025-10-08 20:54:47,762 basehttp 17800 25344 "GET /dashboard/ HTTP/1.1" 200 43760
INFO 2025-10-08 20:54:47,775 basehttp 17800 25344 "GET /static/css/dashboard.css HTTP/1.1" 304 0
INFO 2025-10-08 20:56:12,049 basehttp 17800 25344 "GET /dashboard/ HTTP/1.1" 200 43783
INFO 2025-10-08 20:56:27,009 basehttp 17800 25344 "GET /dashboard/ HTTP/1.1" 200 43784
INFO 2025-10-08 20:58:58,948 basehttp 17800 17760 "GET /dashboard/ HTTP/1.1" 302 0
INFO 2025-10-08 20:58:58,970 basehttp 17800 17760 "GET /auth/login/?next=/dashboard/ HTTP/1.1" 200 11566
WARNING 2025-10-08 20:59:02,000 log 17800 17760 Not Found: /favicon.ico
WARNING 2025-10-08 20:59:02,001 basehttp 17800 17760 "GET /favicon.ico HTTP/1.1" 404 3317
INFO 2025-10-08 20:59:11,754 basehttp 17800 17760 "POST /auth/login/?next=/dashboard/ HTTP/1.1" 302 0
INFO 2025-10-08 20:59:16,329 basehttp 17800 17760 "GET /dashboard/ HTTP/1.1" 200 44394
INFO 2025-10-08 20:59:16,345 basehttp 17800 17760 "GET /static/css/dashboard.css?v=20250922 HTTP/1.1" 200 46743
INFO 2025-10-08 20:59:16,368 basehttp 17800 18308 "GET /static/js/enhanced-dashboard.js?v=2.1 HTTP/1.1" 200 12660
INFO 2025-10-08 20:59:43,457 basehttp 17800 25344 "GET /dashboard/ HTTP/1.1" 200 43785
INFO 2025-10-08 21:00:16,686 basehttp 17800 25344 "GET /dashboard/ HTTP/1.1" 200 43786
INFO 2025-10-08 21:00:26,428 basehttp 17800 18308 "GET /dashboard/ HTTP/1.1" 200 43786
INFO 2025-10-08 21:00:26,437 basehttp 17800 18308 "GET /static/css/dashboard.css?v=20250922 HTTP/1.1" 200 52895
INFO 2025-10-08 21:00:36,155 basehttp 17800 3856 "GET /dashboard/ HTTP/1.1" 302 0
INFO 2025-10-08 21:00:36,161 basehttp 17800 3856 "GET /auth/login/?next=/dashboard/ HTTP/1.1" 200 11566
INFO 2025-10-08 21:00:46,624 basehttp 17800 3856 "POST /auth/login/?next=/dashboard/ HTTP/1.1" 302 0
INFO 2025-10-08 21:00:51,835 basehttp 17800 3856 "GET /dashboard/ HTTP/1.1" 200 46235
INFO 2025-10-08 21:00:51,851 basehttp 17800 17224 "GET /static/js/enhanced-dashboard.js?v=2.1 HTTP/1.1" 200 12660
INFO 2025-10-08 21:00:51,852 basehttp 17800 3856 "GET /static/css/dashboard.css?v=20250922 HTTP/1.1" 200 54922
ERROR 2025-10-08 21:02:08,477 log 17800 7668 Internal Server Error: /dashboard/
Traceback (most recent call last):
  File "E:\ish\multiagent-review-sentiment-ai\.venv\Lib\site-packages\django\contrib\sessions\backends\base.py", line 244, in _get_session
    return self._session_cache
           ^^^^^^^^^^^^^^^^^^^
AttributeError: 'SessionStore' object has no attribute '_session_cache'

During handling of the above exception, another exception occurred:

Traceback (most recent call last):
  File "E:\ish\multiagent-review-sentiment-ai\.venv\Lib\site-packages\django\db\backends\base\base.py", line 279, in ensure_connection
    self.connect()
    ~~~~~~~~~~~~^^
  File "E:\ish\multiagent-review-sentiment-ai\.venv\Lib\site-packages\django\utils\asyncio.py", line 26, in inner
    return func(*args, **kwargs)
  File "E:\ish\multiagent-review-sentiment-ai\.venv\Lib\site-packages\django\db\backends\base\base.py", line 256, in connect
    self.connection = self.get_new_connection(conn_params)
                      ~~~~~~~~~~~~~~~~~~~~~~~^^^^^^^^^^^^^
  File "E:\ish\multiagent-review-sentiment-ai\.venv\Lib\site-packages\django\utils\asyncio.py", line 26, in inner
    return func(*args, **kwargs)
  File "E:\ish\multiagent-review-sentiment-ai\.venv\Lib\site-packages\django\db\backends\postgresql\base.py", line 332, in get_new_connection
    connection = self.Database.connect(**conn_params)
  File "E:\ish\multiagent-review-sentiment-ai\.venv\Lib\site-packages\psycopg2\__init__.py", line 135, in connect
    conn = _connect(dsn, connection_factory=connection_factory, **kwasync)
psycopg2.OperationalError: could not translate host name "aws-1-ap-southeast-1.pooler.supabase.com" to address: Name or service not known


The above exception was the direct cause of the following exception:

Traceback (most recent call last):
  File "E:\ish\multiagent-review-sentiment-ai\.venv\Lib\site-packages\django\core\handlers\exception.py", line 55, in inner
    response = get_response(request)
  File "E:\ish\multiagent-review-sentiment-ai\.venv\Lib\site-packages\django\core\handlers\base.py", line 197, in _get_response
    response = wrapped_callback(request, *callback_args, **callback_kwargs)
  File "E:\ish\multiagent-review-sentiment-ai\.venv\Lib\site-packages\django\contrib\auth\decorators.py", line 56, in _view_wrapper
    test_pass = test_func(request.user)
  File "E:\ish\multiagent-review-sentiment-ai\.venv\Lib\site-packages\django\contrib\auth\decorators.py", line 79, in <lambda>
    lambda u: u.is_authenticated,
              ^^^^^^^^^^^^^^^^^^
  File "E:\ish\multiagent-review-sentiment-ai\.venv\Lib\site-packages\django\utils\functional.py", line 251, in inner
    self._setup()
    ~~~~~~~~~~~^^
  File "E:\ish\multiagent-review-sentiment-ai\.venv\Lib\site-packages\django\utils\functional.py", line 404, in _setup
    self._wrapped = self._setupfunc()
                    ~~~~~~~~~~~~~~~^^
  File "E:\ish\multiagent-review-sentiment-ai\.venv\Lib\site-packages\django\contrib\auth\middleware.py", line 40, in <lambda>
    request.user = SimpleLazyObject(lambda: get_user(request))
                                            ~~~~~~~~^^^^^^^^^
  File "E:\ish\multiagent-review-sentiment-ai\.venv\Lib\site-packages\django\contrib\auth\middleware.py", line 20, in get_user
    request._cached_user = auth.get_user(request)
                           ~~~~~~~~~~~~~^^^^^^^^^
  File "E:\ish\multiagent-review-sentiment-ai\.venv\Lib\site-packages\django\contrib\auth\__init__.py", line 304, in get_user
    user_id = _get_user_session_key(request)
  File "E:\ish\multiagent-review-sentiment-ai\.venv\Lib\site-packages\django\contrib\auth\__init__.py", line 95, in _get_user_session_key
    return get_user_model()._meta.pk.to_python(request.session[SESSION_KEY])
                                               ~~~~~~~~~~~~~~~^^^^^^^^^^^^^
  File "E:\ish\multiagent-review-sentiment-ai\.venv\Lib\site-packages\django\contrib\sessions\backends\base.py", line 55, in __getitem__
    return self._session[key]
           ^^^^^^^^^^^^^
  File "E:\ish\multiagent-review-sentiment-ai\.venv\Lib\site-packages\django\contrib\sessions\backends\base.py", line 249, in _get_session
    self._session_cache = self.load()
                          ~~~~~~~~~^^
  File "E:\ish\multiagent-review-sentiment-ai\.venv\Lib\site-packages\django\contrib\sessions\backends\db.py", line 55, in load
    s = self._get_session_from_db()
  File "E:\ish\multiagent-review-sentiment-ai\.venv\Lib\site-packages\django\contrib\sessions\backends\db.py", line 34, in _get_session_from_db
    return self.model.objects.get(
           ~~~~~~~~~~~~~~~~~~~~~~^
        session_key=self.session_key, expire_date__gt=timezone.now()
        ^^^^^^^^^^^^^^^^^^^^^^^^^^^^^^^^^^^^^^^^^^^^^^^^^^^^^^^^^^^^
    )
    ^
  File "E:\ish\multiagent-review-sentiment-ai\.venv\Lib\site-packages\django\db\models\manager.py", line 87, in manager_method
    return getattr(self.get_queryset(), name)(*args, **kwargs)
           ~~~~~~~~~~~~~~~~~~~~~~~~~~~~~~~~~~^^^^^^^^^^^^^^^^^
  File "E:\ish\multiagent-review-sentiment-ai\.venv\Lib\site-packages\django\db\models\query.py", line 629, in get
    num = len(clone)
  File "E:\ish\multiagent-review-sentiment-ai\.venv\Lib\site-packages\django\db\models\query.py", line 366, in __len__
    self._fetch_all()
    ~~~~~~~~~~~~~~~^^
  File "E:\ish\multiagent-review-sentiment-ai\.venv\Lib\site-packages\django\db\models\query.py", line 1949, in _fetch_all
    self._result_cache = list(self._iterable_class(self))
                         ~~~~^^^^^^^^^^^^^^^^^^^^^^^^^^^^
  File "E:\ish\multiagent-review-sentiment-ai\.venv\Lib\site-packages\django\db\models\query.py", line 91, in __iter__
    results = compiler.execute_sql(
        chunked_fetch=self.chunked_fetch, chunk_size=self.chunk_size
    )
  File "E:\ish\multiagent-review-sentiment-ai\.venv\Lib\site-packages\django\db\models\sql\compiler.py", line 1621, in execute_sql
    cursor = self.connection.cursor()
  File "E:\ish\multiagent-review-sentiment-ai\.venv\Lib\site-packages\django\utils\asyncio.py", line 26, in inner
    return func(*args, **kwargs)
  File "E:\ish\multiagent-review-sentiment-ai\.venv\Lib\site-packages\django\db\backends\base\base.py", line 320, in cursor
    return self._cursor()
           ~~~~~~~~~~~~^^
  File "E:\ish\multiagent-review-sentiment-ai\.venv\Lib\site-packages\django\db\backends\base\base.py", line 296, in _cursor
    self.ensure_connection()
    ~~~~~~~~~~~~~~~~~~~~~~^^
  File "E:\ish\multiagent-review-sentiment-ai\.venv\Lib\site-packages\django\utils\asyncio.py", line 26, in inner
    return func(*args, **kwargs)
  File "E:\ish\multiagent-review-sentiment-ai\.venv\Lib\site-packages\django\db\backends\base\base.py", line 278, in ensure_connection
    with self.wrap_database_errors:
         ^^^^^^^^^^^^^^^^^^^^^^^^^
  File "E:\ish\multiagent-review-sentiment-ai\.venv\Lib\site-packages\django\db\utils.py", line 91, in __exit__
    raise dj_exc_value.with_traceback(traceback) from exc_value
  File "E:\ish\multiagent-review-sentiment-ai\.venv\Lib\site-packages\django\db\backends\base\base.py", line 279, in ensure_connection
    self.connect()
    ~~~~~~~~~~~~^^
  File "E:\ish\multiagent-review-sentiment-ai\.venv\Lib\site-packages\django\utils\asyncio.py", line 26, in inner
    return func(*args, **kwargs)
  File "E:\ish\multiagent-review-sentiment-ai\.venv\Lib\site-packages\django\db\backends\base\base.py", line 256, in connect
    self.connection = self.get_new_connection(conn_params)
                      ~~~~~~~~~~~~~~~~~~~~~~~^^^^^^^^^^^^^
  File "E:\ish\multiagent-review-sentiment-ai\.venv\Lib\site-packages\django\utils\asyncio.py", line 26, in inner
    return func(*args, **kwargs)
  File "E:\ish\multiagent-review-sentiment-ai\.venv\Lib\site-packages\django\db\backends\postgresql\base.py", line 332, in get_new_connection
    connection = self.Database.connect(**conn_params)
  File "E:\ish\multiagent-review-sentiment-ai\.venv\Lib\site-packages\psycopg2\__init__.py", line 135, in connect
    conn = _connect(dsn, connection_factory=connection_factory, **kwasync)
django.db.utils.OperationalError: could not translate host name "aws-1-ap-southeast-1.pooler.supabase.com" to address: Name or service not known

ERROR 2025-10-08 21:02:08,580 log 17800 7668 Internal Server Error: /dashboard/
Traceback (most recent call last):
  File "E:\ish\multiagent-review-sentiment-ai\.venv\Lib\site-packages\django\contrib\sessions\backends\base.py", line 244, in _get_session
    return self._session_cache
           ^^^^^^^^^^^^^^^^^^^
AttributeError: 'SessionStore' object has no attribute '_session_cache'

During handling of the above exception, another exception occurred:

Traceback (most recent call last):
  File "E:\ish\multiagent-review-sentiment-ai\.venv\Lib\site-packages\django\db\backends\base\base.py", line 279, in ensure_connection
    self.connect()
    ~~~~~~~~~~~~^^
  File "E:\ish\multiagent-review-sentiment-ai\.venv\Lib\site-packages\django\utils\asyncio.py", line 26, in inner
    return func(*args, **kwargs)
  File "E:\ish\multiagent-review-sentiment-ai\.venv\Lib\site-packages\django\db\backends\base\base.py", line 256, in connect
    self.connection = self.get_new_connection(conn_params)
                      ~~~~~~~~~~~~~~~~~~~~~~~^^^^^^^^^^^^^
  File "E:\ish\multiagent-review-sentiment-ai\.venv\Lib\site-packages\django\utils\asyncio.py", line 26, in inner
    return func(*args, **kwargs)
  File "E:\ish\multiagent-review-sentiment-ai\.venv\Lib\site-packages\django\db\backends\postgresql\base.py", line 332, in get_new_connection
    connection = self.Database.connect(**conn_params)
  File "E:\ish\multiagent-review-sentiment-ai\.venv\Lib\site-packages\psycopg2\__init__.py", line 135, in connect
    conn = _connect(dsn, connection_factory=connection_factory, **kwasync)
psycopg2.OperationalError: could not translate host name "aws-1-ap-southeast-1.pooler.supabase.com" to address: Name or service not known


The above exception was the direct cause of the following exception:

Traceback (most recent call last):
  File "E:\ish\multiagent-review-sentiment-ai\.venv\Lib\site-packages\django\core\handlers\exception.py", line 55, in inner
    response = get_response(request)
  File "E:\ish\multiagent-review-sentiment-ai\.venv\Lib\site-packages\django\utils\deprecation.py", line 122, in __call__
    response = self.process_response(request, response)
  File "E:\ish\multiagent-review-sentiment-ai\.venv\Lib\site-packages\django\contrib\sessions\middleware.py", line 48, in process_response
    if request.session.get_expire_at_browser_close():
       ~~~~~~~~~~~~~~~~~~~~~~~~~~~~~~~~~~~~~~~~~~~^^
  File "E:\ish\multiagent-review-sentiment-ai\.venv\Lib\site-packages\django\contrib\sessions\backends\base.py", line 403, in get_expire_at_browser_close
    if (expiry := self.get("_session_expiry")) is None:
                  ~~~~~~~~^^^^^^^^^^^^^^^^^^^
  File "E:\ish\multiagent-review-sentiment-ai\.venv\Lib\site-packages\django\contrib\sessions\backends\base.py", line 74, in get
    return self._session.get(key, default)
           ^^^^^^^^^^^^^
  File "E:\ish\multiagent-review-sentiment-ai\.venv\Lib\site-packages\django\contrib\sessions\backends\base.py", line 249, in _get_session
    self._session_cache = self.load()
                          ~~~~~~~~~^^
  File "E:\ish\multiagent-review-sentiment-ai\.venv\Lib\site-packages\django\contrib\sessions\backends\db.py", line 55, in load
    s = self._get_session_from_db()
  File "E:\ish\multiagent-review-sentiment-ai\.venv\Lib\site-packages\django\contrib\sessions\backends\db.py", line 34, in _get_session_from_db
    return self.model.objects.get(
           ~~~~~~~~~~~~~~~~~~~~~~^
        session_key=self.session_key, expire_date__gt=timezone.now()
        ^^^^^^^^^^^^^^^^^^^^^^^^^^^^^^^^^^^^^^^^^^^^^^^^^^^^^^^^^^^^
    )
    ^
  File "E:\ish\multiagent-review-sentiment-ai\.venv\Lib\site-packages\django\db\models\manager.py", line 87, in manager_method
    return getattr(self.get_queryset(), name)(*args, **kwargs)
           ~~~~~~~~~~~~~~~~~~~~~~~~~~~~~~~~~~^^^^^^^^^^^^^^^^^
  File "E:\ish\multiagent-review-sentiment-ai\.venv\Lib\site-packages\django\db\models\query.py", line 629, in get
    num = len(clone)
  File "E:\ish\multiagent-review-sentiment-ai\.venv\Lib\site-packages\django\db\models\query.py", line 366, in __len__
    self._fetch_all()
    ~~~~~~~~~~~~~~~^^
  File "E:\ish\multiagent-review-sentiment-ai\.venv\Lib\site-packages\django\db\models\query.py", line 1949, in _fetch_all
    self._result_cache = list(self._iterable_class(self))
                         ~~~~^^^^^^^^^^^^^^^^^^^^^^^^^^^^
  File "E:\ish\multiagent-review-sentiment-ai\.venv\Lib\site-packages\django\db\models\query.py", line 91, in __iter__
    results = compiler.execute_sql(
        chunked_fetch=self.chunked_fetch, chunk_size=self.chunk_size
    )
  File "E:\ish\multiagent-review-sentiment-ai\.venv\Lib\site-packages\django\db\models\sql\compiler.py", line 1621, in execute_sql
    cursor = self.connection.cursor()
  File "E:\ish\multiagent-review-sentiment-ai\.venv\Lib\site-packages\django\utils\asyncio.py", line 26, in inner
    return func(*args, **kwargs)
  File "E:\ish\multiagent-review-sentiment-ai\.venv\Lib\site-packages\django\db\backends\base\base.py", line 320, in cursor
    return self._cursor()
           ~~~~~~~~~~~~^^
  File "E:\ish\multiagent-review-sentiment-ai\.venv\Lib\site-packages\django\db\backends\base\base.py", line 296, in _cursor
    self.ensure_connection()
    ~~~~~~~~~~~~~~~~~~~~~~^^
  File "E:\ish\multiagent-review-sentiment-ai\.venv\Lib\site-packages\django\utils\asyncio.py", line 26, in inner
    return func(*args, **kwargs)
  File "E:\ish\multiagent-review-sentiment-ai\.venv\Lib\site-packages\django\db\backends\base\base.py", line 278, in ensure_connection
    with self.wrap_database_errors:
         ^^^^^^^^^^^^^^^^^^^^^^^^^
  File "E:\ish\multiagent-review-sentiment-ai\.venv\Lib\site-packages\django\db\utils.py", line 91, in __exit__
    raise dj_exc_value.with_traceback(traceback) from exc_value
  File "E:\ish\multiagent-review-sentiment-ai\.venv\Lib\site-packages\django\db\backends\base\base.py", line 279, in ensure_connection
    self.connect()
    ~~~~~~~~~~~~^^
  File "E:\ish\multiagent-review-sentiment-ai\.venv\Lib\site-packages\django\utils\asyncio.py", line 26, in inner
    return func(*args, **kwargs)
  File "E:\ish\multiagent-review-sentiment-ai\.venv\Lib\site-packages\django\db\backends\base\base.py", line 256, in connect
    self.connection = self.get_new_connection(conn_params)
                      ~~~~~~~~~~~~~~~~~~~~~~~^^^^^^^^^^^^^
  File "E:\ish\multiagent-review-sentiment-ai\.venv\Lib\site-packages\django\utils\asyncio.py", line 26, in inner
    return func(*args, **kwargs)
  File "E:\ish\multiagent-review-sentiment-ai\.venv\Lib\site-packages\django\db\backends\postgresql\base.py", line 332, in get_new_connection
    connection = self.Database.connect(**conn_params)
  File "E:\ish\multiagent-review-sentiment-ai\.venv\Lib\site-packages\psycopg2\__init__.py", line 135, in connect
    conn = _connect(dsn, connection_factory=connection_factory, **kwasync)
django.db.utils.OperationalError: could not translate host name "aws-1-ap-southeast-1.pooler.supabase.com" to address: Name or service not known

ERROR 2025-10-08 21:02:08,587 basehttp 17800 7668 "GET /dashboard/ HTTP/1.1" 500 209491
ERROR 2025-10-08 21:02:21,112 log 17800 6056 Internal Server Error: /dashboard/
Traceback (most recent call last):
  File "E:\ish\multiagent-review-sentiment-ai\.venv\Lib\site-packages\django\contrib\sessions\backends\base.py", line 244, in _get_session
    return self._session_cache
           ^^^^^^^^^^^^^^^^^^^
AttributeError: 'SessionStore' object has no attribute '_session_cache'

During handling of the above exception, another exception occurred:

Traceback (most recent call last):
  File "E:\ish\multiagent-review-sentiment-ai\.venv\Lib\site-packages\django\db\backends\base\base.py", line 279, in ensure_connection
    self.connect()
    ~~~~~~~~~~~~^^
  File "E:\ish\multiagent-review-sentiment-ai\.venv\Lib\site-packages\django\utils\asyncio.py", line 26, in inner
    return func(*args, **kwargs)
  File "E:\ish\multiagent-review-sentiment-ai\.venv\Lib\site-packages\django\db\backends\base\base.py", line 256, in connect
    self.connection = self.get_new_connection(conn_params)
                      ~~~~~~~~~~~~~~~~~~~~~~~^^^^^^^^^^^^^
  File "E:\ish\multiagent-review-sentiment-ai\.venv\Lib\site-packages\django\utils\asyncio.py", line 26, in inner
    return func(*args, **kwargs)
  File "E:\ish\multiagent-review-sentiment-ai\.venv\Lib\site-packages\django\db\backends\postgresql\base.py", line 332, in get_new_connection
    connection = self.Database.connect(**conn_params)
  File "E:\ish\multiagent-review-sentiment-ai\.venv\Lib\site-packages\psycopg2\__init__.py", line 135, in connect
    conn = _connect(dsn, connection_factory=connection_factory, **kwasync)
psycopg2.OperationalError: could not translate host name "aws-1-ap-southeast-1.pooler.supabase.com" to address: Name or service not known


The above exception was the direct cause of the following exception:

Traceback (most recent call last):
  File "E:\ish\multiagent-review-sentiment-ai\.venv\Lib\site-packages\django\core\handlers\exception.py", line 55, in inner
    response = get_response(request)
  File "E:\ish\multiagent-review-sentiment-ai\.venv\Lib\site-packages\django\core\handlers\base.py", line 197, in _get_response
    response = wrapped_callback(request, *callback_args, **callback_kwargs)
  File "E:\ish\multiagent-review-sentiment-ai\.venv\Lib\site-packages\django\contrib\auth\decorators.py", line 56, in _view_wrapper
    test_pass = test_func(request.user)
  File "E:\ish\multiagent-review-sentiment-ai\.venv\Lib\site-packages\django\contrib\auth\decorators.py", line 79, in <lambda>
    lambda u: u.is_authenticated,
              ^^^^^^^^^^^^^^^^^^
  File "E:\ish\multiagent-review-sentiment-ai\.venv\Lib\site-packages\django\utils\functional.py", line 251, in inner
    self._setup()
    ~~~~~~~~~~~^^
  File "E:\ish\multiagent-review-sentiment-ai\.venv\Lib\site-packages\django\utils\functional.py", line 404, in _setup
    self._wrapped = self._setupfunc()
                    ~~~~~~~~~~~~~~~^^
  File "E:\ish\multiagent-review-sentiment-ai\.venv\Lib\site-packages\django\contrib\auth\middleware.py", line 40, in <lambda>
    request.user = SimpleLazyObject(lambda: get_user(request))
                                            ~~~~~~~~^^^^^^^^^
  File "E:\ish\multiagent-review-sentiment-ai\.venv\Lib\site-packages\django\contrib\auth\middleware.py", line 20, in get_user
    request._cached_user = auth.get_user(request)
                           ~~~~~~~~~~~~~^^^^^^^^^
  File "E:\ish\multiagent-review-sentiment-ai\.venv\Lib\site-packages\django\contrib\auth\__init__.py", line 304, in get_user
    user_id = _get_user_session_key(request)
  File "E:\ish\multiagent-review-sentiment-ai\.venv\Lib\site-packages\django\contrib\auth\__init__.py", line 95, in _get_user_session_key
    return get_user_model()._meta.pk.to_python(request.session[SESSION_KEY])
                                               ~~~~~~~~~~~~~~~^^^^^^^^^^^^^
  File "E:\ish\multiagent-review-sentiment-ai\.venv\Lib\site-packages\django\contrib\sessions\backends\base.py", line 55, in __getitem__
    return self._session[key]
           ^^^^^^^^^^^^^
  File "E:\ish\multiagent-review-sentiment-ai\.venv\Lib\site-packages\django\contrib\sessions\backends\base.py", line 249, in _get_session
    self._session_cache = self.load()
                          ~~~~~~~~~^^
  File "E:\ish\multiagent-review-sentiment-ai\.venv\Lib\site-packages\django\contrib\sessions\backends\db.py", line 55, in load
    s = self._get_session_from_db()
  File "E:\ish\multiagent-review-sentiment-ai\.venv\Lib\site-packages\django\contrib\sessions\backends\db.py", line 34, in _get_session_from_db
    return self.model.objects.get(
           ~~~~~~~~~~~~~~~~~~~~~~^
        session_key=self.session_key, expire_date__gt=timezone.now()
        ^^^^^^^^^^^^^^^^^^^^^^^^^^^^^^^^^^^^^^^^^^^^^^^^^^^^^^^^^^^^
    )
    ^
  File "E:\ish\multiagent-review-sentiment-ai\.venv\Lib\site-packages\django\db\models\manager.py", line 87, in manager_method
    return getattr(self.get_queryset(), name)(*args, **kwargs)
           ~~~~~~~~~~~~~~~~~~~~~~~~~~~~~~~~~~^^^^^^^^^^^^^^^^^
  File "E:\ish\multiagent-review-sentiment-ai\.venv\Lib\site-packages\django\db\models\query.py", line 629, in get
    num = len(clone)
  File "E:\ish\multiagent-review-sentiment-ai\.venv\Lib\site-packages\django\db\models\query.py", line 366, in __len__
    self._fetch_all()
    ~~~~~~~~~~~~~~~^^
  File "E:\ish\multiagent-review-sentiment-ai\.venv\Lib\site-packages\django\db\models\query.py", line 1949, in _fetch_all
    self._result_cache = list(self._iterable_class(self))
                         ~~~~^^^^^^^^^^^^^^^^^^^^^^^^^^^^
  File "E:\ish\multiagent-review-sentiment-ai\.venv\Lib\site-packages\django\db\models\query.py", line 91, in __iter__
    results = compiler.execute_sql(
        chunked_fetch=self.chunked_fetch, chunk_size=self.chunk_size
    )
  File "E:\ish\multiagent-review-sentiment-ai\.venv\Lib\site-packages\django\db\models\sql\compiler.py", line 1621, in execute_sql
    cursor = self.connection.cursor()
  File "E:\ish\multiagent-review-sentiment-ai\.venv\Lib\site-packages\django\utils\asyncio.py", line 26, in inner
    return func(*args, **kwargs)
  File "E:\ish\multiagent-review-sentiment-ai\.venv\Lib\site-packages\django\db\backends\base\base.py", line 320, in cursor
    return self._cursor()
           ~~~~~~~~~~~~^^
  File "E:\ish\multiagent-review-sentiment-ai\.venv\Lib\site-packages\django\db\backends\base\base.py", line 296, in _cursor
    self.ensure_connection()
    ~~~~~~~~~~~~~~~~~~~~~~^^
  File "E:\ish\multiagent-review-sentiment-ai\.venv\Lib\site-packages\django\utils\asyncio.py", line 26, in inner
    return func(*args, **kwargs)
  File "E:\ish\multiagent-review-sentiment-ai\.venv\Lib\site-packages\django\db\backends\base\base.py", line 278, in ensure_connection
    with self.wrap_database_errors:
         ^^^^^^^^^^^^^^^^^^^^^^^^^
  File "E:\ish\multiagent-review-sentiment-ai\.venv\Lib\site-packages\django\db\utils.py", line 91, in __exit__
    raise dj_exc_value.with_traceback(traceback) from exc_value
  File "E:\ish\multiagent-review-sentiment-ai\.venv\Lib\site-packages\django\db\backends\base\base.py", line 279, in ensure_connection
    self.connect()
    ~~~~~~~~~~~~^^
  File "E:\ish\multiagent-review-sentiment-ai\.venv\Lib\site-packages\django\utils\asyncio.py", line 26, in inner
    return func(*args, **kwargs)
  File "E:\ish\multiagent-review-sentiment-ai\.venv\Lib\site-packages\django\db\backends\base\base.py", line 256, in connect
    self.connection = self.get_new_connection(conn_params)
                      ~~~~~~~~~~~~~~~~~~~~~~~^^^^^^^^^^^^^
  File "E:\ish\multiagent-review-sentiment-ai\.venv\Lib\site-packages\django\utils\asyncio.py", line 26, in inner
    return func(*args, **kwargs)
  File "E:\ish\multiagent-review-sentiment-ai\.venv\Lib\site-packages\django\db\backends\postgresql\base.py", line 332, in get_new_connection
    connection = self.Database.connect(**conn_params)
  File "E:\ish\multiagent-review-sentiment-ai\.venv\Lib\site-packages\psycopg2\__init__.py", line 135, in connect
    conn = _connect(dsn, connection_factory=connection_factory, **kwasync)
django.db.utils.OperationalError: could not translate host name "aws-1-ap-southeast-1.pooler.supabase.com" to address: Name or service not known

ERROR 2025-10-08 21:02:21,141 log 17800 6056 Internal Server Error: /dashboard/
Traceback (most recent call last):
  File "E:\ish\multiagent-review-sentiment-ai\.venv\Lib\site-packages\django\contrib\sessions\backends\base.py", line 244, in _get_session
    return self._session_cache
           ^^^^^^^^^^^^^^^^^^^
AttributeError: 'SessionStore' object has no attribute '_session_cache'

During handling of the above exception, another exception occurred:

Traceback (most recent call last):
  File "E:\ish\multiagent-review-sentiment-ai\.venv\Lib\site-packages\django\db\backends\base\base.py", line 279, in ensure_connection
    self.connect()
    ~~~~~~~~~~~~^^
  File "E:\ish\multiagent-review-sentiment-ai\.venv\Lib\site-packages\django\utils\asyncio.py", line 26, in inner
    return func(*args, **kwargs)
  File "E:\ish\multiagent-review-sentiment-ai\.venv\Lib\site-packages\django\db\backends\base\base.py", line 256, in connect
    self.connection = self.get_new_connection(conn_params)
                      ~~~~~~~~~~~~~~~~~~~~~~~^^^^^^^^^^^^^
  File "E:\ish\multiagent-review-sentiment-ai\.venv\Lib\site-packages\django\utils\asyncio.py", line 26, in inner
    return func(*args, **kwargs)
  File "E:\ish\multiagent-review-sentiment-ai\.venv\Lib\site-packages\django\db\backends\postgresql\base.py", line 332, in get_new_connection
    connection = self.Database.connect(**conn_params)
  File "E:\ish\multiagent-review-sentiment-ai\.venv\Lib\site-packages\psycopg2\__init__.py", line 135, in connect
    conn = _connect(dsn, connection_factory=connection_factory, **kwasync)
psycopg2.OperationalError: could not translate host name "aws-1-ap-southeast-1.pooler.supabase.com" to address: Name or service not known


The above exception was the direct cause of the following exception:

Traceback (most recent call last):
  File "E:\ish\multiagent-review-sentiment-ai\.venv\Lib\site-packages\django\core\handlers\exception.py", line 55, in inner
    response = get_response(request)
  File "E:\ish\multiagent-review-sentiment-ai\.venv\Lib\site-packages\django\utils\deprecation.py", line 122, in __call__
    response = self.process_response(request, response)
  File "E:\ish\multiagent-review-sentiment-ai\.venv\Lib\site-packages\django\contrib\sessions\middleware.py", line 48, in process_response
    if request.session.get_expire_at_browser_close():
       ~~~~~~~~~~~~~~~~~~~~~~~~~~~~~~~~~~~~~~~~~~~^^
  File "E:\ish\multiagent-review-sentiment-ai\.venv\Lib\site-packages\django\contrib\sessions\backends\base.py", line 403, in get_expire_at_browser_close
    if (expiry := self.get("_session_expiry")) is None:
                  ~~~~~~~~^^^^^^^^^^^^^^^^^^^
  File "E:\ish\multiagent-review-sentiment-ai\.venv\Lib\site-packages\django\contrib\sessions\backends\base.py", line 74, in get
    return self._session.get(key, default)
           ^^^^^^^^^^^^^
  File "E:\ish\multiagent-review-sentiment-ai\.venv\Lib\site-packages\django\contrib\sessions\backends\base.py", line 249, in _get_session
    self._session_cache = self.load()
                          ~~~~~~~~~^^
  File "E:\ish\multiagent-review-sentiment-ai\.venv\Lib\site-packages\django\contrib\sessions\backends\db.py", line 55, in load
    s = self._get_session_from_db()
  File "E:\ish\multiagent-review-sentiment-ai\.venv\Lib\site-packages\django\contrib\sessions\backends\db.py", line 34, in _get_session_from_db
    return self.model.objects.get(
           ~~~~~~~~~~~~~~~~~~~~~~^
        session_key=self.session_key, expire_date__gt=timezone.now()
        ^^^^^^^^^^^^^^^^^^^^^^^^^^^^^^^^^^^^^^^^^^^^^^^^^^^^^^^^^^^^
    )
    ^
  File "E:\ish\multiagent-review-sentiment-ai\.venv\Lib\site-packages\django\db\models\manager.py", line 87, in manager_method
    return getattr(self.get_queryset(), name)(*args, **kwargs)
           ~~~~~~~~~~~~~~~~~~~~~~~~~~~~~~~~~~^^^^^^^^^^^^^^^^^
  File "E:\ish\multiagent-review-sentiment-ai\.venv\Lib\site-packages\django\db\models\query.py", line 629, in get
    num = len(clone)
  File "E:\ish\multiagent-review-sentiment-ai\.venv\Lib\site-packages\django\db\models\query.py", line 366, in __len__
    self._fetch_all()
    ~~~~~~~~~~~~~~~^^
  File "E:\ish\multiagent-review-sentiment-ai\.venv\Lib\site-packages\django\db\models\query.py", line 1949, in _fetch_all
    self._result_cache = list(self._iterable_class(self))
                         ~~~~^^^^^^^^^^^^^^^^^^^^^^^^^^^^
  File "E:\ish\multiagent-review-sentiment-ai\.venv\Lib\site-packages\django\db\models\query.py", line 91, in __iter__
    results = compiler.execute_sql(
        chunked_fetch=self.chunked_fetch, chunk_size=self.chunk_size
    )
  File "E:\ish\multiagent-review-sentiment-ai\.venv\Lib\site-packages\django\db\models\sql\compiler.py", line 1621, in execute_sql
    cursor = self.connection.cursor()
  File "E:\ish\multiagent-review-sentiment-ai\.venv\Lib\site-packages\django\utils\asyncio.py", line 26, in inner
    return func(*args, **kwargs)
  File "E:\ish\multiagent-review-sentiment-ai\.venv\Lib\site-packages\django\db\backends\base\base.py", line 320, in cursor
    return self._cursor()
           ~~~~~~~~~~~~^^
  File "E:\ish\multiagent-review-sentiment-ai\.venv\Lib\site-packages\django\db\backends\base\base.py", line 296, in _cursor
    self.ensure_connection()
    ~~~~~~~~~~~~~~~~~~~~~~^^
  File "E:\ish\multiagent-review-sentiment-ai\.venv\Lib\site-packages\django\utils\asyncio.py", line 26, in inner
    return func(*args, **kwargs)
  File "E:\ish\multiagent-review-sentiment-ai\.venv\Lib\site-packages\django\db\backends\base\base.py", line 278, in ensure_connection
    with self.wrap_database_errors:
         ^^^^^^^^^^^^^^^^^^^^^^^^^
  File "E:\ish\multiagent-review-sentiment-ai\.venv\Lib\site-packages\django\db\utils.py", line 91, in __exit__
    raise dj_exc_value.with_traceback(traceback) from exc_value
  File "E:\ish\multiagent-review-sentiment-ai\.venv\Lib\site-packages\django\db\backends\base\base.py", line 279, in ensure_connection
    self.connect()
    ~~~~~~~~~~~~^^
  File "E:\ish\multiagent-review-sentiment-ai\.venv\Lib\site-packages\django\utils\asyncio.py", line 26, in inner
    return func(*args, **kwargs)
  File "E:\ish\multiagent-review-sentiment-ai\.venv\Lib\site-packages\django\db\backends\base\base.py", line 256, in connect
    self.connection = self.get_new_connection(conn_params)
                      ~~~~~~~~~~~~~~~~~~~~~~~^^^^^^^^^^^^^
  File "E:\ish\multiagent-review-sentiment-ai\.venv\Lib\site-packages\django\utils\asyncio.py", line 26, in inner
    return func(*args, **kwargs)
  File "E:\ish\multiagent-review-sentiment-ai\.venv\Lib\site-packages\django\db\backends\postgresql\base.py", line 332, in get_new_connection
    connection = self.Database.connect(**conn_params)
  File "E:\ish\multiagent-review-sentiment-ai\.venv\Lib\site-packages\psycopg2\__init__.py", line 135, in connect
    conn = _connect(dsn, connection_factory=connection_factory, **kwasync)
django.db.utils.OperationalError: could not translate host name "aws-1-ap-southeast-1.pooler.supabase.com" to address: Name or service not known

ERROR 2025-10-08 21:02:21,146 basehttp 17800 6056 "GET /dashboard/ HTTP/1.1" 500 209494
INFO 2025-10-08 21:04:18,467 autoreload 23604 6636 Watching for file changes with StatReloader
INFO 2025-10-08 21:04:50,698 autoreload 23604 6636 E:\ish\multiagent-review-sentiment-ai\apps\api\urls.py changed, reloading.
INFO 2025-10-08 21:04:51,281 autoreload 5408 13668 Watching for file changes with StatReloader
INFO 2025-10-08 21:04:53,520 autoreload 5408 13668 E:\ish\multiagent-review-sentiment-ai\hotel_review_platform\settings.py changed, reloading.
INFO 2025-10-08 21:04:54,043 autoreload 24996 9568 Watching for file changes with StatReloader
INFO 2025-10-08 21:04:56,268 autoreload 24996 9568 E:\ish\multiagent-review-sentiment-ai\hotel_review_platform\settings.py changed, reloading.
INFO 2025-10-08 21:04:56,748 autoreload 10680 7980 Watching for file changes with StatReloader
INFO 2025-10-08 21:05:03,665 autoreload 7412 10672 Watching for file changes with StatReloader
INFO 2025-10-08 21:05:16,457 autoreload 23176 24996 Watching for file changes with StatReloader
INFO 2025-10-08 21:05:28,851 autoreload 23176 24996 E:\ish\multiagent-review-sentiment-ai\hotel_review_platform\settings.py changed, reloading.
INFO 2025-10-08 21:05:29,312 autoreload 16572 21244 Watching for file changes with StatReloader
INFO 2025-10-08 21:05:30,517 autoreload 16572 21244 E:\ish\multiagent-review-sentiment-ai\apps\authentication\apps.py changed, reloading.
INFO 2025-10-08 21:05:31,089 autoreload 22552 9936 Watching for file changes with StatReloader
INFO 2025-10-08 21:05:37,840 basehttp 22552 7676 "GET / HTTP/1.1" 302 0
INFO 2025-10-08 21:05:43,109 basehttp 22552 7676 "GET /dashboard/ HTTP/1.1" 200 43778
INFO 2025-10-08 21:05:43,179 basehttp 22552 7676 "GET /static/css/dashboard.css HTTP/1.1" 200 43036
INFO 2025-10-08 21:06:43,644 basehttp 22552 7676 "GET /dashboard/ HTTP/1.1" 200 43778
INFO 2025-10-08 21:06:43,655 basehttp 22552 7676 "GET /static/css/dashboard.css HTTP/1.1" 304 0
INFO 2025-10-08 21:06:50,140 basehttp 22552 5832 "GET /dashboard/ HTTP/1.1" 302 0
INFO 2025-10-08 21:06:50,157 basehttp 22552 5832 "GET /auth/login/?next=/dashboard/ HTTP/1.1" 200 11566
INFO 2025-10-08 21:07:09,072 basehttp 22552 5832 "POST /auth/login/?next=/dashboard/ HTTP/1.1" 302 0
INFO 2025-10-08 21:07:19,148 basehttp 22552 5832 "GET /dashboard/ HTTP/1.1" 200 44387
INFO 2025-10-08 21:07:19,170 basehttp 22552 5832 "GET /static/css/dashboard.css HTTP/1.1" 200 37165
INFO 2025-10-08 21:07:19,171 basehttp 22552 7980 "GET /static/js/enhanced-dashboard.js?v=2.1 HTTP/1.1" 200 12660
INFO 2025-10-08 21:08:46,659 basehttp 22552 7980 "GET /dashboard/ HTTP/1.1" 200 43778
INFO 2025-10-08 21:08:56,044 basehttp 22552 21700 "GET /dashboard/ HTTP/1.1" 302 0
INFO 2025-10-08 21:08:56,046 basehttp 22552 21700 "GET /auth/login/?next=/dashboard/ HTTP/1.1" 200 11566
INFO 2025-10-08 21:09:08,383 basehttp 22552 21700 "POST /auth/login/?next=/dashboard/ HTTP/1.1" 302 0
INFO 2025-10-08 21:09:16,270 basehttp 22552 21700 "GET /dashboard/ HTTP/1.1" 200 44387
INFO 2025-10-08 21:09:16,294 basehttp 22552 21700 "GET /static/css/dashboard.css HTTP/1.1" 200 37280
INFO 2025-10-08 21:09:16,296 basehttp 22552 21700 "GET /static/js/enhanced-dashboard.js?v=2.1 HTTP/1.1" 200 12660
INFO 2025-10-08 21:09:25,930 basehttp 22552 21700 "GET /admin/ HTTP/1.1" 200 10354
INFO 2025-10-08 21:09:25,950 basehttp 22552 6744 "GET /static/admin/css/dark_mode.css HTTP/1.1" 200 2808
INFO 2025-10-08 21:09:25,951 basehttp 22552 12284 "GET /static/admin/css/dashboard.css HTTP/1.1" 200 441
INFO 2025-10-08 21:09:25,951 basehttp 22552 1520 "GET /static/admin/css/nav_sidebar.css HTTP/1.1" 200 2810
INFO 2025-10-08 21:09:25,951 basehttp 22552 21700 "GET /static/admin/css/base.css HTTP/1.1" 200 22120
INFO 2025-10-08 21:09:25,953 basehttp 22552 18272 "GET /static/admin/css/responsive.css HTTP/1.1" 200 16565
INFO 2025-10-08 21:09:25,958 basehttp 22552 15224 "GET /static/admin/js/theme.js HTTP/1.1" 200 1653
INFO 2025-10-08 21:09:25,969 basehttp 22552 18272 "GET /static/admin/js/nav_sidebar.js HTTP/1.1" 200 3063
INFO 2025-10-08 21:09:25,971 basehttp 22552 21700 "GET /static/admin/img/icon-changelink.svg HTTP/1.1" 200 380
INFO 2025-10-08 21:09:25,972 basehttp 22552 15224 "GET /static/admin/img/icon-addlink.svg HTTP/1.1" 200 331
INFO 2025-10-08 21:09:32,720 basehttp 22552 15224 "GET /auth/users/ HTTP/1.1" 200 22266
INFO 2025-10-08 21:09:38,218 basehttp 22552 15224 "GET /auth/profile/ HTTP/1.1" 200 33477
INFO 2025-10-08 21:09:48,636 basehttp 22552 15224 "GET /dashboard/upload/ HTTP/1.1" 200 61877
INFO 2025-10-08 21:10:00,482 basehttp 22552 15224 "GET /dashboard/analytics/ HTTP/1.1" 200 113014
INFO 2025-10-08 21:10:01,149 views 22552 15224 Retrieved persisted AI analysis: 12168fb7-5d5b-425f-bac3-653eafabbacd
INFO 2025-10-08 21:10:01,626 basehttp 22552 15224 "GET /api/v1/get-ai-analysis/ HTTP/1.1" 200 5445
INFO 2025-10-08 21:10:20,044 basehttp 22552 15224 "GET /dashboard/ HTTP/1.1" 200 43778
INFO 2025-10-08 21:10:29,734 autoreload 23880 11508 Watching for file changes with StatReloader
INFO 2025-10-08 21:10:36,658 basehttp 23880 6752 "GET / HTTP/1.1" 302 0
INFO 2025-10-08 21:10:41,286 basehttp 23880 6752 "GET /dashboard/ HTTP/1.1" 200 43778
INFO 2025-10-08 21:10:41,311 basehttp 23880 6752 "GET /static/css/dashboard.css HTTP/1.1" 304 0
INFO 2025-10-08 21:10:48,257 basehttp 23880 6752 "GET /dashboard/ HTTP/1.1" 200 43778
INFO 2025-10-08 21:13:23,825 basehttp 23880 7212 "GET /dashboard/ HTTP/1.1" 302 0
INFO 2025-10-08 21:13:23,829 basehttp 23880 7212 "GET /auth/login/?next=/dashboard/ HTTP/1.1" 200 11566
INFO 2025-10-08 21:13:32,758 basehttp 23880 7212 "POST /auth/login/?next=/dashboard/ HTTP/1.1" 302 0
INFO 2025-10-08 21:13:37,112 basehttp 23880 7212 "GET /dashboard/ HTTP/1.1" 200 44387
INFO 2025-10-08 21:13:37,130 basehttp 23880 7212 "GET /static/css/dashboard.css HTTP/1.1" 304 0
INFO 2025-10-08 21:14:24,397 autoreload 4724 7232 Watching for file changes with StatReloader
INFO 2025-10-08 21:14:29,085 basehttp 4724 23044 "GET / HTTP/1.1" 302 0
INFO 2025-10-08 21:14:33,244 basehttp 4724 23044 "GET /dashboard/ HTTP/1.1" 200 43778
INFO 2025-10-08 21:14:33,366 basehttp 4724 3596 "GET /static/js/enhanced-dashboard.js?v=2.1 HTTP/1.1" 200 12660
INFO 2025-10-08 21:14:33,372 basehttp 4724 23044 "GET /static/css/dashboard.css HTTP/1.1" 200 37280
INFO 2025-10-08 21:14:44,227 basehttp 4724 23044 "GET /dashboard/reviews/ HTTP/1.1" 200 170232
INFO 2025-10-08 21:15:16,331 basehttp 4724 23044 "GET /dashboard/reviews/ HTTP/1.1" 200 170232
INFO 2025-10-08 21:16:41,447 autoreload 3300 4712 Watching for file changes with StatReloader
INFO 2025-10-08 21:16:46,806 basehttp 3300 4740 "GET / HTTP/1.1" 302 0
INFO 2025-10-08 21:16:51,642 basehttp 3300 4740 "GET /dashboard/ HTTP/1.1" 200 43778
INFO 2025-10-08 21:16:51,764 basehttp 3300 9104 "GET /static/js/enhanced-dashboard.js?v=2.1 HTTP/1.1" 200 12660
INFO 2025-10-08 21:16:51,765 basehttp 3300 4740 "GET /static/css/dashboard.css HTTP/1.1" 200 43036
INFO 2025-10-08 21:17:41,556 autoreload 8064 6944 Watching for file changes with StatReloader
INFO 2025-10-08 21:17:46,697 basehttp 8064 18584 "GET / HTTP/1.1" 302 0
INFO 2025-10-08 21:17:51,472 basehttp 8064 18584 "GET /dashboard/ HTTP/1.1" 200 43778
INFO 2025-10-08 21:17:51,596 basehttp 8064 18584 "GET /static/css/dashboard.css HTTP/1.1" 200 37280
INFO 2025-10-08 21:17:51,600 basehttp 8064 21048 "GET /static/js/enhanced-dashboard.js?v=2.1 HTTP/1.1" 200 12660
INFO 2025-10-08 21:18:03,508 basehttp 8064 21048 "GET /dashboard/reviews/ HTTP/1.1" 200 170232
INFO 2025-10-08 21:18:17,765 basehttp 8064 21048 "GET /auth/users/ HTTP/1.1" 200 22266
INFO 2025-10-08 21:18:21,996 basehttp 8064 21048 "GET /auth/profile/ HTTP/1.1" 200 33477
INFO 2025-10-08 21:18:41,324 basehttp 8064 21048 "GET /dashboard/ HTTP/1.1" 200 43778
INFO 2025-10-08 21:18:41,971 basehttp 8064 14340 "GET /auth/profile/ HTTP/1.1" 302 0
INFO 2025-10-08 21:18:41,974 basehttp 8064 14340 "GET /auth/login/?next=/auth/profile/ HTTP/1.1" 200 11566
INFO 2025-10-09 15:25:53,714 autoreload 25452 17612 Watching for file changes with StatReloader
INFO 2025-10-09 15:25:59,699 basehttp 25452 23576 "GET / HTTP/1.1" 302 0
INFO 2025-10-09 15:26:00,309 basehttp 25452 23576 "GET / HTTP/1.1" 302 0
INFO 2025-10-09 15:26:09,941 basehttp 25452 24444 - Broken pipe from ('127.0.0.1', 1342)
INFO 2025-10-09 15:26:11,420 basehttp 25452 23576 "GET /dashboard/ HTTP/1.1" 200 43782
INFO 2025-10-09 15:28:23,299 basehttp 25452 19908 "GET /dashboard/analytics/ HTTP/1.1" 200 113019
INFO 2025-10-09 15:28:23,708 views 25452 19908 Retrieved persisted AI analysis: db473973-afa7-4342-81c4-af5ea8ad70f9
INFO 2025-10-09 15:28:24,078 basehttp 25452 19908 "GET /api/v1/get-ai-analysis/ HTTP/1.1" 200 5716
INFO 2025-10-09 15:28:51,565 views 25452 19908 [STAGE 2] Generating analytics for 60 reviews
INFO 2025-10-09 15:28:51,572 orchestrator 25452 19908 [STAGE 1] Classifier Agent initialized
INFO 2025-10-09 15:28:51,578 orchestrator 25452 19908 [STAGE 1] Scorer Agent initialized
INFO 2025-10-09 15:28:51,581 orchestrator 25452 19908 [STAGE 1 COMPLETE] Core processing agents ready
INFO 2025-10-09 15:28:51,584 orchestrator 25452 19908 [STAGE 2] Analytics agents will be initialized on-demand
INFO 2025-10-09 15:28:51,588 orchestrator 25452 19908 [STAGE 2] Generating tags analysis for 60 reviews
INFO 2025-10-09 15:28:51,589 agent 25452 19908 Gemini model initialized successfully for summarization
INFO 2025-10-09 15:28:51,592 orchestrator 25452 19908 [STAGE 2] Summarizer Agent initialized
INFO 2025-10-09 15:28:51,592 agent 25452 19908 Gemini model initialized successfully for tags generation
INFO 2025-10-09 15:28:51,593 agent 25452 19908 [OK] Tags Generator Agent initialized
INFO 2025-10-09 15:28:51,593 orchestrator 25452 19908 [STAGE 2] Tags Generator Agent initialized
INFO 2025-10-09 15:28:51,593 agent 25452 19908 Gemini model initialized successfully for recommendations generation
INFO 2025-10-09 15:28:51,595 agent 25452 19908 [OK] Recommendations Agent initialized
INFO 2025-10-09 15:28:51,595 orchestrator 25452 19908 [STAGE 2] Recommendations Agent initialized
INFO 2025-10-09 15:28:51,596 orchestrator 25452 19908 [STAGE 2] All analytics agents ready
INFO 2025-10-09 15:28:57,140 agent 25452 19908 AI tags generation completed successfully
INFO 2025-10-09 15:28:57,141 agent 25452 19908 Tags generation completed for 60 reviews
INFO 2025-10-09 15:28:57,141 orchestrator 25452 19908 [STAGE 2] Tags analysis completed successfully
INFO 2025-10-09 15:28:57,142 orchestrator 25452 19908 [STAGE 2] Generating business recommendations for 60 reviews
INFO 2025-10-09 15:28:57,142 orchestrator 25452 19908 [STAGE 2] All analytics agents ready
INFO 2025-10-09 15:28:57,142 agent 25452 19908 Generating AI recommendations for 60 reviews
INFO 2025-10-09 15:29:03,785 agent 25452 19908 AI recommendations generated successfully
INFO 2025-10-09 15:29:03,790 orchestrator 25452 19908 [STAGE 2] Business recommendations generated successfully
INFO 2025-10-09 15:29:03,791 orchestrator 25452 19908 [STAGE 2] Generating executive summary for 60 reviews
INFO 2025-10-09 15:29:03,791 orchestrator 25452 19908 [STAGE 2] All analytics agents ready
INFO 2025-10-09 15:29:03,792 agent 25452 19908 Starting AI-powered summarization for 60 reviews
INFO 2025-10-09 15:29:03,793 agent 25452 19908 Gemini model initialized successfully for summarization
INFO 2025-10-09 15:29:07,331 agent 25452 19908 AI summarization completed successfully for 60 reviews
INFO 2025-10-09 15:29:07,332 orchestrator 25452 19908 [STAGE 2] Executive summary generated successfully
INFO 2025-10-09 15:29:07,619 views 25452 19908 AI analysis saved to database with ID: b4448a9b-b93d-49ce-95a9-6c72743c8a58
INFO 2025-10-09 15:29:07,619 views 25452 19908 Complete AI analysis generated successfully
INFO 2025-10-09 15:29:08,004 basehttp 25452 19908 "POST /api/v1/ai-analysis/ HTTP/1.1" 200 4981
INFO 2025-10-09 15:29:22,839 basehttp 25452 19908 "GET /auth/users/ HTTP/1.1" 200 23551
INFO 2025-10-09 15:39:27,512 basehttp 25452 21356 "GET /auth/logout/ HTTP/1.1" 302 0
INFO 2025-10-09 15:39:27,524 basehttp 25452 21356 "GET /auth/login/ HTTP/1.1" 200 11905
INFO 2025-10-09 15:39:35,780 basehttp 25452 21356 "POST /auth/login/ HTTP/1.1" 200 11888
INFO 2025-10-09 15:39:49,388 basehttp 25452 21356 "POST /auth/login/ HTTP/1.1" 200 11888
INFO 2025-10-09 15:45:40,758 basehttp 25452 2264 "POST /auth/login/ HTTP/1.1" 200 11888
INFO 2025-10-11 11:19:39,555 autoreload 28808 35548 Watching for file changes with StatReloader
INFO 2025-10-11 11:20:27,169 basehttp 28808 32132 "GET / HTTP/1.1" 302 0
INFO 2025-10-11 11:20:27,177 basehttp 28808 32132 "GET /auth/login/?next=/ HTTP/1.1" 200 11566
WARNING 2025-10-11 11:20:27,286 log 28808 32132 Not Found: /favicon.ico
WARNING 2025-10-11 11:20:27,287 basehttp 28808 32132 "GET /favicon.ico HTTP/1.1" 404 3317
INFO 2025-10-11 11:20:37,792 basehttp 28808 32132 "POST /auth/login/?next=/ HTTP/1.1" 302 0
INFO 2025-10-11 11:20:38,900 basehttp 28808 32132 "GET / HTTP/1.1" 302 0
INFO 2025-10-11 11:20:42,438 basehttp 28808 32132 "GET /dashboard/ HTTP/1.1" 200 44371
INFO 2025-10-11 11:20:42,474 basehttp 28808 32132 "GET /static/css/dashboard.css HTTP/1.1" 304 0
INFO 2025-10-11 11:20:42,475 basehttp 28808 4960 "GET /static/js/enhanced-dashboard.js?v=2.1 HTTP/1.1" 304 0
INFO 2025-10-11 11:20:55,978 basehttp 28808 32132 "GET /dashboard/reviews/ HTTP/1.1" 200 170474
INFO 2025-10-11 11:21:06,858 basehttp 28808 32132 "GET /dashboard/analytics/ HTTP/1.1" 200 113019
INFO 2025-10-11 11:21:07,365 views 28808 32132 Retrieved persisted AI analysis: b4448a9b-b93d-49ce-95a9-6c72743c8a58
INFO 2025-10-11 11:21:07,718 basehttp 28808 32132 "GET /api/v1/get-ai-analysis/ HTTP/1.1" 200 6053
INFO 2025-10-17 11:02:36,095 autoreload 27360 15752 Watching for file changes with StatReloader
INFO 2025-10-17 11:02:44,512 basehttp 27360 23160 "GET / HTTP/1.1" 302 0
INFO 2025-10-17 11:02:44,539 basehttp 27360 23160 "GET /auth/login/?next=/ HTTP/1.1" 200 11566
WARNING 2025-10-17 11:02:46,632 log 27360 19236 Not Found: /favicon.ico
WARNING 2025-10-17 11:02:46,633 basehttp 27360 19236 "GET /favicon.ico HTTP/1.1" 404 3317
INFO 2025-10-17 11:02:53,794 basehttp 27360 7916 "POST /auth/login/?next=/ HTTP/1.1" 302 0
INFO 2025-10-17 11:02:54,361 basehttp 27360 7916 "GET / HTTP/1.1" 302 0
INFO 2025-10-17 11:02:57,909 basehttp 27360 7916 "GET /dashboard/ HTTP/1.1" 200 44357
INFO 2025-10-17 11:02:57,929 basehttp 27360 7916 "GET /static/css/dashboard.css HTTP/1.1" 304 0
INFO 2025-10-17 11:02:57,929 basehttp 27360 18960 "GET /static/js/enhanced-dashboard.js?v=2.1 HTTP/1.1" 304 0
INFO 2025-10-17 11:03:21,433 basehttp 27360 18960 "GET /dashboard/reviews/ HTTP/1.1" 200 170474
INFO 2025-10-17 11:03:27,674 basehttp 27360 18960 "GET /dashboard/ HTTP/1.1" 200 43748
INFO 2025-10-17 11:03:31,277 basehttp 27360 18960 "GET /dashboard/upload/ HTTP/1.1" 200 61859
INFO 2025-10-17 11:03:45,712 basehttp 27360 18960 "POST /dashboard/upload/ HTTP/1.1" 200 145
INFO 2025-10-17 11:03:51,354 basehttp 27360 18960 "GET /dashboard/ HTTP/1.1" 200 43781
INFO 2025-10-17 11:03:58,827 basehttp 27360 18960 "GET /dashboard/reviews/ HTTP/1.1" 200 168323
INFO 2025-10-17 11:04:05,819 basehttp 27360 18960 "GET /dashboard/ HTTP/1.1" 200 43781
INFO 2025-10-17 11:04:19,955 orchestrator 27360 18960 [STAGE 1] Classifier Agent initialized
INFO 2025-10-17 11:04:19,957 orchestrator 27360 18960 [STAGE 1] Scorer Agent initialized
INFO 2025-10-17 11:04:19,958 orchestrator 27360 18960 [STAGE 1 COMPLETE] Core processing agents ready
INFO 2025-10-17 11:04:19,958 orchestrator 27360 18960 [STAGE 2] Analytics agents will be initialized on-demand
INFO 2025-10-17 11:04:20,089 views 27360 18960 [STAGE 1] Using ReviewProcessingOrchestrator for core processing of 5 reviews
INFO 2025-10-17 11:04:20,420 orchestrator 27360 18960 [STAGE 1] Processing review f771f858-419f-492c-8700-a9a0ae469392
INFO 2025-10-17 11:04:31,072 orchestrator 27360 18960 [COMPLETED] Single review workflow completed in 10.65s
INFO 2025-10-17 11:04:31,185 orchestrator 27360 18960 [STAGE 1] Processing review bf3545a8-3f07-41d4-81a6-119bb4ef8f6e
INFO 2025-10-17 11:04:32,995 orchestrator 27360 18960 [COMPLETED] Single review workflow completed in 1.81s
INFO 2025-10-17 11:04:33,111 orchestrator 27360 18960 [STAGE 1] Processing review c0ff6f96-ee3f-4450-a7ab-3289a45699ed
INFO 2025-10-17 11:04:34,901 orchestrator 27360 18960 [COMPLETED] Single review workflow completed in 1.79s
INFO 2025-10-17 11:04:35,027 orchestrator 27360 18960 [STAGE 1] Processing review 24cbf778-bf14-4589-a368-63f61750bcf8
INFO 2025-10-17 11:04:37,373 orchestrator 27360 18960 [COMPLETED] Single review workflow completed in 2.35s
INFO 2025-10-17 11:04:37,493 orchestrator 27360 18960 [STAGE 1] Processing review b8dfa141-1645-4ac9-a602-9f2f4fb58fb8
INFO 2025-10-17 11:04:39,453 orchestrator 27360 18960 [COMPLETED] Single review workflow completed in 1.96s
INFO 2025-10-17 11:04:40,245 basehttp 27360 18960 "POST /api/v1/process/ HTTP/1.1" 200 388
INFO 2025-10-17 11:04:48,963 basehttp 27360 18960 "GET /dashboard/ HTTP/1.1" 200 43747
INFO 2025-10-17 11:04:55,312 basehttp 27360 18960 "GET /dashboard/reviews/ HTTP/1.1" 200 170228
INFO 2025-10-17 11:05:08,088 basehttp 27360 18960 "GET /dashboard/analytics/ HTTP/1.1" 200 113019
INFO 2025-10-17 11:05:08,519 views 27360 18960 Retrieved persisted AI analysis: b4448a9b-b93d-49ce-95a9-6c72743c8a58
INFO 2025-10-17 11:05:08,910 basehttp 27360 18960 "GET /api/v1/get-ai-analysis/ HTTP/1.1" 200 6053
INFO 2025-10-17 11:05:23,959 views 27360 18960 [STAGE 2] Generating analytics for 65 reviews
INFO 2025-10-17 11:05:23,961 orchestrator 27360 18960 [STAGE 1] Classifier Agent initialized
INFO 2025-10-17 11:05:23,963 orchestrator 27360 18960 [STAGE 1] Scorer Agent initialized
INFO 2025-10-17 11:05:23,963 orchestrator 27360 18960 [STAGE 1 COMPLETE] Core processing agents ready
INFO 2025-10-17 11:05:23,963 orchestrator 27360 18960 [STAGE 2] Analytics agents will be initialized on-demand
INFO 2025-10-17 11:05:23,963 orchestrator 27360 18960 [STAGE 2] Generating tags analysis for 65 reviews
INFO 2025-10-17 11:05:23,964 agent 27360 18960 Gemini model initialized successfully for summarization
INFO 2025-10-17 11:05:23,965 orchestrator 27360 18960 [STAGE 2] Summarizer Agent initialized
INFO 2025-10-17 11:05:23,965 agent 27360 18960 Gemini model initialized successfully for tags generation
INFO 2025-10-17 11:05:23,965 agent 27360 18960 [OK] Tags Generator Agent initialized
INFO 2025-10-17 11:05:23,965 orchestrator 27360 18960 [STAGE 2] Tags Generator Agent initialized
INFO 2025-10-17 11:05:23,965 agent 27360 18960 Gemini model initialized successfully for recommendations generation
INFO 2025-10-17 11:05:23,966 agent 27360 18960 [OK] Recommendations Agent initialized
INFO 2025-10-17 11:05:23,966 orchestrator 27360 18960 [STAGE 2] Recommendations Agent initialized
INFO 2025-10-17 11:05:23,966 orchestrator 27360 18960 [STAGE 2] All analytics agents ready
INFO 2025-10-17 11:05:29,211 agent 27360 18960 AI tags generation completed successfully
INFO 2025-10-17 11:05:29,212 agent 27360 18960 Tags generation completed for 65 reviews
INFO 2025-10-17 11:05:29,212 orchestrator 27360 18960 [STAGE 2] Tags analysis completed successfully
INFO 2025-10-17 11:05:29,212 orchestrator 27360 18960 [STAGE 2] Generating business recommendations for 65 reviews
INFO 2025-10-17 11:05:29,212 orchestrator 27360 18960 [STAGE 2] All analytics agents ready
INFO 2025-10-17 11:05:29,212 agent 27360 18960 Generating AI recommendations for 65 reviews
INFO 2025-10-17 11:05:31,612 agent 27360 18960 AI recommendations generated successfully
INFO 2025-10-17 11:05:31,612 orchestrator 27360 18960 [STAGE 2] Business recommendations generated successfully
INFO 2025-10-17 11:05:31,613 orchestrator 27360 18960 [STAGE 2] Generating executive summary for 65 reviews
INFO 2025-10-17 11:05:31,613 orchestrator 27360 18960 [STAGE 2] All analytics agents ready
INFO 2025-10-17 11:05:31,613 agent 27360 18960 Starting AI-powered summarization for 65 reviews
INFO 2025-10-17 11:05:31,614 agent 27360 18960 Gemini model initialized successfully for summarization
INFO 2025-10-17 11:05:34,492 agent 27360 18960 AI summarization completed successfully for 65 reviews
INFO 2025-10-17 11:05:34,492 orchestrator 27360 18960 [STAGE 2] Executive summary generated successfully
INFO 2025-10-17 11:05:34,771 views 27360 18960 AI analysis saved to database with ID: 23d54b57-124f-4849-9ffc-369faee77b0c
INFO 2025-10-17 11:05:34,771 views 27360 18960 Complete AI analysis generated successfully
INFO 2025-10-17 11:05:35,174 basehttp 27360 18960 "POST /api/v1/ai-analysis/ HTTP/1.1" 200 4232
INFO 2025-10-17 11:05:49,848 basehttp 27360 18960 "GET /dashboard/upload/ HTTP/1.1" 200 61854
INFO 2025-10-17 11:05:57,301 basehttp 27360 18960 "GET /dashboard/ HTTP/1.1" 200 43748
INFO 2025-10-17 11:43:51,125 autoreload 10056 2784 Watching for file changes with StatReloader
INFO 2025-10-17 11:43:59,742 basehttp 10056 11772 "GET / HTTP/1.1" 302 0
INFO 2025-10-17 11:44:03,574 basehttp 10056 11772 "GET /dashboard/ HTTP/1.1" 200 43749
INFO 2025-10-17 11:44:13,416 basehttp 10056 11772 "GET /auth/users/ HTTP/1.1" 200 23551
INFO 2025-10-17 11:44:22,236 basehttp 10056 11772 "POST /auth/toggle-user-status/ HTTP/1.1" 200 81
INFO 2025-10-17 11:44:23,139 basehttp 10056 11772 "GET /auth/users/ HTTP/1.1" 200 23553
INFO 2025-10-17 11:47:03,386 autoreload 26348 10068 Watching for file changes with StatReloader
INFO 2025-10-17 11:47:10,719 autoreload 28040 28164 Watching for file changes with StatReloader
INFO 2025-10-17 11:47:43,696 autoreload 28048 28172 Watching for file changes with StatReloader
INFO 2025-10-17 11:48:38,104 autoreload 21172 21780 Watching for file changes with StatReloader
INFO 2025-10-17 11:49:08,956 autoreload 15068 14864 Watching for file changes with StatReloader
INFO 2025-10-17 11:49:40,297 autoreload 13124 27948 Watching for file changes with StatReloader
INFO 2025-10-17 11:58:13,325 autoreload 28104 28020 Watching for file changes with StatReloader
INFO 2025-10-17 12:02:29,165 autoreload 13728 28116 Watching for file changes with StatReloader
INFO 2025-10-17 12:07:23,498 autoreload 2336 10224 Watching for file changes with StatReloader
INFO 2025-10-17 12:12:54,041 autoreload 26408 26508 Watching for file changes with StatReloader
INFO 2025-10-17 12:13:00,344 basehttp 26408 11880 "GET / HTTP/1.1" 302 0
INFO 2025-10-17 12:13:03,934 basehttp 26408 11880 "GET /dashboard/ HTTP/1.1" 200 43757
INFO 2025-10-17 12:13:08,862 basehttp 26408 11880 "GET /auth/users/ HTTP/1.1" 200 24460
INFO 2025-10-17 12:15:21,327 autoreload 26408 26508 E:\ish\multiagent-review-sentiment-ai\apps\authentication\views.py changed, reloading.
INFO 2025-10-17 12:15:21,909 autoreload 27180 4188 Watching for file changes with StatReloader
INFO 2025-10-17 12:15:37,207 autoreload 27180 4188 E:\ish\multiagent-review-sentiment-ai\apps\authentication\urls.py changed, reloading.
INFO 2025-10-17 12:15:37,841 autoreload 2336 26052 Watching for file changes with StatReloader
INFO 2025-10-17 12:23:04,857 autoreload 19508 18516 Watching for file changes with StatReloader
INFO 2025-10-17 12:23:10,374 basehttp 19508 6796 "GET / HTTP/1.1" 302 0
INFO 2025-10-17 12:23:14,036 basehttp 19508 6796 "GET /dashboard/ HTTP/1.1" 200 43758
INFO 2025-10-17 12:23:19,933 basehttp 19508 6796 "GET /auth/users/ HTTP/1.1" 200 33523
INFO 2025-10-17 12:23:26,355 basehttp 19508 6796 "GET /auth/user-preview/21/ HTTP/1.1" 200 407
INFO 2025-10-17 12:23:50,279 basehttp 19508 6796 "POST /auth/delete-user/ HTTP/1.1" 200 74
INFO 2025-10-17 12:23:53,516 basehttp 19508 6796 "GET /auth/users/ HTTP/1.1" 200 31815
INFO 2025-10-17 12:23:59,209 basehttp 19508 6796 "POST /auth/delete-user/ HTTP/1.1" 200 80
INFO 2025-10-17 12:24:01,195 basehttp 19508 6796 "GET /auth/users/ HTTP/1.1" 200 30092
INFO 2025-10-17 12:24:10,364 autoreload 19508 18516 E:\ish\multiagent-review-sentiment-ai\apps\authentication\views.py changed, reloading.
INFO 2025-10-17 12:24:10,995 autoreload 29320 29404 Watching for file changes with StatReloader
INFO 2025-10-17 12:25:09,763 autoreload 29320 29404 E:\ish\multiagent-review-sentiment-ai\apps\authentication\views.py changed, reloading.
INFO 2025-10-17 12:25:10,417 autoreload 11924 20144 Watching for file changes with StatReloader
INFO 2025-10-17 12:27:01,280 autoreload 26976 17752 Watching for file changes with StatReloader
INFO 2025-10-17 12:27:06,733 basehttp 26976 28288 "GET /auth/users/ HTTP/1.1" 200 32099
INFO 2025-10-17 12:27:22,192 basehttp 26976 28288 "POST /auth/delete-user/ HTTP/1.1" 200 81
INFO 2025-10-17 12:27:25,294 basehttp 26976 28288 "GET /auth/users/ HTTP/1.1" 200 30683
INFO 2025-10-17 12:28:37,532 autoreload 26508 28552 Watching for file changes with StatReloader
INFO 2025-10-17 12:28:42,094 basehttp 26508 27928 "GET / HTTP/1.1" 302 0
INFO 2025-10-17 12:28:45,554 basehttp 26508 27928 "GET /dashboard/ HTTP/1.1" 200 42980
INFO 2025-10-17 12:29:01,973 basehttp 26508 26964 "GET /auth/users/ HTTP/1.1" 200 29185
INFO 2025-10-17 12:29:02,694 basehttp 26508 27928 - Broken pipe from ('127.0.0.1', 7681)
INFO 2025-10-17 12:29:21,772 basehttp 26508 26964 "GET /auth/register/ HTTP/1.1" 200 31598
INFO 2025-10-17 12:30:22,712 basehttp 26508 26964 "POST /auth/register/ HTTP/1.1" 200 31990
INFO 2025-10-17 12:30:27,655 basehttp 26508 26964 "GET /auth/users/ HTTP/1.1" 200 29185
INFO 2025-10-17 12:30:35,112 basehttp 26508 26964 "GET /auth/users/ HTTP/1.1" 200 29185
INFO 2025-10-17 12:30:51,070 basehttp 26508 26964 "GET /auth/register/ HTTP/1.1" 200 31598
INFO 2025-10-17 12:32:16,840 basehttp 26508 26964 "POST /auth/register/ HTTP/1.1" 200 31968
INFO 2025-10-17 12:32:22,861 basehttp 26508 26964 "GET /auth/users/ HTTP/1.1" 200 29185
INFO 2025-10-17 12:35:19,550 autoreload 26508 28552 E:\ish\multiagent-review-sentiment-ai\apps\authentication\views.py changed, reloading.
INFO 2025-10-17 12:35:20,168 autoreload 13872 2572 Watching for file changes with StatReloader
INFO 2025-10-17 12:39:39,147 autoreload 16432 7572 Watching for file changes with StatReloader
INFO 2025-10-17 12:39:49,568 basehttp 16432 15016 "GET /auth/users/ HTTP/1.1" 200 29185
INFO 2025-10-17 12:39:52,868 basehttp 16432 15016 "GET /auth/register/ HTTP/1.1" 200 35409
INFO 2025-10-17 12:41:07,086 autoreload 20744 10544 Watching for file changes with StatReloader
INFO 2025-10-17 12:41:12,665 basehttp 20744 27472 "GET /auth/register/ HTTP/1.1" 200 35424
INFO 2025-10-17 12:41:54,725 views 20744 27472 Form data received: <QueryDict: {'csrfmiddlewaretoken': ['H9962MJnU0fSwP0XN2xFA39svE0elR41CbryzbQoYbNSeNdm1dyVQDcqEUhy0qaf'], 'username': ['grand'], 'email': ['grand@gmail.com'], 'first_name': ['grand'], 'last_name': ['hotel'], 'password1': ['Grand@123'], 'password2': ['Grand@123'], 'hotel': ['6'], 'role': ['manager'], 'phone_number': ['11'], 'department': ['11']}>
ERROR 2025-10-17 12:41:55,320 views 20744 27472 Form validation failed: <ul class="errorlist"><li>password2<ul class="errorlist" id="id_password2_error"><li>The password is too similar to the username.</li></ul></li></ul>
INFO 2025-10-17 12:41:56,289 basehttp 20744 27472 "POST /auth/register/ HTTP/1.1" 200 37850
INFO 2025-10-17 12:42:52,768 views 20744 27472 Form data received: <QueryDict: {'csrfmiddlewaretoken': ['rHQEqkt2aZD94qYySe9BBRvG79IPF2oimJ86XJA3eab9MobX6paRRryEgpZ9kBuw'], 'username': ['Ishara'], 'email': ['ishara@gmail.com'], 'first_name': ['Ishara'], 'last_name': ['Madusanka'], 'password1': ['Madusanka@123'], 'password2': ['Madusanka@123'], 'hotel': [''], 'role': ['admin'], 'phone_number': ['11'], 'department': ['11']}>
ERROR 2025-10-17 12:42:53,147 views 20744 27472 Form validation failed: <ul class="errorlist"><li>password2<ul class="errorlist" id="id_password2_error"><li>The password is too similar to the last name.</li></ul></li></ul>
INFO 2025-10-17 12:42:54,547 basehttp 20744 27472 "POST /auth/register/ HTTP/1.1" 200 37858
INFO 2025-10-17 12:43:29,784 views 20744 27472 Form data received: <QueryDict: {'csrfmiddlewaretoken': ['I6aEWY8ccGXepMuVtwr20GxaKQqdFungD8s6tnfdgRve7KHkHHsiggA8T6Hxk3tu'], 'username': ['Ishara'], 'email': ['ishara@gmail.com'], 'first_name': ['Ishara'], 'last_name': ['Madusanka'], 'password1': ['James@123'], 'password2': ['James@123'], 'hotel': [''], 'role': ['admin'], 'phone_number': ['11'], 'department': ['11']}>
INFO 2025-10-17 12:43:31,805 views 20744 27472 User created successfully: Ishara
INFO 2025-10-17 12:43:32,275 basehttp 20744 27472 "POST /auth/register/ HTTP/1.1" 302 0
INFO 2025-10-17 12:43:33,530 basehttp 20744 27472 "GET /auth/register/ HTTP/1.1" 200 36533
INFO 2025-10-17 12:43:41,946 basehttp 20744 27472 "GET /auth/users/ HTTP/1.1" 200 32427
INFO 2025-10-17 12:43:56,592 basehttp 20744 27472 "POST /auth/delete-user/ HTTP/1.1" 200 79
INFO 2025-10-17 12:43:58,752 basehttp 20744 27472 "GET /auth/users/ HTTP/1.1" 200 30813
INFO 2025-10-17 12:44:57,966 autoreload 20744 10544 E:\ish\multiagent-review-sentiment-ai\apps\authentication\views.py changed, reloading.
INFO 2025-10-17 12:44:58,580 autoreload 25936 18628 Watching for file changes with StatReloader
INFO 2025-10-17 12:46:59,915 autoreload 14228 496 Watching for file changes with StatReloader
INFO 2025-10-17 12:47:04,142 basehttp 14228 28764 "GET /auth/users/ HTTP/1.1" 200 31726
INFO 2025-10-17 12:47:17,185 basehttp 14228 28764 "POST /auth/delete-user/ HTTP/1.1" 200 86
INFO 2025-10-17 12:47:19,122 basehttp 14228 28764 "GET /auth/users/ HTTP/1.1" 200 30098
INFO 2025-10-17 12:50:13,669 autoreload 19100 18128 Watching for file changes with StatReloader
INFO 2025-10-17 12:50:18,421 basehttp 19100 28196 "GET /auth/users/ HTTP/1.1" 200 29185
INFO 2025-10-17 12:51:30,615 autoreload 25504 9404 Watching for file changes with StatReloader
INFO 2025-10-17 12:51:35,144 basehttp 25504 29072 "GET / HTTP/1.1" 302 0
INFO 2025-10-17 12:51:36,781 basehttp 25504 4892 "GET /dashboard/ HTTP/1.1" 200 42980
INFO 2025-10-17 12:51:40,178 basehttp 25504 4892 "GET /dashboard/ HTTP/1.1" 200 42980
INFO 2025-10-17 12:51:46,362 basehttp 25504 4892 "GET /auth/users/ HTTP/1.1" 200 29185
INFO 2025-10-17 12:52:03,419 basehttp 25504 4892 "GET /dashboard/ HTTP/1.1" 200 42980
INFO 2025-10-17 12:52:17,801 basehttp 25504 4892 "GET /dashboard/reviews/ HTTP/1.1" 200 170228
INFO 2025-10-17 12:52:25,501 basehttp 25504 4892 "GET /dashboard/reviews/f771f858-419f-492c-8700-a9a0ae469392/ HTTP/1.1" 200 21434
INFO 2025-10-17 12:54:49,041 basehttp 25504 4892 "GET /dashboard/reviews/ HTTP/1.1" 200 170228
INFO 2025-10-17 13:08:53,716 autoreload 4892 17332 Watching for file changes with StatReloader
INFO 2025-10-17 13:08:59,022 basehttp 4892 10248 "GET /dashboard/upload/ HTTP/1.1" 200 60108
INFO 2025-10-17 13:09:10,894 basehttp 4892 10248 "POST /dashboard/upload/ HTTP/1.1" 200 145
INFO 2025-10-17 13:09:17,172 basehttp 4892 10248 "GET /dashboard/reviews/ HTTP/1.1" 200 167064
INFO 2025-10-17 13:09:26,094 basehttp 4892 10248 "GET /dashboard/ HTTP/1.1" 200 43763
INFO 2025-10-17 13:09:34,855 orchestrator 4892 10248 [STAGE 1] Classifier Agent initialized
INFO 2025-10-17 13:09:34,858 orchestrator 4892 10248 [STAGE 1] Scorer Agent initialized
INFO 2025-10-17 13:09:34,861 orchestrator 4892 10248 [STAGE 1] Title Generator Agent initialized
INFO 2025-10-17 13:09:34,862 orchestrator 4892 10248 [STAGE 1 COMPLETE] Core processing agents ready
INFO 2025-10-17 13:09:34,862 orchestrator 4892 10248 [STAGE 2] Analytics agents will be initialized on-demand
INFO 2025-10-17 13:09:35,007 views 4892 10248 [STAGE 1] Using ReviewProcessingOrchestrator for core processing of 5 reviews
INFO 2025-10-17 13:09:35,416 orchestrator 4892 10248 [STAGE 1] Processing review b0086d9d-1f7b-4e73-9c48-d82925574e4c
INFO 2025-10-17 13:09:45,885 orchestrator 4892 10248 [COMPLETED] Single review workflow completed in 10.47s
INFO 2025-10-17 13:09:46,008 orchestrator 4892 10248 [STAGE 1] Processing review ddf6d2f0-8c3d-44e7-99b0-f37ee66796a9
INFO 2025-10-17 13:09:49,635 orchestrator 4892 10248 [COMPLETED] Single review workflow completed in 3.63s
INFO 2025-10-17 13:09:49,757 orchestrator 4892 10248 [STAGE 1] Processing review 98bf24df-129b-49c8-b26f-c4c3f0e009b3
INFO 2025-10-17 13:09:53,356 orchestrator 4892 10248 [COMPLETED] Single review workflow completed in 3.60s
INFO 2025-10-17 13:09:53,484 orchestrator 4892 10248 [STAGE 1] Processing review c41f5054-460a-41c7-8c22-1b84d50cc759
INFO 2025-10-17 13:09:56,866 orchestrator 4892 10248 [COMPLETED] Single review workflow completed in 3.38s
INFO 2025-10-17 13:09:56,990 orchestrator 4892 10248 [STAGE 1] Processing review 3f4f8fcc-5c6d-4310-8bfc-37f028cde567
INFO 2025-10-17 13:10:00,034 orchestrator 4892 10248 [COMPLETED] Single review workflow completed in 3.04s
INFO 2025-10-17 13:10:00,772 basehttp 4892 10248 "POST /api/v1/process/ HTTP/1.1" 200 388
INFO 2025-10-17 13:10:07,059 basehttp 4892 10248 "GET /dashboard/ HTTP/1.1" 200 43730
INFO 2025-10-17 13:10:13,372 basehttp 4892 10248 "GET /dashboard/reviews/ HTTP/1.1" 200 168969
INFO 2025-10-17 13:11:35,899 autoreload 4892 17332 E:\ish\multiagent-review-sentiment-ai\apps\api\views.py changed, reloading.
INFO 2025-10-17 13:11:37,026 autoreload 14584 28844 Watching for file changes with StatReloader
INFO 2025-10-17 13:11:43,666 autoreload 14584 28844 E:\ish\multiagent-review-sentiment-ai\apps\api\views.py changed, reloading.
INFO 2025-10-17 13:11:44,266 autoreload 2016 10520 Watching for file changes with StatReloader
INFO 2025-10-17 13:12:59,781 orchestrator 3780 29668 [STAGE 1] Classifier Agent initialized
INFO 2025-10-17 13:12:59,784 orchestrator 3780 29668 [STAGE 1] Scorer Agent initialized
INFO 2025-10-17 13:12:59,787 orchestrator 3780 29668 [STAGE 1] Title Generator Agent initialized
INFO 2025-10-17 13:12:59,787 orchestrator 3780 29668 [STAGE 1 COMPLETE] Core processing agents ready
INFO 2025-10-17 13:12:59,787 orchestrator 3780 29668 [STAGE 2] Analytics agents will be initialized on-demand
INFO 2025-10-17 13:13:33,377 orchestrator 26348 22196 [STAGE 1] Classifier Agent initialized
INFO 2025-10-17 13:13:33,380 orchestrator 26348 22196 [STAGE 1] Scorer Agent initialized
INFO 2025-10-17 13:13:33,382 orchestrator 26348 22196 [STAGE 1] Title Generator Agent initialized
INFO 2025-10-17 13:13:33,382 orchestrator 26348 22196 [STAGE 1 COMPLETE] Core processing agents ready
INFO 2025-10-17 13:13:33,382 orchestrator 26348 22196 [STAGE 2] Analytics agents will be initialized on-demand
INFO 2025-10-17 13:13:48,441 autoreload 16008 27264 Watching for file changes with StatReloader
INFO 2025-10-17 13:14:03,179 basehttp 16008 29128 "GET /dashboard/reviews/ HTTP/1.1" 200 174445
INFO 2025-10-17 13:14:19,451 basehttp 16008 29128 "GET /dashboard/reviews/ddf6d2f0-8c3d-44e7-99b0-f37ee66796a9/ HTTP/1.1" 200 21274
INFO 2025-10-17 13:15:30,778 basehttp 16008 29128 "GET /dashboard/reviews/ HTTP/1.1" 200 169727
INFO 2025-10-17 13:15:38,853 basehttp 16008 29128 "GET /dashboard/upload/ HTTP/1.1" 200 61826
INFO 2025-10-17 13:15:46,989 basehttp 16008 29128 "POST /dashboard/upload/ HTTP/1.1" 200 145
INFO 2025-10-17 13:15:52,335 basehttp 16008 29128 "GET /dashboard/ HTTP/1.1" 200 43742
INFO 2025-10-17 13:16:01,122 orchestrator 16008 29128 [STAGE 1] Classifier Agent initialized
INFO 2025-10-17 13:16:01,125 orchestrator 16008 29128 [STAGE 1] Scorer Agent initialized
INFO 2025-10-17 13:16:01,129 orchestrator 16008 29128 [STAGE 1] Title Generator Agent initialized
INFO 2025-10-17 13:16:01,129 orchestrator 16008 29128 [STAGE 1 COMPLETE] Core processing agents ready
INFO 2025-10-17 13:16:01,129 orchestrator 16008 29128 [STAGE 2] Analytics agents will be initialized on-demand
INFO 2025-10-17 13:16:01,275 views 16008 29128 [STAGE 1] Using ReviewProcessingOrchestrator for core processing of 5 reviews
INFO 2025-10-17 13:16:01,668 orchestrator 16008 29128 [STAGE 1] Processing review 93c057d5-c767-4b79-a3ab-9f701f6c03b8
INFO 2025-10-17 13:16:08,280 orchestrator 16008 29128 [COMPLETED] Single review workflow completed in 6.61s
INFO 2025-10-17 13:16:08,404 orchestrator 16008 29128 [STAGE 1] Processing review 5f1a2b5b-73e4-4996-b5e4-185670e48b5f
INFO 2025-10-17 13:16:11,511 orchestrator 16008 29128 [COMPLETED] Single review workflow completed in 3.11s
INFO 2025-10-17 13:16:11,642 orchestrator 16008 29128 [STAGE 1] Processing review 3d1bb8c2-7881-4ce3-b6c7-23ca1507e5ed
INFO 2025-10-17 13:16:14,996 orchestrator 16008 29128 [COMPLETED] Single review workflow completed in 3.35s
INFO 2025-10-17 13:16:15,117 orchestrator 16008 29128 [STAGE 1] Processing review 07918b73-ad42-4e68-b02a-47f2b7653c36
INFO 2025-10-17 13:16:18,432 orchestrator 16008 29128 [COMPLETED] Single review workflow completed in 3.31s
INFO 2025-10-17 13:16:18,557 orchestrator 16008 29128 [STAGE 1] Processing review 6f97b0b0-30f7-4de6-9199-ebc091da7eb0
INFO 2025-10-17 13:16:21,793 orchestrator 16008 29128 [COMPLETED] Single review workflow completed in 3.24s
INFO 2025-10-17 13:16:22,571 basehttp 16008 29128 "POST /api/v1/process/ HTTP/1.1" 200 388
INFO 2025-10-17 13:16:28,900 basehttp 16008 29128 "GET /dashboard/ HTTP/1.1" 200 43709
INFO 2025-10-17 13:16:34,869 basehttp 16008 29128 "GET /dashboard/reviews/ HTTP/1.1" 200 168534
INFO 2025-10-17 13:19:27,931 autoreload 16008 27264 E:\ish\multiagent-review-sentiment-ai\agents\title_generator\agent.py changed, reloading.
INFO 2025-10-17 13:19:29,316 autoreload 1900 16832 Watching for file changes with StatReloader
INFO 2025-10-17 13:21:36,558 orchestrator 29688 26688 [STAGE 1] Classifier Agent initialized
INFO 2025-10-17 13:21:36,560 orchestrator 29688 26688 [STAGE 1] Scorer Agent initialized
INFO 2025-10-17 13:21:36,563 orchestrator 29688 26688 [STAGE 1] Title Generator Agent initialized
INFO 2025-10-17 13:21:36,563 orchestrator 29688 26688 [STAGE 1 COMPLETE] Core processing agents ready
INFO 2025-10-17 13:21:36,563 orchestrator 29688 26688 [STAGE 2] Analytics agents will be initialized on-demand
INFO 2025-10-17 13:23:37,149 orchestrator 17480 520 [STAGE 1] Classifier Agent initialized
INFO 2025-10-17 13:23:37,152 orchestrator 17480 520 [STAGE 1] Scorer Agent initialized
INFO 2025-10-17 13:23:37,155 orchestrator 17480 520 [STAGE 1] Title Generator Agent initialized
INFO 2025-10-17 13:23:37,155 orchestrator 17480 520 [STAGE 1 COMPLETE] Core processing agents ready
INFO 2025-10-17 13:23:37,156 orchestrator 17480 520 [STAGE 2] Analytics agents will be initialized on-demand
INFO 2025-10-17 13:25:27,895 autoreload 15316 27520 Watching for file changes with StatReloader
INFO 2025-10-17 13:25:36,399 basehttp 15316 25528 "GET /dashboard/reviews/ HTTP/1.1" 200 168549
INFO 2025-10-17 13:25:47,446 basehttp 15316 25528 "GET /dashboard/ HTTP/1.1" 200 43711
INFO 2025-10-17 13:25:50,814 basehttp 15316 25528 "GET /dashboard/upload/ HTTP/1.1" 200 61806
INFO 2025-10-17 13:25:58,593 basehttp 15316 25528 "POST /dashboard/upload/ HTTP/1.1" 200 145
INFO 2025-10-17 13:26:04,560 basehttp 15316 25528 "GET /dashboard/ HTTP/1.1" 200 43722
INFO 2025-10-17 13:26:13,749 orchestrator 15316 25528 [STAGE 1] Classifier Agent initialized
INFO 2025-10-17 13:26:13,752 orchestrator 15316 25528 [STAGE 1] Scorer Agent initialized
INFO 2025-10-17 13:26:13,754 orchestrator 15316 25528 [STAGE 1] Title Generator Agent initialized
INFO 2025-10-17 13:26:13,754 orchestrator 15316 25528 [STAGE 1 COMPLETE] Core processing agents ready
INFO 2025-10-17 13:26:13,754 orchestrator 15316 25528 [STAGE 2] Analytics agents will be initialized on-demand
INFO 2025-10-17 13:26:13,907 views 15316 25528 [STAGE 1] Using ReviewProcessingOrchestrator for core processing of 5 reviews
INFO 2025-10-17 13:26:14,326 orchestrator 15316 25528 [STAGE 1] Processing review 5ed1e84c-5e20-4902-8384-de658963bf74
INFO 2025-10-17 13:26:23,236 orchestrator 15316 25528 [COMPLETED] Single review workflow completed in 8.91s
INFO 2025-10-17 13:26:23,350 orchestrator 15316 25528 [STAGE 1] Processing review 66f0674d-d4c4-4c7c-b035-14b673e81b87
INFO 2025-10-17 13:26:25,323 autoreload 15316 27520 E:\ish\multiagent-review-sentiment-ai\agents\title_generator\agent.py changed, reloading.
INFO 2025-10-17 13:26:26,777 autoreload 8916 27316 Watching for file changes with StatReloader
INFO 2025-10-17 13:26:35,111 basehttp 8916 27044 "GET /dashboard/reviews/ HTTP/1.1" 200 165533
INFO 2025-10-17 13:26:49,765 basehttp 8916 27044 "GET /dashboard/ HTTP/1.1" 200 43723
INFO 2025-10-17 13:27:00,374 orchestrator 8916 27044 [STAGE 1] Classifier Agent initialized
INFO 2025-10-17 13:27:00,378 orchestrator 8916 27044 [STAGE 1] Scorer Agent initialized
INFO 2025-10-17 13:27:00,382 orchestrator 8916 27044 [STAGE 1] Title Generator Agent initialized
INFO 2025-10-17 13:27:00,382 orchestrator 8916 27044 [STAGE 1 COMPLETE] Core processing agents ready
INFO 2025-10-17 13:27:00,382 orchestrator 8916 27044 [STAGE 2] Analytics agents will be initialized on-demand
INFO 2025-10-17 13:27:00,513 views 8916 27044 [STAGE 1] Using ReviewProcessingOrchestrator for core processing of 4 reviews
INFO 2025-10-17 13:27:00,880 orchestrator 8916 27044 [STAGE 1] Processing review 66f0674d-d4c4-4c7c-b035-14b673e81b87
INFO 2025-10-17 13:27:02,669 orchestrator 8916 27044 [COMPLETED] Single review workflow completed in 1.79s
INFO 2025-10-17 13:27:02,802 orchestrator 8916 27044 [STAGE 1] Processing review b0bef7dc-a2a5-497a-b8dd-90a0c26def2b
INFO 2025-10-17 13:27:04,863 orchestrator 8916 27044 [COMPLETED] Single review workflow completed in 2.06s
INFO 2025-10-17 13:27:05,010 orchestrator 8916 27044 [STAGE 1] Processing review 3ce5e945-4608-49a9-bfd9-ee5636ed2ae6
INFO 2025-10-17 13:27:06,816 orchestrator 8916 27044 [COMPLETED] Single review workflow completed in 1.81s
INFO 2025-10-17 13:27:06,937 orchestrator 8916 27044 [STAGE 1] Processing review 93b6cf13-9bc4-419e-bf27-612b33e66fd5
INFO 2025-10-17 13:27:09,067 orchestrator 8916 27044 [COMPLETED] Single review workflow completed in 2.13s
INFO 2025-10-17 13:27:09,864 basehttp 8916 27044 "POST /api/v1/process/ HTTP/1.1" 200 388
INFO 2025-10-17 13:27:15,945 basehttp 8916 27044 "GET /dashboard/ HTTP/1.1" 200 43688
INFO 2025-10-17 13:27:22,405 basehttp 8916 27044 "GET /dashboard/reviews/ HTTP/1.1" 200 167075
INFO 2025-10-17 13:28:28,993 autoreload 8916 27316 E:\ish\multiagent-review-sentiment-ai\agents\title_generator\agent.py changed, reloading.
INFO 2025-10-17 13:28:30,139 autoreload 6400 8524 Watching for file changes with StatReloader
INFO 2025-10-17 13:44:02,348 orchestrator 13448 26464 [STAGE 1] Classifier Agent initialized
INFO 2025-10-17 13:44:02,352 orchestrator 13448 26464 [STAGE 1] Scorer Agent initialized
INFO 2025-10-17 13:44:02,355 agent 13448 26464 AI Title Generator Agent initialized with pure AI models
INFO 2025-10-17 13:44:02,355 orchestrator 13448 26464 [STAGE 1] Title Generator Agent initialized
INFO 2025-10-17 13:44:02,355 orchestrator 13448 26464 [STAGE 1 COMPLETE] Core processing agents ready
INFO 2025-10-17 13:44:02,356 orchestrator 13448 26464 [STAGE 2] Analytics agents will be initialized on-demand
INFO 2025-10-17 13:44:24,243 autoreload 20092 29560 Watching for file changes with StatReloader
INFO 2025-10-17 13:44:32,041 basehttp 20092 13508 "GET /dashboard/reviews/ HTTP/1.1" 200 167134
INFO 2025-10-17 13:45:19,699 basehttp 20092 13508 "GET /dashboard/ HTTP/1.1" 200 43690
INFO 2025-10-17 13:45:47,597 basehttp 20092 13508 "GET /dashboard/reviews/ HTTP/1.1" 200 167134
INFO 2025-10-17 13:45:58,918 basehttp 20092 13508 "GET /dashboard/upload/ HTTP/1.1" 200 61785
INFO 2025-10-17 13:46:11,095 basehttp 20092 13508 "POST /dashboard/upload/ HTTP/1.1" 200 145
INFO 2025-10-17 13:46:23,039 basehttp 20092 13508 "GET /dashboard/reviews/ HTTP/1.1" 200 163962
INFO 2025-10-17 13:46:56,276 basehttp 20092 13508 "GET /dashboard/ HTTP/1.1" 200 43701
INFO 2025-10-17 13:47:06,130 orchestrator 20092 13508 [STAGE 1] Classifier Agent initialized
INFO 2025-10-17 13:47:06,132 orchestrator 20092 13508 [STAGE 1] Scorer Agent initialized
INFO 2025-10-17 13:47:06,134 agent 20092 13508 AI Title Generator Agent initialized with pure AI models
INFO 2025-10-17 13:47:06,134 orchestrator 20092 13508 [STAGE 1] Title Generator Agent initialized
INFO 2025-10-17 13:47:06,135 orchestrator 20092 13508 [STAGE 1 COMPLETE] Core processing agents ready
INFO 2025-10-17 13:47:06,135 orchestrator 20092 13508 [STAGE 2] Analytics agents will be initialized on-demand
INFO 2025-10-17 13:47:06,265 views 20092 13508 [STAGE 1] Using ReviewProcessingOrchestrator for core processing of 5 reviews
INFO 2025-10-17 13:47:06,626 orchestrator 20092 13508 [STAGE 1] Processing review c67cd4f9-b02b-42a9-a244-8ae7f9f1794c
INFO 2025-10-17 13:53:10,074 orchestrator 11288 19248 [STAGE 1] Classifier Agent initialized
INFO 2025-10-17 13:53:10,077 orchestrator 11288 19248 [STAGE 1] Scorer Agent initialized
INFO 2025-10-17 13:53:10,080 orchestrator 11288 19248 [STAGE 1] Title Generator Agent initialized
INFO 2025-10-17 13:53:10,080 orchestrator 11288 19248 [STAGE 1 COMPLETE] Core processing agents ready
INFO 2025-10-17 13:53:10,081 orchestrator 11288 19248 [STAGE 2] Analytics agents will be initialized on-demand
INFO 2025-10-17 13:53:27,684 autoreload 18660 28340 Watching for file changes with StatReloader
INFO 2025-10-17 13:53:54,604 basehttp 18660 16832 "GET /dashboard/reviews/ HTTP/1.1" 200 164012
INFO 2025-10-17 13:54:04,231 basehttp 18660 16832 "GET /dashboard/ HTTP/1.1" 200 43701
INFO 2025-10-17 13:54:13,161 orchestrator 18660 16832 [STAGE 1] Classifier Agent initialized
INFO 2025-10-17 13:54:13,164 orchestrator 18660 16832 [STAGE 1] Scorer Agent initialized
INFO 2025-10-17 13:54:13,167 orchestrator 18660 16832 [STAGE 1] Title Generator Agent initialized
INFO 2025-10-17 13:54:13,168 orchestrator 18660 16832 [STAGE 1 COMPLETE] Core processing agents ready
INFO 2025-10-17 13:54:13,168 orchestrator 18660 16832 [STAGE 2] Analytics agents will be initialized on-demand
INFO 2025-10-17 13:54:13,312 views 18660 16832 [STAGE 1] Using ReviewProcessingOrchestrator for core processing of 5 reviews
INFO 2025-10-17 13:54:13,664 orchestrator 18660 16832 [STAGE 1] Processing review c67cd4f9-b02b-42a9-a244-8ae7f9f1794c
INFO 2025-10-17 13:54:20,500 orchestrator 18660 16832 [COMPLETED] Single review workflow completed in 6.84s
INFO 2025-10-17 13:54:20,640 orchestrator 18660 16832 [STAGE 1] Processing review 141772dc-ae08-4efb-b2e1-c3f6951e6ad0
INFO 2025-10-17 13:54:23,534 orchestrator 18660 16832 [COMPLETED] Single review workflow completed in 2.89s
INFO 2025-10-17 13:54:23,656 orchestrator 18660 16832 [STAGE 1] Processing review 977c7982-9ca2-4405-aa1c-7fc4b6d54944
INFO 2025-10-17 13:54:27,376 orchestrator 18660 16832 [COMPLETED] Single review workflow completed in 3.72s
INFO 2025-10-17 13:54:27,497 orchestrator 18660 16832 [STAGE 1] Processing review 65cc5ad0-30d1-46c1-895e-8d7871bf8759
INFO 2025-10-17 13:54:30,689 orchestrator 18660 16832 [COMPLETED] Single review workflow completed in 3.19s
INFO 2025-10-17 13:54:30,811 orchestrator 18660 16832 [STAGE 1] Processing review 04d31e9d-d3fb-43aa-9b3a-0755818a39d9
INFO 2025-10-17 13:54:33,776 orchestrator 18660 16832 [COMPLETED] Single review workflow completed in 2.97s
INFO 2025-10-17 13:54:34,618 basehttp 18660 16832 "POST /api/v1/process/ HTTP/1.1" 200 388
INFO 2025-10-17 13:54:40,107 basehttp 18660 16832 "GET /dashboard/ HTTP/1.1" 200 43668
INFO 2025-10-17 13:54:46,795 basehttp 18660 16832 "GET /dashboard/reviews/ HTTP/1.1" 200 165944
INFO 2025-10-17 13:55:23,564 autoreload 18660 28340 E:\ish\multiagent-review-sentiment-ai\agents\title_generator\agent.py changed, reloading.
INFO 2025-10-17 13:55:24,702 autoreload 28132 1980 Watching for file changes with StatReloader
INFO 2025-10-17 13:55:32,633 basehttp 28132 17816 "GET /dashboard/reviews/ HTTP/1.1" 200 165944
INFO 2025-10-17 13:55:39,277 basehttp 28132 17816 "GET /dashboard/upload/ HTTP/1.1" 200 61763
INFO 2025-10-17 13:55:47,740 basehttp 28132 17816 "POST /dashboard/upload/ HTTP/1.1" 200 145
INFO 2025-10-17 13:55:56,350 basehttp 28132 17816 "GET /dashboard/ HTTP/1.1" 200 43673
INFO 2025-10-17 13:56:03,417 basehttp 28132 17816 "GET /dashboard/reviews/ HTTP/1.1" 200 163991
INFO 2025-10-17 13:56:13,634 basehttp 28132 17816 "GET /dashboard/ HTTP/1.1" 200 43674
INFO 2025-10-17 13:56:22,755 orchestrator 28132 17816 [STAGE 1] Classifier Agent initialized
INFO 2025-10-17 13:56:22,758 orchestrator 28132 17816 [STAGE 1] Scorer Agent initialized
INFO 2025-10-17 13:56:22,762 orchestrator 28132 17816 [STAGE 1] Title Generator Agent initialized
INFO 2025-10-17 13:56:22,762 orchestrator 28132 17816 [STAGE 1 COMPLETE] Core processing agents ready
INFO 2025-10-17 13:56:22,763 orchestrator 28132 17816 [STAGE 2] Analytics agents will be initialized on-demand
INFO 2025-10-17 13:56:22,893 views 28132 17816 [STAGE 1] Using ReviewProcessingOrchestrator for core processing of 5 reviews
INFO 2025-10-17 13:56:23,292 orchestrator 28132 17816 [STAGE 1] Processing review 8304d2b6-e80c-432c-aa0c-fa2af5b0d535
INFO 2025-10-17 13:56:32,500 orchestrator 28132 17816 [COMPLETED] Single review workflow completed in 9.21s
INFO 2025-10-17 13:56:32,617 orchestrator 28132 17816 [STAGE 1] Processing review 868f4ce8-eb3b-48e6-94b5-1a87120bd47a
INFO 2025-10-17 13:56:34,607 orchestrator 28132 17816 [COMPLETED] Single review workflow completed in 1.99s
INFO 2025-10-17 13:56:34,865 orchestrator 28132 17816 [STAGE 1] Processing review 0099580d-a18d-4235-b99b-23ff54426524
INFO 2025-10-17 13:56:37,134 orchestrator 28132 17816 [COMPLETED] Single review workflow completed in 2.27s
INFO 2025-10-17 13:56:37,263 orchestrator 28132 17816 [STAGE 1] Processing review 8aa0a43d-f932-432a-9b18-f7c112c4e6f9
INFO 2025-10-17 13:56:39,113 orchestrator 28132 17816 [COMPLETED] Single review workflow completed in 1.85s
INFO 2025-10-17 13:56:39,249 orchestrator 28132 17816 [STAGE 1] Processing review 9acb4a0c-1900-49d1-98b7-f8b9dcdb5090
INFO 2025-10-17 13:56:41,257 orchestrator 28132 17816 [COMPLETED] Single review workflow completed in 2.01s
INFO 2025-10-17 13:56:41,995 basehttp 28132 17816 "POST /api/v1/process/ HTTP/1.1" 200 388
INFO 2025-10-17 13:56:48,792 basehttp 28132 17816 "GET /dashboard/ HTTP/1.1" 200 43640
INFO 2025-10-17 13:56:55,085 basehttp 28132 17816 "GET /dashboard/reviews/ HTTP/1.1" 200 165913
INFO 2025-10-17 13:57:09,039 basehttp 28132 17816 "GET /dashboard/analytics/ HTTP/1.1" 200 113019
INFO 2025-10-17 13:57:09,507 views 28132 17816 Retrieved persisted AI analysis: 23d54b57-124f-4849-9ffc-369faee77b0c
INFO 2025-10-17 13:57:09,969 basehttp 28132 17816 "GET /api/v1/get-ai-analysis/ HTTP/1.1" 200 5355
INFO 2025-10-17 13:57:33,211 basehttp 28132 17816 "GET /dashboard/ HTTP/1.1" 200 43640
INFO 2025-10-17 14:00:47,158 basehttp 28132 17816 "GET /dashboard/ HTTP/1.1" 200 46147
INFO 2025-10-17 14:02:10,982 basehttp 28132 17816 "GET /dashboard/ HTTP/1.1" 200 43641
INFO 2025-10-17 14:04:07,949 basehttp 28132 12436 "GET /dashboard/ HTTP/1.1" 200 43641
INFO 2025-10-17 14:04:37,268 basehttp 28132 12436 "GET /dashboard/ HTTP/1.1" 200 43641
INFO 2025-10-17 14:04:45,708 basehttp 28132 12436 "GET /dashboard/reviews/ HTTP/1.1" 200 165913
INFO 2025-10-17 14:05:02,008 basehttp 28132 12436 "GET /dashboard/analytics/ HTTP/1.1" 200 113019
INFO 2025-10-17 14:05:02,655 views 28132 12436 Retrieved persisted AI analysis: 23d54b57-124f-4849-9ffc-369faee77b0c
INFO 2025-10-17 14:05:03,050 basehttp 28132 12436 "GET /api/v1/get-ai-analysis/ HTTP/1.1" 200 5355
INFO 2025-10-17 14:05:34,175 views 28132 12436 [STAGE 2] Generating analytics for 90 reviews
INFO 2025-10-17 14:05:34,179 orchestrator 28132 12436 [STAGE 1] Classifier Agent initialized
INFO 2025-10-17 14:05:34,182 orchestrator 28132 12436 [STAGE 1] Scorer Agent initialized
INFO 2025-10-17 14:05:34,184 orchestrator 28132 12436 [STAGE 1] Title Generator Agent initialized
INFO 2025-10-17 14:05:34,184 orchestrator 28132 12436 [STAGE 1 COMPLETE] Core processing agents ready
INFO 2025-10-17 14:05:34,185 orchestrator 28132 12436 [STAGE 2] Analytics agents will be initialized on-demand
INFO 2025-10-17 14:05:34,185 orchestrator 28132 12436 [STAGE 2] Generating tags analysis for 90 reviews
INFO 2025-10-17 14:05:34,186 agent 28132 12436 Gemini model initialized successfully for summarization
INFO 2025-10-17 14:05:34,188 orchestrator 28132 12436 [STAGE 2] Summarizer Agent initialized
INFO 2025-10-17 14:05:34,188 agent 28132 12436 Gemini model initialized successfully for tags generation
INFO 2025-10-17 14:05:34,188 agent 28132 12436 [OK] Tags Generator Agent initialized
INFO 2025-10-17 14:05:34,189 orchestrator 28132 12436 [STAGE 2] Tags Generator Agent initialized
INFO 2025-10-17 14:05:34,189 agent 28132 12436 Gemini model initialized successfully for recommendations generation
INFO 2025-10-17 14:05:34,190 agent 28132 12436 [OK] Recommendations Agent initialized
INFO 2025-10-17 14:05:34,190 orchestrator 28132 12436 [STAGE 2] Recommendations Agent initialized
INFO 2025-10-17 14:05:34,191 orchestrator 28132 12436 [STAGE 2] All analytics agents ready
INFO 2025-10-17 14:05:40,660 agent 28132 12436 AI tags generation completed successfully
INFO 2025-10-17 14:05:40,661 agent 28132 12436 Tags generation completed for 90 reviews
INFO 2025-10-17 14:05:40,661 orchestrator 28132 12436 [STAGE 2] Tags analysis completed successfully
INFO 2025-10-17 14:05:40,662 orchestrator 28132 12436 [STAGE 2] Generating business recommendations for 90 reviews
INFO 2025-10-17 14:05:40,662 orchestrator 28132 12436 [STAGE 2] All analytics agents ready
INFO 2025-10-17 14:05:40,662 agent 28132 12436 Generating AI recommendations for 90 reviews
INFO 2025-10-17 14:05:43,319 agent 28132 12436 AI recommendations generated successfully
INFO 2025-10-17 14:05:43,320 orchestrator 28132 12436 [STAGE 2] Business recommendations generated successfully
INFO 2025-10-17 14:05:43,320 orchestrator 28132 12436 [STAGE 2] Generating executive summary for 90 reviews
INFO 2025-10-17 14:05:43,320 orchestrator 28132 12436 [STAGE 2] All analytics agents ready
INFO 2025-10-17 14:05:43,320 agent 28132 12436 Starting AI-powered summarization for 90 reviews
INFO 2025-10-17 14:05:43,321 agent 28132 12436 Gemini model initialized successfully for summarization
INFO 2025-10-17 14:05:46,633 agent 28132 12436 AI summarization completed successfully for 90 reviews
INFO 2025-10-17 14:05:46,634 orchestrator 28132 12436 [STAGE 2] Executive summary generated successfully
INFO 2025-10-17 14:05:46,936 views 28132 12436 AI analysis saved to database with ID: cc504c1f-57e6-48a4-95e1-1eed884f10e3
INFO 2025-10-17 14:05:46,936 views 28132 12436 Complete AI analysis generated successfully
INFO 2025-10-17 14:05:47,661 basehttp 28132 12436 "POST /api/v1/ai-analysis/ HTTP/1.1" 200 4284
INFO 2025-10-17 14:06:01,887 basehttp 28132 12436 "GET /dashboard/analytics/ HTTP/1.1" 200 113019
INFO 2025-10-17 14:06:02,416 views 28132 12436 Retrieved persisted AI analysis: cc504c1f-57e6-48a4-95e1-1eed884f10e3
INFO 2025-10-17 14:06:02,788 basehttp 28132 12436 "GET /api/v1/get-ai-analysis/ HTTP/1.1" 200 5504
INFO 2025-10-17 14:06:18,914 basehttp 28132 12436 "GET /auth/users/ HTTP/1.1" 200 29185
INFO 2025-10-17 14:08:50,798 basehttp 28132 12436 "GET /auth/users/ HTTP/1.1" 200 29420
INFO 2025-10-17 14:09:13,672 basehttp 28132 12436 "GET /dashboard/ HTTP/1.1" 200 43638
INFO 2025-10-17 14:09:27,427 basehttp 28132 12436 "GET /auth/users/ HTTP/1.1" 200 29185
INFO 2025-10-17 14:09:30,913 basehttp 28132 12436 "GET /auth/register/ HTTP/1.1" 200 35424
INFO 2025-10-17 14:10:24,407 views 28132 12436 Form data received: <QueryDict: {'csrfmiddlewaretoken': ['kVwiHVH0oSTGG5VoQvkjgmFRW9LTUZTufXOKekO1s3rGo38N4GlzwWIP5p2dzyZI'], 'username': ['plaza'], 'email': ['plaza@gmail.com'], 'first_name': ['plaza'], 'last_name': ['manager'], 'password1': ['Grand@123'], 'password2': ['Grand@123'], 'hotel': ['6'], 'role': ['manager'], 'phone_number': ['11'], 'department': ['11']}>
INFO 2025-10-17 14:10:26,510 views 28132 12436 User created successfully: plaza
INFO 2025-10-17 14:10:26,976 basehttp 28132 12436 "POST /auth/register/ HTTP/1.1" 302 0
INFO 2025-10-17 14:10:28,246 basehttp 28132 12436 "GET /auth/register/ HTTP/1.1" 200 36527
INFO 2025-10-17 14:10:34,386 basehttp 28132 12436 "GET /auth/users/ HTTP/1.1" 200 30904
INFO 2025-10-17 14:10:42,929 basehttp 28132 12436 "GET /auth/user-preview/28/ HTTP/1.1" 200 383
INFO 2025-10-17 14:10:54,114 basehttp 28132 12436 "GET /auth/logout/ HTTP/1.1" 302 0
INFO 2025-10-17 14:10:54,122 basehttp 28132 12436 "GET /auth/login/ HTTP/1.1" 200 11905
INFO 2025-10-17 14:11:07,846 basehttp 28132 12436 "POST /auth/login/ HTTP/1.1" 302 0
INFO 2025-10-17 14:11:11,410 basehttp 28132 12436 "GET /dashboard/ HTTP/1.1" 200 43684
INFO 2025-10-17 14:11:20,370 basehttp 28132 12436 "GET /dashboard/reviews/ HTTP/1.1" 200 72947
INFO 2025-10-17 14:11:42,345 basehttp 28132 12436 "GET /dashboard/analytics/ HTTP/1.1" 200 102305
INFO 2025-10-17 14:11:42,754 views 28132 12436 Retrieved persisted AI analysis: cc504c1f-57e6-48a4-95e1-1eed884f10e3
INFO 2025-10-17 14:11:43,157 basehttp 28132 12436 "GET /api/v1/get-ai-analysis/ HTTP/1.1" 200 5504
INFO 2025-10-17 14:12:04,935 basehttp 28132 12436 "GET /dashboard/ HTTP/1.1" 200 43065
INFO 2025-10-17 14:13:23,169 basehttp 28132 12436 "GET /auth/profile/ HTTP/1.1" 200 33981
INFO 2025-10-17 14:13:33,486 basehttp 28132 12436 "GET /auth/logout/ HTTP/1.1" 302 0
INFO 2025-10-17 14:13:33,490 basehttp 28132 12436 "GET /auth/login/ HTTP/1.1" 200 11915
INFO 2025-10-17 14:13:40,384 basehttp 28132 12436 "POST /auth/login/ HTTP/1.1" 302 0
INFO 2025-10-17 14:13:43,784 basehttp 28132 12436 "GET /dashboard/ HTTP/1.1" 200 44259
INFO 2025-10-17 15:11:01,761 autoreload 516 27668 Watching for file changes with StatReloader
INFO 2025-10-17 15:11:08,840 basehttp 516 27392 "GET / HTTP/1.1" 302 0
INFO 2025-10-17 15:11:12,497 basehttp 516 27392 "GET /dashboard/ HTTP/1.1" 200 43687
INFO 2025-10-17 15:11:24,422 basehttp 516 27392 "GET /dashboard/upload/ HTTP/1.1" 200 61782
INFO 2025-10-17 15:11:35,137 basehttp 516 27392 "POST /dashboard/upload/ HTTP/1.1" 200 145
INFO 2025-10-17 15:11:42,446 basehttp 516 27392 "GET /dashboard/ HTTP/1.1" 200 43710
INFO 2025-10-17 15:11:56,417 basehttp 516 27392 "GET /dashboard/reviews/ HTTP/1.1" 200 163951
INFO 2025-10-17 15:12:04,937 basehttp 516 27392 "GET /dashboard/ HTTP/1.1" 200 43710
INFO 2025-10-17 15:12:15,284 orchestrator 516 27392 [STAGE 1] Classifier Agent initialized
INFO 2025-10-17 15:12:15,288 orchestrator 516 27392 [STAGE 1] Scorer Agent initialized
INFO 2025-10-17 15:12:15,291 orchestrator 516 27392 [STAGE 1] Title Generator Agent initialized
INFO 2025-10-17 15:12:15,291 orchestrator 516 27392 [STAGE 1 COMPLETE] Core processing agents ready
INFO 2025-10-17 15:12:15,291 orchestrator 516 27392 [STAGE 2] Analytics agents will be initialized on-demand
INFO 2025-10-17 15:12:15,576 views 516 27392 [STAGE 1] Using ReviewProcessingOrchestrator for core processing of 5 reviews
INFO 2025-10-17 15:12:15,937 orchestrator 516 27392 [STAGE 1] Processing review c273a85b-d963-44e8-9eb1-dacc598be86d
INFO 2025-10-17 15:12:17,802 orchestrator 516 27392 [COMPLETED] Single review workflow completed in 1.87s
INFO 2025-10-17 15:12:17,927 orchestrator 516 27392 [STAGE 1] Processing review ec59ddf4-97d6-41a9-82d1-1eb105230f89
INFO 2025-10-17 15:12:19,890 orchestrator 516 27392 [COMPLETED] Single review workflow completed in 1.96s
INFO 2025-10-17 15:12:20,011 orchestrator 516 27392 [STAGE 1] Processing review a4fdcab8-34a2-4b6c-ac42-4fddae660c5e
INFO 2025-10-17 15:12:22,239 orchestrator 516 27392 [COMPLETED] Single review workflow completed in 2.23s
INFO 2025-10-17 15:12:22,370 orchestrator 516 27392 [STAGE 1] Processing review d46bfed5-cd5f-489b-a9b7-4e47f28901cf
INFO 2025-10-17 15:12:24,199 orchestrator 516 27392 [COMPLETED] Single review workflow completed in 1.83s
INFO 2025-10-17 15:12:24,328 orchestrator 516 27392 [STAGE 1] Processing review 1c47646b-2c3c-4f2a-80f6-d8faf0ee6c3d
INFO 2025-10-17 15:12:26,278 orchestrator 516 27392 [COMPLETED] Single review workflow completed in 1.95s
INFO 2025-10-17 15:12:27,036 basehttp 516 27392 "POST /api/v1/process/ HTTP/1.1" 200 388
INFO 2025-10-17 15:12:32,636 basehttp 516 27392 "GET /dashboard/ HTTP/1.1" 200 43676
INFO 2025-10-17 15:12:38,651 basehttp 516 27392 "GET /dashboard/reviews/ HTTP/1.1" 200 165877
INFO 2025-10-17 15:12:54,616 basehttp 516 27392 "GET /dashboard/analytics/ HTTP/1.1" 200 113019
INFO 2025-10-17 15:12:55,179 views 516 27392 Retrieved persisted AI analysis: cc504c1f-57e6-48a4-95e1-1eed884f10e3
INFO 2025-10-17 15:12:55,536 basehttp 516 27392 "GET /api/v1/get-ai-analysis/ HTTP/1.1" 200 5504
INFO 2025-10-17 15:13:04,136 basehttp 516 27392 "GET /dashboard/upload/ HTTP/1.1" 200 61773
INFO 2025-10-17 15:13:17,176 basehttp 516 27392 "GET /dashboard/reports/generate/ HTTP/1.1" 200 29809
INFO 2025-10-17 15:14:07,860 basehttp 516 27392 "GET /dashboard/analytics/ HTTP/1.1" 200 113019
INFO 2025-10-17 15:14:08,266 views 516 27392 Retrieved persisted AI analysis: cc504c1f-57e6-48a4-95e1-1eed884f10e3
INFO 2025-10-17 15:14:08,620 basehttp 516 27392 "GET /api/v1/get-ai-analysis/ HTTP/1.1" 200 5504
INFO 2025-10-17 15:14:18,199 basehttp 516 27392 "GET /dashboard/ HTTP/1.1" 200 43677
INFO 2025-10-17 16:40:39,528 autoreload 27816 28960 Watching for file changes with StatReloader
INFO 2025-10-17 16:41:05,212 autoreload 27816 28960 E:\ish\multiagent-review-sentiment-ai\hotel_review_platform\settings.py changed, reloading.
INFO 2025-10-17 16:41:05,794 autoreload 3208 31248 Watching for file changes with StatReloader
INFO 2025-10-17 16:44:09,509 autoreload 4420 30564 Watching for file changes with StatReloader
INFO 2025-10-17 16:44:14,874 basehttp 4420 27960 "GET / HTTP/1.1" 200 51190
INFO 2025-10-17 16:45:09,462 basehttp 4420 27960 "GET /app/ HTTP/1.1" 302 0
INFO 2025-10-17 16:45:09,479 basehttp 4420 27960 "GET /auth/login/?next=/app/ HTTP/1.1" 200 11566
INFO 2025-10-17 16:45:23,574 basehttp 4420 27960 "GET /app/ HTTP/1.1" 302 0
INFO 2025-10-17 16:45:23,586 basehttp 4420 27960 "GET /auth/login/?next=/app/ HTTP/1.1" 200 11566
INFO 2025-10-17 16:45:59,249 basehttp 4420 27960 "GET /app/ HTTP/1.1" 302 0
INFO 2025-10-17 16:45:59,261 basehttp 4420 27960 "GET /auth/login/?next=/app/ HTTP/1.1" 200 11566
INFO 2025-10-17 16:46:05,664 basehttp 4420 27960 "POST /auth/login/?next=/app/ HTTP/1.1" 200 11888
INFO 2025-10-17 16:46:14,001 basehttp 4420 27960 "POST /auth/login/?next=/app/ HTTP/1.1" 200 11888
INFO 2025-10-17 16:46:27,140 basehttp 4420 27960 "POST /auth/login/?next=/app/ HTTP/1.1" 200 11888
INFO 2025-10-17 16:46:45,860 basehttp 4420 27960 "POST /auth/login/?next=/app/ HTTP/1.1" 200 11888
INFO 2025-10-17 16:47:02,900 basehttp 4420 27960 "POST /auth/login/?next=/app/ HTTP/1.1" 200 11888
INFO 2025-10-17 16:47:24,671 autoreload 15420 30484 Watching for file changes with StatReloader
INFO 2025-10-17 16:47:46,042 basehttp 4420 20876 "GET /?id=52a6bd7a-1222-4cfc-8ce3-906359cd89a7&vscodeBrowserReqId=1760699865732 HTTP/1.1" 200 51190
INFO 2025-10-17 16:47:57,743 basehttp 4420 20876 "GET /app/?id=52a6bd7a-1222-4cfc-8ce3-906359cd89a7&vscodeBrowserReqId=1760699877738 HTTP/1.1" 302 0
INFO 2025-10-17 16:47:57,745 basehttp 4420 20876 "GET /auth/login/?next=/app/%3Fid%3D52a6bd7a-1222-4cfc-8ce3-906359cd89a7%26vscodeBrowserReqId%3D1760699877738 HTTP/1.1" 200 11566
INFO 2025-10-17 16:48:09,932 basehttp 4420 27960 "GET /auth/login/?next=/app/ HTTP/1.1" 200 11566
INFO 2025-10-17 16:48:16,166 basehttp 4420 20876 "GET /auth/login/?id=52a6bd7a-1222-4cfc-8ce3-906359cd89a7&vscodeBrowserReqId=1760699896166 HTTP/1.1" 200 11566
INFO 2025-10-17 16:49:04,681 autoreload 4420 30564 E:\ish\multiagent-review-sentiment-ai\hotel_review_platform\settings.py changed, reloading.
INFO 2025-10-17 16:49:05,320 autoreload 31548 26872 Watching for file changes with StatReloader
INFO 2025-10-17 16:49:14,800 basehttp 31548 25836 "GET /pricing-calculator/?properties=1&reviews=1000 HTTP/1.1" 200 87
INFO 2025-10-17 16:49:16,174 autoreload 31548 26872 E:\ish\multiagent-review-sentiment-ai\apps\authentication\views.py changed, reloading.
INFO 2025-10-17 16:49:16,759 autoreload 31364 30780 Watching for file changes with StatReloader
INFO 2025-10-17 16:49:20,361 basehttp 31364 25800 "GET /pricing-calculator/?properties=4&reviews=1000 HTTP/1.1" 200 93
INFO 2025-10-17 16:49:23,495 autoreload 31364 30780 E:\ish\multiagent-review-sentiment-ai\apps\authentication\views.py changed, reloading.
INFO 2025-10-17 16:49:24,059 autoreload 30220 31544 Watching for file changes with StatReloader
INFO 2025-10-17 16:49:35,878 autoreload 30220 31544 E:\ish\multiagent-review-sentiment-ai\apps\authentication\views.py changed, reloading.
INFO 2025-10-17 16:49:36,486 autoreload 16824 23196 Watching for file changes with StatReloader
INFO 2025-10-17 16:49:46,205 autoreload 16824 23196 E:\ish\multiagent-review-sentiment-ai\apps\authentication\views.py changed, reloading.
INFO 2025-10-17 16:49:46,749 autoreload 3500 21080 Watching for file changes with StatReloader
INFO 2025-10-17 16:51:12,233 basehttp 3500 28184 "GET / HTTP/1.1" 200 51190
INFO 2025-10-17 16:51:14,770 basehttp 3500 28184 "GET /app/ HTTP/1.1" 302 0
INFO 2025-10-17 16:51:14,787 basehttp 3500 28184 "GET /auth/login/?next=/app/ HTTP/1.1" 200 11566
INFO 2025-10-17 16:51:20,904 basehttp 3500 28184 "POST /auth/login/?next=/app/ HTTP/1.1" 200 11888
INFO 2025-10-17 16:52:06,887 autoreload 3500 21080 E:\ish\multiagent-review-sentiment-ai\hotel_review_platform\settings.py changed, reloading.
INFO 2025-10-17 16:52:07,467 autoreload 31472 11752 Watching for file changes with StatReloader
INFO 2025-10-17 16:57:02,158 autoreload 31472 11752 E:\ish\multiagent-review-sentiment-ai\apps\authentication\views.py changed, reloading.
INFO 2025-10-17 16:57:02,757 autoreload 17160 18476 Watching for file changes with StatReloader
INFO 2025-10-17 16:57:21,784 autoreload 17160 18476 E:\ish\multiagent-review-sentiment-ai\apps\authentication\views.py changed, reloading.
INFO 2025-10-17 16:57:22,305 autoreload 31980 3920 Watching for file changes with StatReloader
INFO 2025-10-17 16:57:43,467 autoreload 31980 3920 E:\ish\multiagent-review-sentiment-ai\apps\authentication\views.py changed, reloading.
INFO 2025-10-17 16:57:44,058 autoreload 31216 32200 Watching for file changes with StatReloader
INFO 2025-10-17 16:57:54,717 autoreload 31216 32200 E:\ish\multiagent-review-sentiment-ai\apps\authentication\views.py changed, reloading.
INFO 2025-10-17 16:57:55,281 autoreload 22004 5640 Watching for file changes with StatReloader
INFO 2025-10-17 16:58:30,153 autoreload 22004 5640 E:\ish\multiagent-review-sentiment-ai\hotel_review_platform\settings.py changed, reloading.
INFO 2025-10-17 16:58:30,608 autoreload 28016 16008 Watching for file changes with StatReloader
INFO 2025-10-17 16:59:01,174 autoreload 18044 20820 Watching for file changes with StatReloader
INFO 2025-10-17 16:59:04,771 basehttp 28016 30868 "GET /auth/login/?next=/app/ HTTP/1.1" 200 11566
INFO 2025-10-17 16:59:06,432 basehttp 28016 30868 "GET / HTTP/1.1" 200 51190
INFO 2025-10-17 16:59:08,312 basehttp 28016 30868 "GET / HTTP/1.1" 200 51190
INFO 2025-10-17 16:59:09,588 basehttp 28016 30868 "GET /app/ HTTP/1.1" 302 0
INFO 2025-10-17 16:59:09,604 basehttp 28016 30868 "GET /auth/login/?next=/app/ HTTP/1.1" 200 11566
INFO 2025-10-17 16:59:20,869 basehttp 28016 30868 "POST /auth/login/?next=/app/ HTTP/1.1" 302 0
INFO 2025-10-17 16:59:20,885 basehttp 28016 30868 "GET /app/ HTTP/1.1" 200 32456
WARNING 2025-10-17 16:59:31,372 log 28016 30868 Forbidden (CSRF token from POST incorrect.): /auth/login/
WARNING 2025-10-17 16:59:31,381 basehttp 28016 30868 "POST /auth/login/?next=/app/ HTTP/1.1" 403 2518
INFO 2025-10-17 16:59:34,859 basehttp 28016 30868 "GET /auth/login/?next=/app/ HTTP/1.1" 302 0
INFO 2025-10-17 16:59:34,881 basehttp 28016 30868 "GET /app/ HTTP/1.1" 200 31848
INFO 2025-10-17 16:59:38,291 basehttp 28016 30868 "GET /auth/logout/ HTTP/1.1" 302 0
INFO 2025-10-17 16:59:38,296 basehttp 28016 30868 "GET /auth/login/ HTTP/1.1" 200 11904
INFO 2025-10-17 16:59:44,020 basehttp 28016 30868 "POST /auth/login/ HTTP/1.1" 200 11888
INFO 2025-10-17 16:59:57,910 basehttp 28016 30868 "POST /auth/login/ HTTP/1.1" 200 11888
INFO 2025-10-17 17:00:36,019 autoreload 28016 16008 E:\ish\multiagent-review-sentiment-ai\apps\marketing\views.py changed, reloading.
INFO 2025-10-17 17:00:36,440 autoreload 18044 20820 E:\ish\multiagent-review-sentiment-ai\apps\marketing\urls.py changed, reloading.
INFO 2025-10-17 17:00:36,487 autoreload 20704 16736 Watching for file changes with StatReloader
INFO 2025-10-17 17:00:37,117 autoreload 19032 13244 Watching for file changes with StatReloader
INFO 2025-10-17 17:01:21,128 autoreload 19032 13244 E:\ish\multiagent-review-sentiment-ai\apps\api\views.py changed, reloading.
INFO 2025-10-17 17:01:21,782 autoreload 32168 30900 Watching for file changes with StatReloader
INFO 2025-10-17 17:01:23,432 autoreload 20704 16736 E:\ish\multiagent-review-sentiment-ai\hotel_review_platform\settings.py changed, reloading.
INFO 2025-10-17 17:01:23,861 autoreload 25272 32132 Watching for file changes with StatReloader
INFO 2025-10-17 17:01:23,903 autoreload 32168 30900 E:\ish\multiagent-review-sentiment-ai\hotel_review_platform\settings.py changed, reloading.
INFO 2025-10-17 17:01:24,584 autoreload 27120 28904 Watching for file changes with StatReloader
INFO 2025-10-17 17:01:26,082 autoreload 25272 32132 E:\ish\multiagent-review-sentiment-ai\hotel_review_platform\settings.py changed, reloading.
INFO 2025-10-17 17:01:26,552 autoreload 23836 3940 Watching for file changes with StatReloader
INFO 2025-10-17 17:01:26,674 autoreload 27120 28904 E:\ish\multiagent-review-sentiment-ai\hotel_review_platform\settings.py changed, reloading.
INFO 2025-10-17 17:01:27,319 autoreload 15160 21736 Watching for file changes with StatReloader
INFO 2025-10-17 17:01:30,914 autoreload 23836 3940 E:\ish\multiagent-review-sentiment-ai\apps\api\views.py changed, reloading.
INFO 2025-10-17 17:01:31,472 autoreload 3452 32012 Watching for file changes with StatReloader
INFO 2025-10-17 17:01:31,548 autoreload 15160 21736 E:\ish\multiagent-review-sentiment-ai\apps\api\views.py changed, reloading.
INFO 2025-10-17 17:01:32,227 autoreload 24492 16124 Watching for file changes with StatReloader
INFO 2025-10-17 17:01:34,359 autoreload 24492 16124 E:\ish\multiagent-review-sentiment-ai\hotel_review_platform\urls.py changed, reloading.
INFO 2025-10-17 17:01:34,918 autoreload 3452 32012 E:\ish\multiagent-review-sentiment-ai\hotel_review_platform\urls.py changed, reloading.
INFO 2025-10-17 17:01:35,027 autoreload 30288 27492 Watching for file changes with StatReloader
INFO 2025-10-17 17:01:35,454 autoreload 31044 32480 Watching for file changes with StatReloader
INFO 2025-10-17 17:01:37,102 autoreload 30288 27492 E:\ish\multiagent-review-sentiment-ai\apps\authentication\forms.py changed, reloading.
INFO 2025-10-17 17:01:37,676 autoreload 31044 32480 E:\ish\multiagent-review-sentiment-ai\hotel_review_platform\settings.py changed, reloading.
INFO 2025-10-17 17:01:37,759 autoreload 16832 24012 Watching for file changes with StatReloader
INFO 2025-10-17 17:01:38,197 autoreload 27936 31092 Watching for file changes with StatReloader
INFO 2025-10-17 17:01:39,896 autoreload 16832 24012 E:\ish\multiagent-review-sentiment-ai\apps\authentication\views.py changed, reloading.
INFO 2025-10-17 17:01:40,490 autoreload 18020 32388 Watching for file changes with StatReloader
INFO 2025-10-17 17:01:41,413 autoreload 27936 31092 E:\ish\multiagent-review-sentiment-ai\hotel_review_platform\settings.py changed, reloading.
INFO 2025-10-17 17:01:41,843 autoreload 16516 11184 Watching for file changes with StatReloader
INFO 2025-10-17 17:01:42,578 autoreload 18020 32388 E:\ish\multiagent-review-sentiment-ai\hotel_review_platform\settings.py changed, reloading.
INFO 2025-10-17 17:01:43,179 autoreload 30076 15696 Watching for file changes with StatReloader
INFO 2025-10-17 17:02:39,754 autoreload 30076 15696 E:\ish\multiagent-review-sentiment-ai\hotel_review_platform\settings.py changed, reloading.
INFO 2025-10-17 17:02:40,462 autoreload 32036 32000 Watching for file changes with StatReloader
INFO 2025-10-17 17:02:40,721 autoreload 16516 11184 E:\ish\multiagent-review-sentiment-ai\hotel_review_platform\settings.py changed, reloading.
INFO 2025-10-17 17:02:41,256 autoreload 19676 30900 Watching for file changes with StatReloader
INFO 2025-10-17 17:02:54,349 basehttp 32036 16480 "GET /auth/login/ HTTP/1.1" 200 11566
INFO 2025-10-17 17:02:57,358 basehttp 32036 16480 "GET / HTTP/1.1" 302 0
INFO 2025-10-17 17:02:57,361 basehttp 32036 16480 "GET /auth/login/?next=/ HTTP/1.1" 200 11566
INFO 2025-10-17 17:02:58,429 basehttp 32036 16480 "GET /auth/login/?next=/ HTTP/1.1" 200 11566
INFO 2025-10-17 17:03:13,160 autoreload 28476 18388 Watching for file changes with StatReloader
INFO 2025-10-17 17:03:16,794 basehttp 28476 8072 "GET / HTTP/1.1" 302 0
INFO 2025-10-17 17:03:16,801 basehttp 28476 8072 "GET /auth/login/?next=/ HTTP/1.1" 200 11566
INFO 2025-10-17 17:03:37,983 autoreload 28476 18388 E:\ish\multiagent-review-sentiment-ai\hotel_review_platform\settings.py changed, reloading.
INFO 2025-10-17 17:03:38,622 autoreload 15948 18768 Watching for file changes with StatReloader
INFO 2025-10-17 17:03:41,828 autoreload 15948 18768 E:\ish\multiagent-review-sentiment-ai\apps\api\views.py changed, reloading.
INFO 2025-10-17 17:03:42,479 autoreload 29076 6304 Watching for file changes with StatReloader
INFO 2025-10-17 17:05:00,901 basehttp 29076 27912 "GET / HTTP/1.1" 302 0
INFO 2025-10-17 17:05:00,907 basehttp 29076 27912 "GET /auth/login/?next=/ HTTP/1.1" 200 11566
INFO 2025-10-17 17:05:09,536 basehttp 29076 27912 "POST /auth/login/?next=/ HTTP/1.1" 302 0
INFO 2025-10-17 17:05:10,272 basehttp 29076 27912 "GET / HTTP/1.1" 302 0
INFO 2025-10-17 17:05:14,006 basehttp 29076 27912 "GET /dashboard/ HTTP/1.1" 200 44299
INFO 2025-10-17 17:21:20,518 autoreload 29076 6304 E:\ish\multiagent-review-sentiment-ai\hotel_review_platform\settings.py changed, reloading.
INFO 2025-10-17 17:21:21,169 autoreload 25632 21940 Watching for file changes with StatReloader
INFO 2025-10-17 17:21:37,313 autoreload 25632 21940 E:\ish\multiagent-review-sentiment-ai\hotel_review_platform\urls.py changed, reloading.
INFO 2025-10-17 17:21:37,922 autoreload 8608 29588 Watching for file changes with StatReloader
INFO 2025-10-17 17:21:46,486 autoreload 8608 29588 E:\ish\multiagent-review-sentiment-ai\apps\marketing\views.py changed, reloading.
INFO 2025-10-17 17:21:47,125 autoreload 424 16300 Watching for file changes with StatReloader
INFO 2025-10-17 17:21:55,673 autoreload 424 16300 E:\ish\multiagent-review-sentiment-ai\apps\marketing\views.py changed, reloading.
INFO 2025-10-17 17:21:56,273 autoreload 29088 10204 Watching for file changes with StatReloader
INFO 2025-10-17 17:22:48,253 autoreload 25292 12716 Watching for file changes with StatReloader
INFO 2025-10-17 17:23:31,913 autoreload 29828 30464 Watching for file changes with StatReloader
INFO 2025-10-17 17:23:36,807 basehttp 29088 29220 "GET / HTTP/1.1" 200 51273
INFO 2025-10-17 17:23:45,107 basehttp 29088 29220 "GET /app/ HTTP/1.1" 200 43607
INFO 2025-10-17 17:24:00,158 basehttp 29088 28824 "GET / HTTP/1.1" 200 51273
WARNING 2025-10-17 17:24:01,653 log 29088 28824 Not Found: /favicon.ico
WARNING 2025-10-17 17:24:01,654 basehttp 29088 28824 "GET /favicon.ico HTTP/1.1" 404 3940
INFO 2025-10-17 17:24:02,665 basehttp 29088 28824 "GET /app/ HTTP/1.1" 302 0
INFO 2025-10-17 17:24:02,669 basehttp 29088 28824 "GET /auth/login/?next=/app/ HTTP/1.1" 200 11566
INFO 2025-10-17 17:24:11,947 basehttp 29088 28824 "POST /auth/login/?next=/app/ HTTP/1.1" 302 0
INFO 2025-10-17 17:24:14,662 basehttp 29088 28824 "GET /app/ HTTP/1.1" 200 44216
INFO 2025-10-17 17:24:14,679 basehttp 29088 27472 "GET /static/js/enhanced-dashboard.js?v=2.1 HTTP/1.1" 304 0
INFO 2025-10-17 17:24:14,710 basehttp 29088 28824 "GET /static/css/dashboard.css HTTP/1.1" 200 37848
INFO 2025-10-17 17:27:08,381 basehttp 29088 28824 "GET / HTTP/1.1" 200 51273
INFO 2025-10-17 17:33:37,095 basehttp 29088 14000 "GET /app/ HTTP/1.1" 200 43607
INFO 2025-10-17 17:33:37,115 basehttp 29088 14000 "GET /static/css/dashboard.css HTTP/1.1" 304 0
INFO 2025-10-17 17:33:45,967 basehttp 29088 14000 "GET /app/ HTTP/1.1" 200 43607
INFO 2025-10-17 17:35:39,339 basehttp 17908 15236 "GET / HTTP/1.1" 200 51273
INFO 2025-10-17 17:36:36,875 basehttp 17908 15236 "GET /app/ HTTP/1.1" 200 43608
INFO 2025-10-17 17:36:36,897 basehttp 17908 15236 "GET /static/css/dashboard.css HTTP/1.1" 304 0
INFO 2025-10-17 17:44:47,524 basehttp 17908 29456 "GET / HTTP/1.1" 200 51273
INFO 2025-10-17 17:44:51,410 basehttp 17908 29456 "GET / HTTP/1.1" 200 51273
INFO 2025-10-17 17:45:08,468 basehttp 33272 22048 "GET / HTTP/1.1" 200 51650
INFO 2025-10-17 17:46:30,311 basehttp 33272 22048 "GET / HTTP/1.1" 200 51650
INFO 2025-10-17 17:46:39,862 autoreload 26500 30620 Watching for file changes with StatReloader
INFO 2025-10-17 17:46:43,774 basehttp 26500 31728 "GET / HTTP/1.1" 200 50037
INFO 2025-10-17 17:47:44,301 basehttp 26500 31728 "GET / HTTP/1.1" 200 46491
INFO 2025-10-17 17:49:19,705 basehttp 26500 31728 "GET /app/ HTTP/1.1" 200 43607
INFO 2025-10-17 17:49:28,514 basehttp 26500 31728 "GET / HTTP/1.1" 200 46491
INFO 2025-10-17 17:52:02,268 basehttp 26500 31728 "GET / HTTP/1.1" 200 46488
INFO 2025-10-17 17:52:46,595 basehttp 26500 31728 "GET / HTTP/1.1" 200 46479
INFO 2025-10-17 17:56:07,486 basehttp 26500 31728 "GET / HTTP/1.1" 200 46483
INFO 2025-10-17 17:56:31,405 basehttp 26500 31728 "GET /app/ HTTP/1.1" 200 43595
INFO 2025-10-17 17:58:05,823 basehttp 26500 31728 "GET /app/ HTTP/1.1" 200 43574
INFO 2025-10-17 17:58:17,757 autoreload 22268 31828 Watching for file changes with StatReloader
INFO 2025-10-17 17:58:22,156 basehttp 22268 21732 "GET / HTTP/1.1" 200 46483
INFO 2025-10-17 17:58:28,165 basehttp 22268 21732 "GET /app/ HTTP/1.1" 200 43574
INFO 2025-10-17 17:58:58,000 basehttp 22268 21732 "GET /app/ HTTP/1.1" 200 43565
INFO 2025-10-17 17:59:09,285 basehttp 22268 21732 "GET /app/ HTTP/1.1" 200 43607
INFO 2025-10-17 17:59:37,994 basehttp 22268 21732 "GET /app/ HTTP/1.1" 200 43620
INFO 2025-10-17 18:00:05,516 basehttp 22268 21732 "GET /app/ HTTP/1.1" 200 43607
INFO 2025-10-17 18:00:20,732 basehttp 22268 21732 "GET /app/ HTTP/1.1" 200 43782
INFO 2025-10-17 18:07:19,649 basehttp 22268 33128 "GET /app/ HTTP/1.1" 200 43841
INFO 2025-10-17 18:07:19,728 basehttp 22268 33128 "GET /static/img/R.png HTTP/1.1" 200 33205
INFO 2025-10-17 18:07:52,920 basehttp 22268 33128 "GET /app/ HTTP/1.1" 200 43841
INFO 2025-10-17 18:07:52,936 basehttp 22268 33128 "GET /static/img/R.png HTTP/1.1" 200 30356
INFO 2025-10-17 18:20:37,792 basehttp 22268 30632 "GET / HTTP/1.1" 200 46460
INFO 2025-10-17 18:20:37,802 basehttp 22268 30632 "GET /static/img/R.png HTTP/1.1" 304 0
INFO 2025-10-17 18:21:12,958 basehttp 22268 30632 "GET /app/ HTTP/1.1" 200 43839
INFO 2025-10-17 18:21:24,500 autoreload 32940 34768 Watching for file changes with StatReloader
INFO 2025-10-17 18:21:47,036 basehttp 32940 33824 "GET /app/ HTTP/1.1" 200 43819
INFO 2025-10-17 18:22:01,678 basehttp 32940 33824 "GET /app/ HTTP/1.1" 200 43819
INFO 2025-10-17 18:22:01,700 basehttp 32940 33824 "GET /static/img/R.png HTTP/1.1" 304 0
INFO 2025-10-17 18:22:16,025 autoreload 33052 31084 Watching for file changes with StatReloader
INFO 2025-10-17 18:22:27,291 basehttp 33052 24384 "GET / HTTP/1.1" 200 46460
INFO 2025-10-17 18:22:27,344 basehttp 33052 24384 "GET /static/img/R.png HTTP/1.1" 200 30356
INFO 2025-10-17 18:22:42,420 basehttp 33052 24384 "GET /app/ HTTP/1.1" 302 0
INFO 2025-10-17 18:22:42,437 basehttp 33052 24384 "GET /auth/login/?next=/app/ HTTP/1.1" 200 11566
INFO 2025-10-17 18:23:05,004 basehttp 33052 24384 "GET /app/ HTTP/1.1" 302 0
INFO 2025-10-17 18:23:05,009 basehttp 33052 24384 "GET /auth/login/?next=/app/ HTTP/1.1" 200 11566
INFO 2025-10-17 18:23:14,677 basehttp 33052 24384 "POST /auth/login/?next=/app/ HTTP/1.1" 200 11888
INFO 2025-10-17 18:23:21,790 basehttp 33052 24384 "POST /auth/login/?next=/app/ HTTP/1.1" 302 0
INFO 2025-10-17 18:23:25,405 basehttp 33052 24384 "GET /app/ HTTP/1.1" 200 44428
INFO 2025-10-17 18:23:25,424 basehttp 33052 24384 "GET /static/css/dashboard.css HTTP/1.1" 200 37848
INFO 2025-10-17 18:23:25,425 basehttp 33052 26508 "GET /static/js/enhanced-dashboard.js?v=2.1 HTTP/1.1" 200 12660
INFO 2025-10-17 19:35:55,457 autoreload 30128 35944 Watching for file changes with StatReloader
INFO 2025-10-17 19:35:59,624 basehttp 30128 7980 "GET / HTTP/1.1" 200 46460
INFO 2025-10-17 19:35:59,650 basehttp 30128 7980 "GET /static/img/R.png HTTP/1.1" 304 0
WARNING 2025-10-17 19:36:00,299 log 30128 7980 Not Found: /favicon.ico
WARNING 2025-10-17 19:36:00,300 basehttp 30128 7980 "GET /favicon.ico HTTP/1.1" 404 3940
INFO 2025-10-17 19:37:01,841 basehttp 30128 7980 "GET /app/ HTTP/1.1" 302 0
INFO 2025-10-17 19:37:01,848 basehttp 30128 7980 "GET /auth/login/?next=/app/ HTTP/1.1" 200 11566
INFO 2025-10-17 19:37:15,489 basehttp 30128 7980 "GET /app/ HTTP/1.1" 302 0
INFO 2025-10-17 19:37:15,495 basehttp 30128 7980 "GET /auth/login/?next=/app/ HTTP/1.1" 200 11566
INFO 2025-10-17 19:37:33,185 basehttp 30128 7980 "GET /app/ HTTP/1.1" 302 0
INFO 2025-10-17 19:37:33,189 basehttp 30128 7980 "GET /auth/login/?next=/app/ HTTP/1.1" 200 11566
INFO 2025-10-17 19:45:35,109 basehttp 30128 19112 "GET /auth/login/?next=/app/ HTTP/1.1" 200 11737
INFO 2025-10-17 19:45:35,119 basehttp 30128 19112 "GET /static/img/R.png HTTP/1.1" 304 0
INFO 2025-10-17 19:45:46,902 basehttp 30128 19112 "GET / HTTP/1.1" 200 46460
INFO 2025-10-17 19:45:48,355 basehttp 30128 19112 "GET /app/ HTTP/1.1" 302 0
INFO 2025-10-17 19:45:48,358 basehttp 30128 19112 "GET /auth/login/?next=/app/ HTTP/1.1" 200 11737
INFO 2025-10-17 19:46:00,582 basehttp 30128 19112 "POST /auth/login/?next=/app/ HTTP/1.1" 302 0
INFO 2025-10-17 19:46:04,824 basehttp 30128 19112 "GET /app/ HTTP/1.1" 200 44429
INFO 2025-10-17 19:46:19,059 basehttp 30128 19112 "GET / HTTP/1.1" 200 46460
INFO 2025-10-17 19:46:42,828 basehttp 30128 19112 "GET /app/reviews/ HTTP/1.1" 200 165915
INFO 2025-10-17 19:47:08,701 basehttp 30128 19112 "GET /app/analytics/ HTTP/1.1" 200 113183
INFO 2025-10-17 19:47:09,162 views 30128 19112 Retrieved persisted AI analysis: cc504c1f-57e6-48a4-95e1-1eed884f10e3
INFO 2025-10-17 19:47:09,566 basehttp 30128 19112 "GET /api/v1/get-ai-analysis/ HTTP/1.1" 200 5504
INFO 2025-10-17 19:47:12,949 basehttp 30128 19112 "GET /auth/users/ HTTP/1.1" 200 31089
INFO 2025-10-17 19:47:23,123 basehttp 30128 19112 "GET /admin/ HTTP/1.1" 200 10354
INFO 2025-10-17 19:47:23,284 basehttp 30128 19112 "GET /static/admin/css/base.css HTTP/1.1" 200 22120
INFO 2025-10-17 19:47:23,289 basehttp 30128 37152 "GET /static/admin/css/nav_sidebar.css HTTP/1.1" 200 2810
INFO 2025-10-17 19:47:23,290 basehttp 30128 29772 "GET /static/admin/css/dark_mode.css HTTP/1.1" 200 2808
INFO 2025-10-17 19:47:23,292 basehttp 30128 12356 "GET /static/admin/css/responsive.css HTTP/1.1" 200 16565
INFO 2025-10-17 19:47:23,293 basehttp 30128 38668 "GET /static/admin/css/dashboard.css HTTP/1.1" 200 441
INFO 2025-10-17 19:47:23,315 basehttp 30128 38668 "GET /static/admin/js/nav_sidebar.js HTTP/1.1" 200 3063
INFO 2025-10-17 19:47:23,322 basehttp 30128 19032 "GET /static/admin/js/theme.js HTTP/1.1" 200 1653
INFO 2025-10-17 19:47:23,337 basehttp 30128 38668 "GET /static/admin/img/icon-changelink.svg HTTP/1.1" 200 380
INFO 2025-10-17 19:47:23,337 basehttp 30128 19032 "GET /static/admin/img/icon-addlink.svg HTTP/1.1" 200 331
INFO 2025-10-17 19:47:31,085 basehttp 30128 19032 "GET /auth/profile/ HTTP/1.1" 200 33653
INFO 2025-10-17 19:59:03,908 basehttp 30128 22068 "GET / HTTP/1.1" 200 46460
INFO 2025-10-17 19:59:03,923 basehttp 30128 22068 "GET /static/img/R.png HTTP/1.1" 304 0
INFO 2025-10-17 19:59:10,599 basehttp 30128 22068 "GET /app/ HTTP/1.1" 200 43819
INFO 2025-10-17 19:59:16,658 basehttp 30128 22068 "GET /auth/profile/ HTTP/1.1" 200 33688
INFO 2025-10-17 20:00:36,895 basehttp 30128 22068 "GET /auth/profile/ HTTP/1.1" 200 17349
INFO 2025-10-17 20:00:46,167 basehttp 30128 22068 "GET /auth/profile/ HTTP/1.1" 200 33694
INFO 2025-10-17 20:00:56,698 basehttp 30128 22068 "GET /auth/profile/ HTTP/1.1" 200 33694
INFO 2025-10-17 20:01:08,605 basehttp 30128 22068 "GET /auth/profile/ HTTP/1.1" 200 33701
INFO 2025-10-17 20:01:23,277 autoreload 33812 29948 Watching for file changes with StatReloader
INFO 2025-10-17 20:01:27,339 basehttp 33812 3836 "GET / HTTP/1.1" 200 46460
INFO 2025-10-17 20:01:32,335 basehttp 33812 3836 "GET /app/ HTTP/1.1" 200 43819
INFO 2025-10-17 20:01:35,995 basehttp 33812 3836 "GET /auth/profile/ HTTP/1.1" 200 33694
ERROR 2025-10-17 20:01:50,752 log 33812 3836 Internal Server Error: /auth/profile/
Traceback (most recent call last):
  File "E:\ish\multiagent-review-sentiment-ai\.venv\Lib\site-packages\django\template\base.py", line 510, in parse
    compile_func = self.tags[command]
                   ~~~~~~~~~^^^^^^^^^
KeyError: 'endblock'

During handling of the above exception, another exception occurred:

Traceback (most recent call last):
  File "E:\ish\multiagent-review-sentiment-ai\.venv\Lib\site-packages\django\core\handlers\exception.py", line 55, in inner
    response = get_response(request)
  File "E:\ish\multiagent-review-sentiment-ai\.venv\Lib\site-packages\django\core\handlers\base.py", line 197, in _get_response
    response = wrapped_callback(request, *callback_args, **callback_kwargs)
  File "E:\ish\multiagent-review-sentiment-ai\.venv\Lib\site-packages\django\contrib\auth\decorators.py", line 59, in _view_wrapper
    return view_func(request, *args, **kwargs)
  File "E:\ish\multiagent-review-sentiment-ai\apps\authentication\views.py", line 156, in profile_view
    return render(request, 'auth/profile.html', context)
  File "E:\ish\multiagent-review-sentiment-ai\.venv\Lib\site-packages\django\shortcuts.py", line 25, in render
    content = loader.render_to_string(template_name, context, request, using=using)
  File "E:\ish\multiagent-review-sentiment-ai\.venv\Lib\site-packages\django\template\loader.py", line 61, in render_to_string
    template = get_template(template_name, using=using)
  File "E:\ish\multiagent-review-sentiment-ai\.venv\Lib\site-packages\django\template\loader.py", line 15, in get_template
    return engine.get_template(template_name)
           ~~~~~~~~~~~~~~~~~~~^^^^^^^^^^^^^^^
  File "E:\ish\multiagent-review-sentiment-ai\.venv\Lib\site-packages\django\template\backends\django.py", line 79, in get_template
    return Template(self.engine.get_template(template_name), self)
                    ~~~~~~~~~~~~~~~~~~~~~~~~^^^^^^^^^^^^^^^
  File "E:\ish\multiagent-review-sentiment-ai\.venv\Lib\site-packages\django\template\engine.py", line 177, in get_template
    template, origin = self.find_template(template_name)
                       ~~~~~~~~~~~~~~~~~~^^^^^^^^^^^^^^^
  File "E:\ish\multiagent-review-sentiment-ai\.venv\Lib\site-packages\django\template\engine.py", line 159, in find_template
    template = loader.get_template(name, skip=skip)
  File "E:\ish\multiagent-review-sentiment-ai\.venv\Lib\site-packages\django\template\loaders\cached.py", line 57, in get_template
    template = super().get_template(template_name, skip)
  File "E:\ish\multiagent-review-sentiment-ai\.venv\Lib\site-packages\django\template\loaders\base.py", line 28, in get_template
    return Template(
        contents,
    ...<2 lines>...
        self.engine,
    )
  File "E:\ish\multiagent-review-sentiment-ai\.venv\Lib\site-packages\django\template\base.py", line 154, in __init__
    self.nodelist = self.compile_nodelist()
                    ~~~~~~~~~~~~~~~~~~~~~^^
  File "E:\ish\multiagent-review-sentiment-ai\.venv\Lib\site-packages\django\template\base.py", line 196, in compile_nodelist
    nodelist = parser.parse()
  File "E:\ish\multiagent-review-sentiment-ai\.venv\Lib\site-packages\django\template\base.py", line 518, in parse
    raise self.error(token, e)
  File "E:\ish\multiagent-review-sentiment-ai\.venv\Lib\site-packages\django\template\base.py", line 516, in parse
    compiled_result = compile_func(self, token)
  File "E:\ish\multiagent-review-sentiment-ai\.venv\Lib\site-packages\django\template\loader_tags.py", line 299, in do_extends
    nodelist = parser.parse()
  File "E:\ish\multiagent-review-sentiment-ai\.venv\Lib\site-packages\django\template\base.py", line 512, in parse
    self.invalid_block_tag(token, command, parse_until)
    ~~~~~~~~~~~~~~~~~~~~~~^^^^^^^^^^^^^^^^^^^^^^^^^^^^^
  File "E:\ish\multiagent-review-sentiment-ai\.venv\Lib\site-packages\django\template\base.py", line 577, in invalid_block_tag
    raise self.error(
    ...<3 lines>...
    )
django.template.exceptions.TemplateSyntaxError: Invalid block tag on line 232: 'endblock'. Did you forget to register or load this tag?
ERROR 2025-10-17 20:01:50,762 basehttp 33812 3836 "GET /auth/profile/ HTTP/1.1" 500 215858
INFO 2025-10-17 20:01:57,315 basehttp 33812 3836 "GET /auth/profile/ HTTP/1.1" 200 33694
INFO 2025-10-17 20:02:13,958 basehttp 33812 3836 "GET /auth/profile/ HTTP/1.1" 200 33694
INFO 2025-10-17 20:03:39,058 basehttp 33812 3836 "GET /auth/profile/ HTTP/1.1" 200 33766
INFO 2025-10-17 20:03:54,575 basehttp 33812 3836 "GET /auth/profile/ HTTP/1.1" 200 33766
INFO 2025-10-17 20:04:43,871 basehttp 33812 3836 "GET /auth/profile/ HTTP/1.1" 200 33766
INFO 2025-10-17 20:05:33,235 basehttp 33812 3836 "GET /app/ HTTP/1.1" 200 43819
INFO 2025-10-17 20:06:37,313 basehttp 33812 30384 "GET /auth/profile/ HTTP/1.1" 200 33745
INFO 2025-10-17 20:07:15,917 basehttp 33812 30384 "GET /auth/profile/ HTTP/1.1" 200 35484
INFO 2025-10-17 20:07:55,432 basehttp 33812 30384 "GET /auth/profile/ HTTP/1.1" 200 33632
INFO 2025-10-17 20:08:23,730 basehttp 33812 30384 "GET /auth/profile/ HTTP/1.1" 200 33611
INFO 2025-10-17 20:08:33,756 basehttp 33812 30384 "GET /auth/profile/ HTTP/1.1" 200 33610
INFO 2025-10-17 20:08:51,853 basehttp 33812 30384 "GET /app/ HTTP/1.1" 200 43777
INFO 2025-10-17 20:08:58,098 basehttp 33812 30384 "GET /app/upload/ HTTP/1.1" 200 61880
INFO 2025-10-17 20:09:12,742 basehttp 33812 30384 "POST /app/upload/ HTTP/1.1" 200 145
ERROR 2025-10-17 20:09:18,162 log 33812 30384 Internal Server Error: /app/batch/1b787a73-d5b6-433e-8005-048b2b7e45a6/
Traceback (most recent call last):
  File "E:\ish\multiagent-review-sentiment-ai\.venv\Lib\site-packages\django\core\handlers\exception.py", line 55, in inner
    response = get_response(request)
  File "E:\ish\multiagent-review-sentiment-ai\.venv\Lib\site-packages\django\core\handlers\base.py", line 197, in _get_response
    response = wrapped_callback(request, *callback_args, **callback_kwargs)
  File "E:\ish\multiagent-review-sentiment-ai\.venv\Lib\site-packages\django\contrib\auth\decorators.py", line 59, in _view_wrapper
    return view_func(request, *args, **kwargs)
  File "E:\ish\multiagent-review-sentiment-ai\apps\dashboard\views.py", line 205, in batch_detail
    return render(request, 'dashboard/batch_detail.html', context)
  File "E:\ish\multiagent-review-sentiment-ai\.venv\Lib\site-packages\django\shortcuts.py", line 25, in render
    content = loader.render_to_string(template_name, context, request, using=using)
  File "E:\ish\multiagent-review-sentiment-ai\.venv\Lib\site-packages\django\template\loader.py", line 61, in render_to_string
    template = get_template(template_name, using=using)
  File "E:\ish\multiagent-review-sentiment-ai\.venv\Lib\site-packages\django\template\loader.py", line 19, in get_template
    raise TemplateDoesNotExist(template_name, chain=chain)
django.template.exceptions.TemplateDoesNotExist: dashboard/batch_detail.html
ERROR 2025-10-17 20:09:18,165 basehttp 33812 30384 "GET /app/batch/1b787a73-d5b6-433e-8005-048b2b7e45a6/ HTTP/1.1" 500 103207
INFO 2025-10-17 20:09:21,432 basehttp 33812 30384 "GET /app/upload/ HTTP/1.1" 200 61869
INFO 2025-10-17 20:09:29,081 basehttp 33812 30384 "GET /app/ HTTP/1.1" 200 43800
INFO 2025-10-17 20:09:37,348 basehttp 33812 30384 "GET /app/reviews/ HTTP/1.1" 200 163897
INFO 2025-10-17 20:09:48,951 basehttp 33812 30384 "GET /app/ HTTP/1.1" 200 43800
INFO 2025-10-17 20:10:00,154 orchestrator 33812 30384 [STAGE 1] Classifier Agent initialized
INFO 2025-10-17 20:10:00,157 orchestrator 33812 30384 [STAGE 1] Scorer Agent initialized
INFO 2025-10-17 20:10:00,159 orchestrator 33812 30384 [STAGE 1] Title Generator Agent initialized
INFO 2025-10-17 20:10:00,159 orchestrator 33812 30384 [STAGE 1 COMPLETE] Core processing agents ready
INFO 2025-10-17 20:10:00,159 orchestrator 33812 30384 [STAGE 2] Analytics agents will be initialized on-demand
INFO 2025-10-17 20:10:00,371 views 33812 30384 [STAGE 1] Using ReviewProcessingOrchestrator for core processing of 5 reviews
INFO 2025-10-17 20:10:00,893 orchestrator 33812 30384 [STAGE 1] Processing review 903e2619-0956-4875-a29f-98175b7786cb
INFO 2025-10-17 20:10:09,936 orchestrator 33812 30384 [COMPLETED] Single review workflow completed in 9.04s
INFO 2025-10-17 20:10:10,055 orchestrator 33812 30384 [STAGE 1] Processing review 9cf5196b-395c-42f9-9003-938e8db4046d
INFO 2025-10-17 20:10:12,195 orchestrator 33812 30384 [COMPLETED] Single review workflow completed in 2.14s
INFO 2025-10-17 20:10:12,689 orchestrator 33812 30384 [STAGE 1] Processing review cd2605f7-af7a-4a27-ad08-7fed6e9ee1b8
INFO 2025-10-17 20:10:15,795 orchestrator 33812 30384 [COMPLETED] Single review workflow completed in 3.11s
INFO 2025-10-17 20:10:15,928 orchestrator 33812 30384 [STAGE 1] Processing review 6da31b2d-189f-4e28-ab59-068ff228de8e
INFO 2025-10-17 20:10:17,934 orchestrator 33812 30384 [COMPLETED] Single review workflow completed in 2.01s
INFO 2025-10-17 20:10:18,062 orchestrator 33812 30384 [STAGE 1] Processing review 924e7f66-d4dd-4ac6-9d68-1bbc463ee045
INFO 2025-10-17 20:10:22,172 orchestrator 33812 30384 [COMPLETED] Single review workflow completed in 4.11s
INFO 2025-10-17 20:10:22,934 basehttp 33812 30384 "POST /api/v1/process/ HTTP/1.1" 200 388
INFO 2025-10-17 20:10:31,151 basehttp 33812 30384 "GET /app/ HTTP/1.1" 200 43767
INFO 2025-10-17 20:10:31,169 basehttp 33812 30384 "GET /static/img/R.png HTTP/1.1" 304 0
INFO 2025-10-17 20:10:38,778 basehttp 33812 30384 "GET /app/reviews/ HTTP/1.1" 200 165821
INFO 2025-10-17 20:10:55,112 basehttp 33812 30384 "GET /app/analytics/ HTTP/1.1" 200 113141
INFO 2025-10-17 20:10:55,689 views 33812 30384 Retrieved persisted AI analysis: cc504c1f-57e6-48a4-95e1-1eed884f10e3
INFO 2025-10-17 20:10:56,077 basehttp 33812 30384 "GET /api/v1/get-ai-analysis/ HTTP/1.1" 200 5504
INFO 2025-10-17 20:11:17,472 views 33812 30384 [STAGE 2] Generating analytics for 100 reviews
INFO 2025-10-17 20:11:17,475 orchestrator 33812 30384 [STAGE 1] Classifier Agent initialized
INFO 2025-10-17 20:11:17,478 orchestrator 33812 30384 [STAGE 1] Scorer Agent initialized
INFO 2025-10-17 20:11:17,480 orchestrator 33812 30384 [STAGE 1] Title Generator Agent initialized
INFO 2025-10-17 20:11:17,481 orchestrator 33812 30384 [STAGE 1 COMPLETE] Core processing agents ready
INFO 2025-10-17 20:11:17,483 orchestrator 33812 30384 [STAGE 2] Analytics agents will be initialized on-demand
INFO 2025-10-17 20:11:17,484 orchestrator 33812 30384 [STAGE 2] Generating tags analysis for 100 reviews
INFO 2025-10-17 20:11:17,484 agent 33812 30384 Gemini model initialized successfully for summarization
INFO 2025-10-17 20:11:17,486 orchestrator 33812 30384 [STAGE 2] Summarizer Agent initialized
INFO 2025-10-17 20:11:17,486 agent 33812 30384 Gemini model initialized successfully for tags generation
INFO 2025-10-17 20:11:17,486 agent 33812 30384 [OK] Tags Generator Agent initialized
INFO 2025-10-17 20:11:17,486 orchestrator 33812 30384 [STAGE 2] Tags Generator Agent initialized
INFO 2025-10-17 20:11:17,487 agent 33812 30384 Gemini model initialized successfully for recommendations generation
INFO 2025-10-17 20:11:17,487 agent 33812 30384 [OK] Recommendations Agent initialized
INFO 2025-10-17 20:11:17,487 orchestrator 33812 30384 [STAGE 2] Recommendations Agent initialized
INFO 2025-10-17 20:11:17,487 orchestrator 33812 30384 [STAGE 2] All analytics agents ready
INFO 2025-10-17 20:11:22,329 agent 33812 30384 AI tags generation completed successfully
INFO 2025-10-17 20:11:22,330 agent 33812 30384 Tags generation completed for 100 reviews
INFO 2025-10-17 20:11:22,330 orchestrator 33812 30384 [STAGE 2] Tags analysis completed successfully
INFO 2025-10-17 20:11:22,331 orchestrator 33812 30384 [STAGE 2] Generating business recommendations for 100 reviews
INFO 2025-10-17 20:11:22,331 orchestrator 33812 30384 [STAGE 2] All analytics agents ready
INFO 2025-10-17 20:11:22,332 agent 33812 30384 Generating AI recommendations for 100 reviews
INFO 2025-10-17 20:11:24,334 agent 33812 30384 AI recommendations generated successfully
INFO 2025-10-17 20:11:24,334 orchestrator 33812 30384 [STAGE 2] Business recommendations generated successfully
INFO 2025-10-17 20:11:24,335 orchestrator 33812 30384 [STAGE 2] Generating executive summary for 100 reviews
INFO 2025-10-17 20:11:24,335 orchestrator 33812 30384 [STAGE 2] All analytics agents ready
INFO 2025-10-17 20:11:24,335 agent 33812 30384 Starting AI-powered summarization for 100 reviews
INFO 2025-10-17 20:11:24,336 agent 33812 30384 Gemini model initialized successfully for summarization
INFO 2025-10-17 20:11:28,174 agent 33812 30384 AI summarization completed successfully for 100 reviews
INFO 2025-10-17 20:11:28,175 orchestrator 33812 30384 [STAGE 2] Executive summary generated successfully
INFO 2025-10-17 20:11:28,442 views 33812 30384 AI analysis saved to database with ID: 67defd4f-255d-4d00-bae4-bff8b02c34fa
INFO 2025-10-17 20:11:28,442 views 33812 30384 Complete AI analysis generated successfully
INFO 2025-10-17 20:11:29,131 basehttp 33812 30384 "POST /api/v1/ai-analysis/ HTTP/1.1" 200 4149
INFO 2025-10-17 20:11:42,190 basehttp 33812 30384 "GET /app/upload/ HTTP/1.1" 200 61856
INFO 2025-10-17 20:11:50,031 basehttp 33812 30384 "GET /auth/logout/ HTTP/1.1" 302 0
INFO 2025-10-17 20:11:50,059 basehttp 33812 30384 "GET /auth/login/ HTTP/1.1" 200 12076
INFO 2025-10-17 20:12:13,448 basehttp 33812 30384 "POST /auth/login/ HTTP/1.1" 302 0
INFO 2025-10-17 20:12:17,193 basehttp 33812 30384 "GET /app/ HTTP/1.1" 200 43787
INFO 2025-10-17 20:12:27,493 basehttp 33812 30384 "GET /app/reviews/ HTTP/1.1" 200 73032
INFO 2025-10-17 20:12:35,074 basehttp 33812 30384 "GET /auth/profile/ HTTP/1.1" 200 34114
INFO 2025-10-17 20:12:46,950 basehttp 33812 30384 "GET /app/ HTTP/1.1" 200 43179
INFO 2025-10-17 20:12:53,415 basehttp 33812 30384 "GET /auth/logout/ HTTP/1.1" 302 0
INFO 2025-10-17 20:12:53,418 basehttp 33812 30384 "GET /auth/login/ HTTP/1.1" 200 12086
INFO 2025-10-17 20:13:04,531 basehttp 33812 30384 "POST /auth/login/ HTTP/1.1" 302 0
INFO 2025-10-17 20:13:08,012 basehttp 33812 30384 "GET /app/ HTTP/1.1" 200 44375
INFO 2025-10-17 20:15:18,154 basehttp 33812 30384 "GET /auth/profile/ HTTP/1.1" 200 33920
INFO 2025-10-17 20:15:18,166 basehttp 33812 30384 "GET /static/img/R.png HTTP/1.1" 304 0
INFO 2025-10-17 20:15:18,193 basehttp 33812 30384 "GET /static/img/Rfv.png HTTP/1.1" 200 35826
INFO 2025-10-17 20:15:24,592 basehttp 33812 30384 "GET /app/ HTTP/1.1" 200 44077
INFO 2025-10-23 22:56:41,581 autoreload 14220 27416 Watching for file changes with StatReloader
INFO 2025-10-23 22:56:46,006 basehttp 14220 13652 "GET / HTTP/1.1" 200 46765
INFO 2025-10-23 22:56:46,094 basehttp 14220 13652 "GET /static/img/R.png HTTP/1.1" 200 30356
