INFO 2025-10-08 14:33:53,125 autoreload 1696 14316 Watching for file changes with StatReloader
INFO 2025-10-08 14:33:57,648 basehttp 1696 13664 "GET / HTTP/1.1" 302 0
INFO 2025-10-08 14:33:57,655 basehttp 1696 13664 "GET /auth/login/?next=/ HTTP/1.1" 200 9072
INFO 2025-10-08 14:34:07,585 basehttp 1696 13664 "POST /auth/login/?next=/ HTTP/1.1" 302 0
INFO 2025-10-08 14:34:08,356 basehttp 1696 13664 "GET / HTTP/1.1" 302 0
INFO 2025-10-08 14:34:12,489 basehttp 1696 13664 "GET /dashboard/ HTTP/1.1" 200 40415
INFO 2025-10-08 14:34:18,940 basehttp 1696 13664 "GET /auth/users/ HTTP/1.1" 200 21510
INFO 2025-10-08 14:34:27,423 basehttp 1696 13664 "GET /auth/register/ HTTP/1.1" 200 31000
INFO 2025-10-08 14:34:43,672 basehttp 1696 13664 "GET /dashboard/ HTTP/1.1" 200 39806
INFO 2025-10-08 14:59:05,744 autoreload 16676 40828 Watching for file changes with StatReloader
INFO 2025-10-08 14:59:14,899 basehttp 16676 7628 "GET / HTTP/1.1" 302 0
INFO 2025-10-08 14:59:18,858 basehttp 16676 7628 "GET /dashboard/ HTTP/1.1" 200 39806
INFO 2025-10-08 14:59:47,402 basehttp 16676 7628 "GET /dashboard/upload/ HTTP/1.1" 200 53349
INFO 2025-10-08 14:59:55,479 basehttp 16676 7628 "POST /dashboard/upload/ HTTP/1.1" 200 145
INFO 2025-10-08 15:00:00,667 basehttp 16676 7628 "GET /dashboard/ HTTP/1.1" 200 40694
INFO 2025-10-08 15:00:12,792 orchestrator 16676 7628 [STAGE 1] Classifier Agent initialized
INFO 2025-10-08 15:00:12,794 orchestrator 16676 7628 [STAGE 1] Scorer Agent initialized
INFO 2025-10-08 15:00:12,794 orchestrator 16676 7628 [STAGE 1 COMPLETE] Core processing agents ready
INFO 2025-10-08 15:00:12,794 orchestrator 16676 7628 [STAGE 2] Analytics agents will be initialized on-demand
INFO 2025-10-08 15:00:12,926 views 16676 7628 [STAGE 1] Using ReviewProcessingOrchestrator for core processing of 5 reviews
INFO 2025-10-08 15:00:13,299 orchestrator 16676 7628 [STAGE 1] Processing review d10be321-ac13-44fd-b86b-ecafd8e29c44
INFO 2025-10-08 15:00:19,040 orchestrator 16676 7628 [COMPLETED] Single review workflow completed in 5.74s
INFO 2025-10-08 15:00:19,158 orchestrator 16676 7628 [STAGE 1] Processing review d4c22e9b-9ace-42bd-a61a-dd250dede4c8
INFO 2025-10-08 15:00:24,002 orchestrator 16676 7628 [COMPLETED] Single review workflow completed in 4.84s
INFO 2025-10-08 15:00:24,123 orchestrator 16676 7628 [STAGE 1] Processing review 36edfccb-1f91-45e7-b1c9-e2fbe96bd3de
INFO 2025-10-08 15:00:28,915 orchestrator 16676 7628 [COMPLETED] Single review workflow completed in 4.79s
INFO 2025-10-08 15:00:29,047 orchestrator 16676 7628 [STAGE 1] Processing review 3768d996-7fb4-41f9-ac15-ea310760ab91
INFO 2025-10-08 15:00:34,400 orchestrator 16676 7628 [COMPLETED] Single review workflow completed in 5.35s
INFO 2025-10-08 15:00:34,525 orchestrator 16676 7628 [STAGE 1] Processing review 0fa50173-e5d7-494e-879c-8bb2d5d214ff
INFO 2025-10-08 15:00:39,844 orchestrator 16676 7628 [COMPLETED] Single review workflow completed in 5.32s
INFO 2025-10-08 15:00:40,639 basehttp 16676 7628 "POST /api/v1/process/ HTTP/1.1" 200 388
INFO 2025-10-08 15:00:47,009 basehttp 16676 7628 "GET /dashboard/ HTTP/1.1" 200 40663
INFO 2025-10-08 15:01:07,418 basehttp 16676 7628 "GET /dashboard/reviews/ HTTP/1.1" 200 169725
INFO 2025-10-08 15:01:29,823 basehttp 16676 7628 "GET /dashboard/analytics/ HTTP/1.1" 200 113025
INFO 2025-10-08 15:01:30,266 views 16676 7628 Retrieved persisted AI analysis: f61d2782-a488-4cb6-84e8-ef39848c3b3a
INFO 2025-10-08 15:01:30,611 basehttp 16676 7628 "GET /api/v1/get-ai-analysis/ HTTP/1.1" 200 5163
INFO 2025-10-08 15:01:35,389 basehttp 16676 7628 "POST /api/v1/process/ HTTP/1.1" 200 52
INFO 2025-10-08 15:01:47,298 basehttp 16676 7628 "GET /dashboard/analytics/ HTTP/1.1" 200 113025
INFO 2025-10-08 15:01:48,806 views 16676 7628 Retrieved persisted AI analysis: f61d2782-a488-4cb6-84e8-ef39848c3b3a
INFO 2025-10-08 15:01:49,178 basehttp 16676 7628 "GET /api/v1/get-ai-analysis/ HTTP/1.1" 200 5163
INFO 2025-10-08 15:01:51,296 basehttp 16676 7628 "POST /api/v1/process/ HTTP/1.1" 200 52
WARNING 2025-10-08 15:01:54,125 log 16676 7628 Not Found: /.well-known/appspecific/com.chrome.devtools.json
WARNING 2025-10-08 15:01:54,127 basehttp 16676 7628 "GET /.well-known/appspecific/com.chrome.devtools.json HTTP/1.1" 404 3428
INFO 2025-10-08 15:02:03,700 basehttp 16676 7628 "GET /dashboard/analytics/ HTTP/1.1" 200 113025
WARNING 2025-10-08 15:02:04,218 log 16676 7628 Not Found: /.well-known/appspecific/com.chrome.devtools.json
WARNING 2025-10-08 15:02:04,218 basehttp 16676 7628 "GET /.well-known/appspecific/com.chrome.devtools.json HTTP/1.1" 404 3428
INFO 2025-10-08 15:02:05,179 views 16676 36928 Retrieved persisted AI analysis: f61d2782-a488-4cb6-84e8-ef39848c3b3a
INFO 2025-10-08 15:02:05,541 basehttp 16676 36928 "GET /api/v1/get-ai-analysis/ HTTP/1.1" 200 5163
INFO 2025-10-08 15:02:10,567 basehttp 16676 36928 "POST /api/v1/process/ HTTP/1.1" 200 52
INFO 2025-10-08 15:04:32,580 orchestrator 20488 9456 [STAGE 1] Classifier Agent initialized
INFO 2025-10-08 15:04:32,678 orchestrator 20488 9456 [STAGE 1] Scorer Agent initialized
INFO 2025-10-08 15:04:32,678 orchestrator 20488 9456 [STAGE 1 COMPLETE] Core processing agents ready
INFO 2025-10-08 15:04:32,678 orchestrator 20488 9456 [STAGE 2] Analytics agents will be initialized on-demand
INFO 2025-10-08 15:06:21,221 orchestrator 28176 8368 [STAGE 1] Classifier Agent initialized
INFO 2025-10-08 15:06:21,223 orchestrator 28176 8368 [STAGE 1] Scorer Agent initialized
INFO 2025-10-08 15:06:21,223 orchestrator 28176 8368 [STAGE 1 COMPLETE] Core processing agents ready
INFO 2025-10-08 15:06:21,223 orchestrator 28176 8368 [STAGE 2] Analytics agents will be initialized on-demand
INFO 2025-10-08 15:06:21,914 orchestrator 28176 8368 [STAGE 2] Generating executive summary for 3 reviews
INFO 2025-10-08 15:06:21,914 agent 28176 8368 Gemini model initialized successfully for summarization
INFO 2025-10-08 15:06:21,916 orchestrator 28176 8368 [STAGE 2] Summarizer Agent initialized
INFO 2025-10-08 15:06:21,916 agent 28176 8368 Gemini model initialized successfully for tags generation
INFO 2025-10-08 15:06:21,917 agent 28176 8368 [OK] Tags Generator Agent initialized
INFO 2025-10-08 15:06:21,917 orchestrator 28176 8368 [STAGE 2] Tags Generator Agent initialized
INFO 2025-10-08 15:06:21,917 agent 28176 8368 Gemini model initialized successfully for recommendations generation
INFO 2025-10-08 15:06:21,917 agent 28176 8368 [OK] Recommendations Agent initialized
INFO 2025-10-08 15:06:21,917 orchestrator 28176 8368 [STAGE 2] Recommendations Agent initialized
INFO 2025-10-08 15:06:21,918 orchestrator 28176 8368 [STAGE 2] All analytics agents ready
INFO 2025-10-08 15:06:21,918 agent 28176 8368 Starting AI-powered summarization for 3 reviews
INFO 2025-10-08 15:06:21,919 agent 28176 8368 Gemini model initialized successfully for summarization
INFO 2025-10-08 15:06:24,478 agent 28176 8368 AI summarization completed successfully for 3 reviews
INFO 2025-10-08 15:06:24,478 orchestrator 28176 8368 [STAGE 2] Executive summary generated successfully
INFO 2025-10-08 15:06:24,479 orchestrator 28176 8368 [STAGE 2] Generating tags analysis for 3 reviews
INFO 2025-10-08 15:06:24,479 orchestrator 28176 8368 [STAGE 2] All analytics agents ready
INFO 2025-10-08 15:06:27,117 agent 28176 8368 AI tags generation completed successfully
INFO 2025-10-08 15:06:27,117 agent 28176 8368 Tags generation completed for 3 reviews
INFO 2025-10-08 15:06:27,118 orchestrator 28176 8368 [STAGE 2] Tags analysis completed successfully
INFO 2025-10-08 15:07:18,343 autoreload 23168 8764 Watching for file changes with StatReloader
INFO 2025-10-08 15:07:34,277 autoreload 37692 24944 Watching for file changes with StatReloader
INFO 2025-10-08 15:07:39,353 basehttp 37692 41664 "GET / HTTP/1.1" 302 0
INFO 2025-10-08 15:07:42,823 basehttp 37692 41664 "GET /dashboard/ HTTP/1.1" 200 40663
INFO 2025-10-08 15:07:50,759 basehttp 37692 41664 "GET /dashboard/analytics/ HTTP/1.1" 200 113025
INFO 2025-10-08 15:07:51,135 views 37692 41664 Retrieved persisted AI analysis: f61d2782-a488-4cb6-84e8-ef39848c3b3a
INFO 2025-10-08 15:07:51,516 basehttp 37692 41664 "GET /api/v1/get-ai-analysis/ HTTP/1.1" 200 5163
INFO 2025-10-08 15:08:07,022 views 37692 41664 [STAGE 2] Generating analytics for 25 reviews
INFO 2025-10-08 15:08:07,025 orchestrator 37692 41664 [STAGE 1] Classifier Agent initialized
INFO 2025-10-08 15:08:07,028 orchestrator 37692 41664 [STAGE 1] Scorer Agent initialized
INFO 2025-10-08 15:08:07,028 orchestrator 37692 41664 [STAGE 1 COMPLETE] Core processing agents ready
INFO 2025-10-08 15:08:07,028 orchestrator 37692 41664 [STAGE 2] Analytics agents will be initialized on-demand
INFO 2025-10-08 15:08:07,029 orchestrator 37692 41664 [STAGE 2] Generating tags analysis for 25 reviews
INFO 2025-10-08 15:08:07,029 agent 37692 41664 Gemini model initialized successfully for summarization
INFO 2025-10-08 15:08:07,032 orchestrator 37692 41664 [STAGE 2] Summarizer Agent initialized
INFO 2025-10-08 15:08:07,032 agent 37692 41664 Gemini model initialized successfully for tags generation
INFO 2025-10-08 15:08:07,033 agent 37692 41664 [OK] Tags Generator Agent initialized
INFO 2025-10-08 15:08:07,033 orchestrator 37692 41664 [STAGE 2] Tags Generator Agent initialized
INFO 2025-10-08 15:08:07,033 agent 37692 41664 Gemini model initialized successfully for recommendations generation
INFO 2025-10-08 15:08:07,033 agent 37692 41664 [OK] Recommendations Agent initialized
INFO 2025-10-08 15:08:07,034 orchestrator 37692 41664 [STAGE 2] Recommendations Agent initialized
INFO 2025-10-08 15:08:07,034 orchestrator 37692 41664 [STAGE 2] All analytics agents ready
INFO 2025-10-08 15:08:11,196 agent 37692 41664 AI tags generation completed successfully
INFO 2025-10-08 15:08:11,197 agent 37692 41664 Tags generation completed for 25 reviews
INFO 2025-10-08 15:08:11,197 orchestrator 37692 41664 [STAGE 2] Tags analysis completed successfully
INFO 2025-10-08 15:08:11,198 orchestrator 37692 41664 [STAGE 2] Generating business recommendations for 25 reviews
INFO 2025-10-08 15:08:11,198 orchestrator 37692 41664 [STAGE 2] All analytics agents ready
INFO 2025-10-08 15:08:11,199 agent 37692 41664 Generating AI recommendations for 25 reviews
INFO 2025-10-08 15:08:12,845 agent 37692 41664 AI recommendations generated successfully
INFO 2025-10-08 15:08:12,846 orchestrator 37692 41664 [STAGE 2] Business recommendations generated successfully
INFO 2025-10-08 15:08:12,846 orchestrator 37692 41664 [STAGE 2] Generating executive summary for 25 reviews
INFO 2025-10-08 15:08:12,846 orchestrator 37692 41664 [STAGE 2] All analytics agents ready
INFO 2025-10-08 15:08:12,847 agent 37692 41664 Starting AI-powered summarization for 25 reviews
INFO 2025-10-08 15:08:12,848 agent 37692 41664 Gemini model initialized successfully for summarization
INFO 2025-10-08 15:08:15,515 agent 37692 41664 AI summarization completed successfully for 25 reviews
INFO 2025-10-08 15:08:15,516 orchestrator 37692 41664 [STAGE 2] Executive summary generated successfully
INFO 2025-10-08 15:08:15,943 views 37692 41664 AI analysis saved to database with ID: 3fa65de6-928f-4ff1-8efa-d228865baa62
INFO 2025-10-08 15:08:15,944 views 37692 41664 Complete AI analysis generated successfully
INFO 2025-10-08 15:08:16,313 basehttp 37692 41664 "POST /api/v1/ai-analysis/ HTTP/1.1" 200 4068
INFO 2025-10-08 15:08:29,013 basehttp 37692 41664 "GET /dashboard/analytics/ HTTP/1.1" 200 113025
INFO 2025-10-08 15:08:29,397 views 37692 41664 Retrieved persisted AI analysis: 3fa65de6-928f-4ff1-8efa-d228865baa62
INFO 2025-10-08 15:08:29,799 basehttp 37692 41664 "GET /api/v1/get-ai-analysis/ HTTP/1.1" 200 5067
INFO 2025-10-08 15:08:38,996 basehttp 37692 41664 "GET /dashboard/reviews/ HTTP/1.1" 200 169725
INFO 2025-10-08 15:08:41,413 autoreload 37692 24944 E:\ish\multiagent-review-sentiment-ai\apps\api\views.py changed, reloading.
INFO 2025-10-08 15:08:44,614 autoreload 2436 32056 Watching for file changes with StatReloader
INFO 2025-10-08 15:08:53,194 basehttp 2436 42756 "GET /dashboard/ HTTP/1.1" 200 40663
INFO 2025-10-08 15:09:14,439 basehttp 2436 42756 "GET /auth/profile/ HTTP/1.1" 200 32018
INFO 2025-10-08 15:27:33,280 autoreload 10252 7620 Watching for file changes with StatReloader
INFO 2025-10-08 15:27:37,680 basehttp 10252 18080 "GET / HTTP/1.1" 302 0
INFO 2025-10-08 15:27:41,244 basehttp 10252 18080 "GET /dashboard/ HTTP/1.1" 200 40664
INFO 2025-10-08 15:27:48,104 basehttp 10252 18080 "GET /dashboard/reviews/ HTTP/1.1" 200 169725
INFO 2025-10-08 15:28:00,344 basehttp 10252 18080 "GET /dashboard/upload/ HTTP/1.1" 200 54893
INFO 2025-10-08 15:28:07,892 basehttp 10252 32720 "GET /auth/profile/ HTTP/1.1" 200 32018
INFO 2025-10-08 15:28:44,509 basehttp 10252 32720 "GET /dashboard/reviews/ HTTP/1.1" 200 169725
INFO 2025-10-08 15:33:43,134 basehttp 10252 32720 "GET /auth/profile/ HTTP/1.1" 200 33520
INFO 2025-10-08 15:34:10,620 basehttp 10252 32720 "GET /auth/profile/ HTTP/1.1" 200 32018
INFO 2025-10-08 15:38:58,146 basehttp 10252 32720 "GET /auth/profile/ HTTP/1.1" 200 32577
INFO 2025-10-08 15:41:15,191 basehttp 10252 32720 "GET /auth/profile/ HTTP/1.1" 200 32577
INFO 2025-10-08 15:41:33,380 basehttp 10252 32720 "GET /auth/profile/ HTTP/1.1" 200 32596
INFO 2025-10-08 15:41:41,479 basehttp 10252 32720 "GET /auth/profile/ HTTP/1.1" 200 32598
INFO 2025-10-08 15:42:49,940 basehttp 10252 32720 "GET /auth/profile/ HTTP/1.1" 200 32577
INFO 2025-10-08 15:43:28,072 basehttp 10252 32720 "GET /auth/profile/ HTTP/1.1" 200 32577
INFO 2025-10-08 15:44:15,580 basehttp 10252 32720 "GET /dashboard/reviews/ HTTP/1.1" 200 169725
INFO 2025-10-08 15:44:35,352 basehttp 10252 32720 "GET /dashboard/analytics/ HTTP/1.1" 200 113025
INFO 2025-10-08 15:44:35,825 views 10252 32720 Retrieved persisted AI analysis: 3fa65de6-928f-4ff1-8efa-d228865baa62
INFO 2025-10-08 15:44:36,196 basehttp 10252 32720 "GET /api/v1/get-ai-analysis/ HTTP/1.1" 200 5067
INFO 2025-10-08 15:44:59,198 basehttp 10252 32720 "GET /auth/users/ HTTP/1.1" 200 21510
INFO 2025-10-08 15:45:02,349 basehttp 10252 32720 "GET /auth/profile/ HTTP/1.1" 200 32634
INFO 2025-10-08 15:46:23,734 basehttp 10252 32720 "GET /auth/profile/ HTTP/1.1" 200 32913
INFO 2025-10-08 15:47:26,127 basehttp 10252 32720 "GET /auth/profile/ HTTP/1.1" 200 32954
INFO 2025-10-08 15:48:12,971 basehttp 10252 32720 "GET /auth/profile/ HTTP/1.1" 200 33005
INFO 2025-10-08 15:49:19,319 basehttp 10252 32720 "GET /auth/profile/ HTTP/1.1" 200 32946
INFO 2025-10-08 15:49:31,834 basehttp 10252 32720 "GET /auth/profile/ HTTP/1.1" 200 32879
INFO 2025-10-08 15:51:06,163 basehttp 10252 32720 "GET /auth/profile/ HTTP/1.1" 200 32995
INFO 2025-10-08 15:52:02,772 basehttp 10252 32720 "GET /auth/profile/ HTTP/1.1" 200 33050
INFO 2025-10-08 15:52:16,180 basehttp 10252 32720 "GET /dashboard/reviews/ HTTP/1.1" 200 169725
INFO 2025-10-08 15:53:11,681 basehttp 10252 32720 "GET /auth/profile/ HTTP/1.1" 200 33050
INFO 2025-10-08 15:55:00,964 basehttp 10252 32720 "GET /auth/profile/ HTTP/1.1" 200 33488
INFO 2025-10-08 15:55:37,751 basehttp 10252 32720 "GET /auth/users/ HTTP/1.1" 200 21510
INFO 2025-10-08 15:59:39,139 basehttp 10252 21996 "GET /auth/profile/ HTTP/1.1" 200 33488
INFO 2025-10-08 15:59:51,923 basehttp 10252 21996 "GET /auth/users/ HTTP/1.1" 200 20558
INFO 2025-10-08 16:00:27,468 basehttp 10252 21996 "GET /auth/users/ HTTP/1.1" 200 20558
INFO 2025-10-08 16:01:51,851 autoreload 10252 7620 E:\ish\multiagent-review-sentiment-ai\apps\authentication\views.py changed, reloading.
INFO 2025-10-08 16:01:52,593 autoreload 8024 11836 Watching for file changes with StatReloader
INFO 2025-10-08 16:02:34,075 autoreload 8024 11836 E:\ish\multiagent-review-sentiment-ai\apps\authentication\views.py changed, reloading.
INFO 2025-10-08 16:02:34,708 autoreload 15904 4040 Watching for file changes with StatReloader
INFO 2025-10-08 16:07:43,312 autoreload 23660 21016 Watching for file changes with StatReloader
INFO 2025-10-08 16:07:50,034 basehttp 23660 30064 "GET /auth/users/ HTTP/1.1" 200 20961
INFO 2025-10-08 16:07:59,812 basehttp 23660 30064 "GET /auth/users/ HTTP/1.1" 200 21016
INFO 2025-10-08 16:08:10,713 basehttp 23660 30064 "GET /auth/users/ HTTP/1.1" 200 21043
INFO 2025-10-08 16:08:17,219 basehttp 23660 30064 "GET /auth/users/ HTTP/1.1" 200 21043
INFO 2025-10-08 16:09:55,666 basehttp 23660 30064 "GET /auth/users/ HTTP/1.1" 200 20971
INFO 2025-10-08 16:10:29,993 basehttp 23660 30064 "GET /auth/users/ HTTP/1.1" 200 21221
INFO 2025-10-08 16:10:37,738 basehttp 23660 30064 "GET /auth/users/ HTTP/1.1" 200 21221
INFO 2025-10-08 16:11:08,602 basehttp 23660 30064 "GET /auth/users/ HTTP/1.1" 200 20981
INFO 2025-10-08 16:11:23,752 basehttp 23660 30064 "GET /auth/users/ HTTP/1.1" 200 20981
INFO 2025-10-08 16:11:29,522 basehttp 23660 30064 "GET /auth/profile/ HTTP/1.1" 200 33488
INFO 2025-10-08 16:11:33,162 basehttp 23660 30064 "GET /admin/ HTTP/1.1" 200 10354
INFO 2025-10-08 16:12:06,302 basehttp 23660 30064 "GET /auth/profile/ HTTP/1.1" 200 33488
INFO 2025-10-08 16:14:32,561 basehttp 23660 30064 "GET /dashboard/ HTTP/1.1" 200 40673
INFO 2025-10-08 16:14:37,483 basehttp 23660 30064 "GET /dashboard/upload/ HTTP/1.1" 200 54902
INFO 2025-10-08 16:14:43,466 basehttp 23660 30064 "GET /auth/users/ HTTP/1.1" 200 20981
INFO 2025-10-08 16:14:46,961 basehttp 23660 30064 "GET /auth/register/ HTTP/1.1" 200 31000
INFO 2025-10-08 16:17:31,116 basehttp 23660 30064 "GET /auth/register/ HTTP/1.1" 200 32434
INFO 2025-10-08 16:19:37,604 basehttp 23660 30064 "GET /auth/register/ HTTP/1.1" 200 32509
INFO 2025-10-08 16:19:44,437 basehttp 23660 30064 "GET /auth/register/ HTTP/1.1" 200 32710
INFO 2025-10-08 16:20:21,818 basehttp 23660 30064 "GET /auth/register/ HTTP/1.1" 200 32517
INFO 2025-10-08 16:20:33,050 basehttp 23660 30064 "GET /auth/register/ HTTP/1.1" 200 32517
INFO 2025-10-08 16:23:52,587 basehttp 23660 30064 "GET /auth/register/ HTTP/1.1" 200 31392
INFO 2025-10-08 16:24:05,408 basehttp 23660 30064 "GET /auth/register/ HTTP/1.1" 200 31392
INFO 2025-10-08 16:24:13,767 basehttp 23660 30064 "GET /auth/register/ HTTP/1.1" 200 31392
INFO 2025-10-08 16:25:39,397 basehttp 23660 30064 "GET /auth/register/ HTTP/1.1" 200 31751
INFO 2025-10-08 16:26:07,181 basehttp 23660 30064 "GET /auth/register/ HTTP/1.1" 200 32973
INFO 2025-10-08 16:27:38,120 basehttp 23660 30064 "GET /auth/register/ HTTP/1.1" 200 31392
INFO 2025-10-08 16:29:32,305 basehttp 23660 17028 "GET /auth/register/ HTTP/1.1" 200 31609
INFO 2025-10-08 16:32:09,724 basehttp 23660 17028 "GET /auth/profile/ HTTP/1.1" 200 33488
INFO 2025-10-08 16:32:20,884 basehttp 23660 17028 "GET /dashboard/ HTTP/1.1" 200 40673
INFO 2025-10-08 16:38:39,282 autoreload 28736 34776 Watching for file changes with StatReloader
INFO 2025-10-08 16:38:47,146 basehttp 28736 5416 "GET /auth/users/ HTTP/1.1" 200 20981
INFO 2025-10-08 16:38:50,778 basehttp 28736 5416 "GET /auth/register/ HTTP/1.1" 200 31609
INFO 2025-10-08 16:40:03,347 basehttp 28736 5416 "POST /auth/register/ HTTP/1.1" 200 31973
INFO 2025-10-08 16:40:11,567 basehttp 28736 5416 "GET /auth/users/ HTTP/1.1" 200 20981
INFO 2025-10-08 16:40:43,933 basehttp 28736 5416 "POST /auth/register/ HTTP/1.1" 302 0
INFO 2025-10-08 16:40:45,307 basehttp 28736 5416 "GET /auth/register/ HTTP/1.1" 200 32249
INFO 2025-10-08 16:41:01,417 basehttp 28736 5416 "GET /auth/users/ HTTP/1.1" 200 22268
INFO 2025-10-08 16:41:17,076 basehttp 28736 5416 "GET /auth/logout/ HTTP/1.1" 302 0
INFO 2025-10-08 16:41:17,082 basehttp 28736 5416 "GET /auth/login/ HTTP/1.1" 200 9411
INFO 2025-10-08 16:41:32,165 basehttp 28736 5416 "POST /auth/login/ HTTP/1.1" 302 0
INFO 2025-10-08 16:41:35,156 basehttp 28736 5416 "GET /dashboard/ HTTP/1.1" 200 32850
INFO 2025-10-08 16:41:43,267 basehttp 28736 5416 "GET /dashboard/upload/ HTTP/1.1" 200 54350
INFO 2025-10-08 16:44:20,826 basehttp 28736 5416 "GET /dashboard/ HTTP/1.1" 200 32234
INFO 2025-10-08 16:44:25,266 basehttp 28736 5416 "GET /auth/profile/ HTTP/1.1" 200 33987
INFO 2025-10-08 16:45:05,776 basehttp 28736 5416 "GET /dashboard/ HTTP/1.1" 200 32234
INFO 2025-10-08 16:49:07,605 basehttp 28736 5416 "GET /dashboard/upload/ HTTP/1.1" 200 54350
INFO 2025-10-08 16:49:17,838 basehttp 28736 5416 "POST /dashboard/upload/ HTTP/1.1" 200 145
INFO 2025-10-08 16:49:22,673 basehttp 28736 5416 "GET /dashboard/ HTTP/1.1" 200 33001
INFO 2025-10-08 16:49:34,626 basehttp 28736 5416 "GET /dashboard/reviews/ HTTP/1.1" 200 41819
INFO 2025-10-08 16:49:40,926 basehttp 28736 5416 "GET /dashboard/ HTTP/1.1" 200 33001
INFO 2025-10-08 16:49:45,008 basehttp 28736 5416 "GET /dashboard/upload/ HTTP/1.1" 200 56084
INFO 2025-10-08 16:50:05,253 basehttp 28736 5416 "POST /dashboard/upload/ HTTP/1.1" 200 145
ERROR 2025-10-08 16:50:09,354 log 28736 5416 Internal Server Error: /dashboard/batch/f38a0770-082e-4596-bf0f-d04850e0d97b/
Traceback (most recent call last):
  File "E:\ish\multiagent-review-sentiment-ai\.venv\Lib\site-packages\django\core\handlers\exception.py", line 55, in inner
    response = get_response(request)
  File "E:\ish\multiagent-review-sentiment-ai\.venv\Lib\site-packages\django\core\handlers\base.py", line 197, in _get_response
    response = wrapped_callback(request, *callback_args, **callback_kwargs)
  File "E:\ish\multiagent-review-sentiment-ai\.venv\Lib\site-packages\django\contrib\auth\decorators.py", line 59, in _view_wrapper
    return view_func(request, *args, **kwargs)
  File "E:\ish\multiagent-review-sentiment-ai\apps\dashboard\views.py", line 205, in batch_detail
    return render(request, 'dashboard/batch_detail.html', context)
  File "E:\ish\multiagent-review-sentiment-ai\.venv\Lib\site-packages\django\shortcuts.py", line 25, in render
    content = loader.render_to_string(template_name, context, request, using=using)
  File "E:\ish\multiagent-review-sentiment-ai\.venv\Lib\site-packages\django\template\loader.py", line 61, in render_to_string
    template = get_template(template_name, using=using)
  File "E:\ish\multiagent-review-sentiment-ai\.venv\Lib\site-packages\django\template\loader.py", line 19, in get_template
    raise TemplateDoesNotExist(template_name, chain=chain)
django.template.exceptions.TemplateDoesNotExist: dashboard/batch_detail.html
ERROR 2025-10-08 16:50:09,358 basehttp 28736 5416 "GET /dashboard/batch/f38a0770-082e-4596-bf0f-d04850e0d97b/ HTTP/1.1" 500 103628
INFO 2025-10-08 16:50:12,904 basehttp 28736 5416 "GET /dashboard/upload/ HTTP/1.1" 200 57818
INFO 2025-10-08 16:50:18,512 basehttp 28736 5416 "GET /dashboard/ HTTP/1.1" 200 33767
INFO 2025-10-08 16:50:24,763 basehttp 28736 5416 "GET /auth/profile/ HTTP/1.1" 200 33987
INFO 2025-10-08 16:52:13,386 basehttp 28736 5416 "GET /dashboard/ HTTP/1.1" 200 33768
INFO 2025-10-08 16:52:16,303 basehttp 28736 5416 "GET /dashboard/upload/ HTTP/1.1" 200 57818
INFO 2025-10-08 16:52:23,783 basehttp 28736 5416 "POST /dashboard/upload/ HTTP/1.1" 200 145
INFO 2025-10-08 16:52:28,830 basehttp 28736 5416 "GET /dashboard/ HTTP/1.1" 200 34535
INFO 2025-10-08 16:52:49,223 basehttp 28736 40784 "GET /dashboard/upload/ HTTP/1.1" 200 59552
INFO 2025-10-08 16:52:51,864 basehttp 28736 5416 - Broken pipe from ('127.0.0.1', 8492)
INFO 2025-10-08 16:53:36,742 basehttp 28736 40784 "POST /dashboard/upload/ HTTP/1.1" 200 145
INFO 2025-10-08 16:53:42,402 basehttp 28736 40784 "GET /dashboard/ HTTP/1.1" 200 43149
INFO 2025-10-08 16:53:48,670 basehttp 28736 40784 "GET /dashboard/reviews/ HTTP/1.1" 200 70895
INFO 2025-10-08 16:53:57,641 basehttp 28736 40784 "GET /dashboard/analytics/ HTTP/1.1" 200 102301
INFO 2025-10-08 16:53:58,069 views 28736 40784 Retrieved persisted AI analysis: 3fa65de6-928f-4ff1-8efa-d228865baa62
INFO 2025-10-08 16:53:58,444 basehttp 28736 40784 "GET /api/v1/get-ai-analysis/ HTTP/1.1" 200 5067
INFO 2025-10-08 16:54:04,101 basehttp 28736 40784 "GET /dashboard/ HTTP/1.1" 200 43149
INFO 2025-10-08 16:54:16,126 orchestrator 28736 40784 [STAGE 1] Classifier Agent initialized
INFO 2025-10-08 16:54:16,128 orchestrator 28736 40784 [STAGE 1] Scorer Agent initialized
INFO 2025-10-08 16:54:16,128 orchestrator 28736 40784 [STAGE 1 COMPLETE] Core processing agents ready
INFO 2025-10-08 16:54:16,128 orchestrator 28736 40784 [STAGE 2] Analytics agents will be initialized on-demand
INFO 2025-10-08 16:54:16,239 views 28736 40784 [STAGE 1] Using ReviewProcessingOrchestrator for core processing of 20 reviews
INFO 2025-10-08 16:54:16,762 orchestrator 28736 40784 [STAGE 1] Processing review acfee74f-862f-40e2-8a7a-672d5f5d0f8c
INFO 2025-10-08 16:54:18,823 orchestrator 28736 40784 [COMPLETED] Single review workflow completed in 2.06s
INFO 2025-10-08 16:54:18,949 orchestrator 28736 40784 [STAGE 1] Processing review b2d9ee84-c952-49df-9a7e-4d68551d9307
INFO 2025-10-08 16:54:20,902 orchestrator 28736 40784 [COMPLETED] Single review workflow completed in 1.95s
INFO 2025-10-08 16:54:21,016 orchestrator 28736 40784 [STAGE 1] Processing review 990d3b84-1049-4791-8266-2f6952d028ae
INFO 2025-10-08 16:54:22,983 orchestrator 28736 40784 [COMPLETED] Single review workflow completed in 1.97s
INFO 2025-10-08 16:54:23,104 orchestrator 28736 40784 [STAGE 1] Processing review 9222be14-50ab-47e4-8272-9792a38eced7
INFO 2025-10-08 16:54:25,331 orchestrator 28736 40784 [COMPLETED] Single review workflow completed in 2.23s
INFO 2025-10-08 16:54:25,458 orchestrator 28736 40784 [STAGE 1] Processing review 612deeae-7b51-48cc-9852-5a133748bfd7
INFO 2025-10-08 16:54:27,571 orchestrator 28736 40784 [COMPLETED] Single review workflow completed in 2.11s
INFO 2025-10-08 16:54:27,706 orchestrator 28736 40784 [STAGE 1] Processing review 1395de9f-ac65-4505-8af0-7a5008857f66
INFO 2025-10-08 16:54:29,543 orchestrator 28736 40784 [COMPLETED] Single review workflow completed in 1.84s
INFO 2025-10-08 16:54:29,669 orchestrator 28736 40784 [STAGE 1] Processing review 16f185c1-a62d-4bee-8a94-c9b335ff19dd
INFO 2025-10-08 16:54:31,622 orchestrator 28736 40784 [COMPLETED] Single review workflow completed in 1.95s
INFO 2025-10-08 16:54:31,773 orchestrator 28736 40784 [STAGE 1] Processing review ec52943d-960a-4128-b5e5-5aa44500eebc
INFO 2025-10-08 16:54:33,742 orchestrator 28736 40784 [COMPLETED] Single review workflow completed in 1.97s
INFO 2025-10-08 16:54:33,899 orchestrator 28736 40784 [STAGE 1] Processing review ffd829b2-6c3e-47f1-9fde-e5779986722b
INFO 2025-10-08 16:54:37,635 orchestrator 28736 40784 [COMPLETED] Single review workflow completed in 3.74s
INFO 2025-10-08 16:54:37,819 orchestrator 28736 40784 [STAGE 1] Processing review 258a8b27-b2a1-4489-bb1a-dd4dc984b1c4
INFO 2025-10-08 16:54:39,563 orchestrator 28736 40784 [COMPLETED] Single review workflow completed in 1.74s
INFO 2025-10-08 16:54:39,682 orchestrator 28736 40784 [STAGE 1] Processing review 25fd9575-dfe4-491c-a416-380a0d43e5b4
INFO 2025-10-08 16:54:41,781 orchestrator 28736 40784 [COMPLETED] Single review workflow completed in 2.10s
INFO 2025-10-08 16:54:41,923 orchestrator 28736 40784 [STAGE 1] Processing review e6ef5e4f-e35d-4d22-a018-78d8baefd749
INFO 2025-10-08 16:54:44,341 orchestrator 28736 40784 [COMPLETED] Single review workflow completed in 2.42s
INFO 2025-10-08 16:54:44,462 orchestrator 28736 40784 [STAGE 1] Processing review c5bf514c-e639-42eb-87d0-92a4e429fc07
INFO 2025-10-08 16:54:46,262 orchestrator 28736 40784 [COMPLETED] Single review workflow completed in 1.80s
INFO 2025-10-08 16:54:46,383 orchestrator 28736 40784 [STAGE 1] Processing review 5d748ed8-3f7c-4078-a00c-1a6bab61797b
INFO 2025-10-08 16:54:48,902 orchestrator 28736 40784 [COMPLETED] Single review workflow completed in 2.52s
INFO 2025-10-08 16:54:49,021 orchestrator 28736 40784 [STAGE 1] Processing review a92c5f80-9911-4386-aa3f-94687baa3825
INFO 2025-10-08 16:54:51,462 orchestrator 28736 40784 [COMPLETED] Single review workflow completed in 2.44s
INFO 2025-10-08 16:54:51,581 orchestrator 28736 40784 [STAGE 1] Processing review 580f678d-fd91-4070-86d4-7184ad158f17
INFO 2025-10-08 16:54:53,703 orchestrator 28736 40784 [COMPLETED] Single review workflow completed in 2.12s
INFO 2025-10-08 16:54:53,821 orchestrator 28736 40784 [STAGE 1] Processing review 84c18664-7066-4a86-88bd-5da2071d5214
INFO 2025-10-08 16:54:56,100 orchestrator 28736 40784 [COMPLETED] Single review workflow completed in 2.28s
INFO 2025-10-08 16:54:56,221 orchestrator 28736 40784 [STAGE 1] Processing review 46320192-28c6-4a9d-9a60-6865130ccc93
INFO 2025-10-08 16:54:58,063 orchestrator 28736 40784 [COMPLETED] Single review workflow completed in 1.84s
INFO 2025-10-08 16:54:58,211 orchestrator 28736 40784 [STAGE 1] Processing review ff59880c-5322-4fb2-9235-088361c28ef7
INFO 2025-10-08 16:55:00,431 orchestrator 28736 40784 [COMPLETED] Single review workflow completed in 2.22s
INFO 2025-10-08 16:55:00,548 orchestrator 28736 40784 [STAGE 1] Processing review 4dce62d4-98a0-4ed0-938a-934f9fdbc3c9
INFO 2025-10-08 16:55:02,243 orchestrator 28736 40784 [COMPLETED] Single review workflow completed in 1.69s
INFO 2025-10-08 16:55:03,003 basehttp 28736 40784 "POST /api/v1/process/ HTTP/1.1" 200 394
INFO 2025-10-08 16:55:09,562 basehttp 28736 40784 "GET /dashboard/ HTTP/1.1" 200 43157
INFO 2025-10-08 16:55:13,868 basehttp 28736 40784 "GET /dashboard/reviews/ HTTP/1.1" 200 72800
INFO 2025-10-08 16:55:33,042 basehttp 28736 40784 "GET /dashboard/analytics/ HTTP/1.1" 200 102313
INFO 2025-10-08 16:55:33,430 views 28736 40784 Retrieved persisted AI analysis: 3fa65de6-928f-4ff1-8efa-d228865baa62
INFO 2025-10-08 16:55:33,801 basehttp 28736 40784 "GET /api/v1/get-ai-analysis/ HTTP/1.1" 200 5067
INFO 2025-10-08 16:55:41,399 views 28736 40784 [STAGE 2] Generating analytics for 5 reviews
INFO 2025-10-08 16:55:41,403 orchestrator 28736 40784 [STAGE 1] Classifier Agent initialized
INFO 2025-10-08 16:55:41,405 orchestrator 28736 40784 [STAGE 1] Scorer Agent initialized
INFO 2025-10-08 16:55:41,405 orchestrator 28736 40784 [STAGE 1 COMPLETE] Core processing agents ready
INFO 2025-10-08 16:55:41,405 orchestrator 28736 40784 [STAGE 2] Analytics agents will be initialized on-demand
INFO 2025-10-08 16:55:41,405 orchestrator 28736 40784 [STAGE 2] Generating tags analysis for 5 reviews
INFO 2025-10-08 16:55:41,406 agent 28736 40784 Gemini model initialized successfully for summarization
INFO 2025-10-08 16:55:41,407 orchestrator 28736 40784 [STAGE 2] Summarizer Agent initialized
INFO 2025-10-08 16:55:41,407 agent 28736 40784 Gemini model initialized successfully for tags generation
INFO 2025-10-08 16:55:41,408 agent 28736 40784 [OK] Tags Generator Agent initialized
INFO 2025-10-08 16:55:41,408 orchestrator 28736 40784 [STAGE 2] Tags Generator Agent initialized
INFO 2025-10-08 16:55:41,408 agent 28736 40784 Gemini model initialized successfully for recommendations generation
INFO 2025-10-08 16:55:41,408 agent 28736 40784 [OK] Recommendations Agent initialized
INFO 2025-10-08 16:55:41,408 orchestrator 28736 40784 [STAGE 2] Recommendations Agent initialized
INFO 2025-10-08 16:55:41,409 orchestrator 28736 40784 [STAGE 2] All analytics agents ready
INFO 2025-10-08 16:55:44,627 agent 28736 40784 AI tags generation completed successfully
INFO 2025-10-08 16:55:44,627 agent 28736 40784 Tags generation completed for 5 reviews
INFO 2025-10-08 16:55:44,628 orchestrator 28736 40784 [STAGE 2] Tags analysis completed successfully
INFO 2025-10-08 16:55:44,628 orchestrator 28736 40784 [STAGE 2] Generating business recommendations for 5 reviews
INFO 2025-10-08 16:55:44,628 orchestrator 28736 40784 [STAGE 2] All analytics agents ready
INFO 2025-10-08 16:55:44,628 agent 28736 40784 Generating AI recommendations for 5 reviews
INFO 2025-10-08 16:55:46,345 agent 28736 40784 AI recommendations generated successfully
INFO 2025-10-08 16:55:46,345 orchestrator 28736 40784 [STAGE 2] Business recommendations generated successfully
INFO 2025-10-08 16:55:46,346 orchestrator 28736 40784 [STAGE 2] Generating executive summary for 5 reviews
INFO 2025-10-08 16:55:46,346 orchestrator 28736 40784 [STAGE 2] All analytics agents ready
INFO 2025-10-08 16:55:46,346 agent 28736 40784 Starting AI-powered summarization for 5 reviews
INFO 2025-10-08 16:55:46,348 agent 28736 40784 Gemini model initialized successfully for summarization
INFO 2025-10-08 16:55:48,745 agent 28736 40784 AI summarization completed successfully for 5 reviews
INFO 2025-10-08 16:55:48,745 orchestrator 28736 40784 [STAGE 2] Executive summary generated successfully
INFO 2025-10-08 16:55:49,020 views 28736 40784 AI analysis saved to database with ID: 742d3891-98a7-457f-a62b-884e7b8f29eb
INFO 2025-10-08 16:55:49,020 views 28736 40784 Complete AI analysis generated successfully
INFO 2025-10-08 16:55:49,556 basehttp 28736 40784 "POST /api/v1/ai-analysis/ HTTP/1.1" 200 3746
INFO 2025-10-08 16:56:08,186 basehttp 28736 40784 "GET /dashboard/ HTTP/1.1" 200 43158
INFO 2025-10-08 16:56:17,820 basehttp 28736 40784 "GET /auth/profile/ HTTP/1.1" 200 33987
INFO 2025-10-08 16:56:58,405 basehttp 28736 40784 "GET /dashboard/ HTTP/1.1" 200 43158
INFO 2025-10-08 16:57:11,168 basehttp 28736 40784 "GET /auth/logout/ HTTP/1.1" 302 0
INFO 2025-10-08 16:57:11,173 basehttp 28736 40784 "GET /auth/login/ HTTP/1.1" 200 9418
INFO 2025-10-08 17:00:09,516 basehttp 28736 17012 "GET /auth/login/ HTTP/1.1" 200 10036
INFO 2025-10-08 17:01:20,367 basehttp 28736 17012 "GET /auth/login/ HTTP/1.1" 200 10831
INFO 2025-10-08 17:01:25,095 basehttp 28736 17012 "GET /auth/login/ HTTP/1.1" 200 10831
INFO 2025-10-08 17:01:26,961 basehttp 28736 17012 "GET /auth/login/ HTTP/1.1" 200 10831
INFO 2025-10-08 17:01:27,592 basehttp 28736 17012 "GET /auth/login/ HTTP/1.1" 200 10831
INFO 2025-10-08 17:01:28,032 basehttp 28736 17012 "GET /auth/login/ HTTP/1.1" 200 10831
INFO 2025-10-08 17:01:57,562 basehttp 28736 17012 "GET /auth/login/ HTTP/1.1" 200 10941
INFO 2025-10-08 17:02:13,517 basehttp 28736 17012 "GET /auth/login/ HTTP/1.1" 200 10036
INFO 2025-10-08 17:03:30,598 basehttp 28736 17012 "GET /auth/login/ HTTP/1.1" 200 11127
INFO 2025-10-08 17:03:39,226 basehttp 28736 17012 "GET /auth/login/ HTTP/1.1" 200 11113
INFO 2025-10-08 17:03:56,686 basehttp 28736 17012 "GET /auth/login/ HTTP/1.1" 200 11566
INFO 2025-10-08 17:04:01,305 basehttp 28736 17012 "GET /auth/login/ HTTP/1.1" 200 11566
INFO 2025-10-08 17:04:24,746 basehttp 28736 17012 "POST /auth/login/ HTTP/1.1" 302 0
INFO 2025-10-08 17:04:28,620 basehttp 28736 17012 "GET /dashboard/ HTTP/1.1" 200 44367
INFO 2025-10-08 17:04:38,736 basehttp 28736 17012 "GET /dashboard/reviews/ HTTP/1.1" 200 170254
INFO 2025-10-08 17:04:53,727 basehttp 28736 17012 "GET /dashboard/analytics/ HTTP/1.1" 200 113025
INFO 2025-10-08 17:04:54,156 views 28736 17012 Retrieved persisted AI analysis: 742d3891-98a7-457f-a62b-884e7b8f29eb
INFO 2025-10-08 17:04:54,517 basehttp 28736 17012 "GET /api/v1/get-ai-analysis/ HTTP/1.1" 200 4597
INFO 2025-10-08 17:06:10,203 autoreload 38776 13952 Watching for file changes with StatReloader
INFO 2025-10-08 17:06:15,082 basehttp 38776 3152 "GET / HTTP/1.1" 302 0
INFO 2025-10-08 17:06:18,537 basehttp 38776 3152 "GET /dashboard/ HTTP/1.1" 200 43758
INFO 2025-10-08 17:06:18,663 basehttp 38776 25888 - Broken pipe from ('127.0.0.1', 13499)
INFO 2025-10-08 17:06:29,588 basehttp 38776 3152 "GET /dashboard/analytics/ HTTP/1.1" 200 113025
INFO 2025-10-08 17:06:30,114 views 38776 3152 Retrieved persisted AI analysis: 742d3891-98a7-457f-a62b-884e7b8f29eb
INFO 2025-10-08 17:06:30,642 basehttp 38776 3152 "GET /api/v1/get-ai-analysis/ HTTP/1.1" 200 4597
INFO 2025-10-08 17:06:45,434 views 38776 3152 [STAGE 2] Generating analytics for 45 reviews
INFO 2025-10-08 17:06:45,440 orchestrator 38776 3152 [STAGE 1] Classifier Agent initialized
INFO 2025-10-08 17:06:45,443 orchestrator 38776 3152 [STAGE 1] Scorer Agent initialized
INFO 2025-10-08 17:06:45,443 orchestrator 38776 3152 [STAGE 1 COMPLETE] Core processing agents ready
INFO 2025-10-08 17:06:45,443 orchestrator 38776 3152 [STAGE 2] Analytics agents will be initialized on-demand
INFO 2025-10-08 17:06:45,443 orchestrator 38776 3152 [STAGE 2] Generating tags analysis for 45 reviews
INFO 2025-10-08 17:06:45,444 agent 38776 3152 Gemini model initialized successfully for summarization
INFO 2025-10-08 17:06:45,446 orchestrator 38776 3152 [STAGE 2] Summarizer Agent initialized
INFO 2025-10-08 17:06:45,447 agent 38776 3152 Gemini model initialized successfully for tags generation
INFO 2025-10-08 17:06:45,447 agent 38776 3152 [OK] Tags Generator Agent initialized
INFO 2025-10-08 17:06:45,447 orchestrator 38776 3152 [STAGE 2] Tags Generator Agent initialized
INFO 2025-10-08 17:06:45,447 agent 38776 3152 Gemini model initialized successfully for recommendations generation
INFO 2025-10-08 17:06:45,448 agent 38776 3152 [OK] Recommendations Agent initialized
INFO 2025-10-08 17:06:45,448 orchestrator 38776 3152 [STAGE 2] Recommendations Agent initialized
INFO 2025-10-08 17:06:45,448 orchestrator 38776 3152 [STAGE 2] All analytics agents ready
INFO 2025-10-08 17:06:49,946 agent 38776 3152 AI tags generation completed successfully
INFO 2025-10-08 17:06:49,947 agent 38776 3152 Tags generation completed for 45 reviews
INFO 2025-10-08 17:06:49,947 orchestrator 38776 3152 [STAGE 2] Tags analysis completed successfully
INFO 2025-10-08 17:06:49,948 orchestrator 38776 3152 [STAGE 2] Generating business recommendations for 45 reviews
INFO 2025-10-08 17:06:49,948 orchestrator 38776 3152 [STAGE 2] All analytics agents ready
INFO 2025-10-08 17:06:49,948 agent 38776 3152 Generating AI recommendations for 45 reviews
INFO 2025-10-08 17:06:51,586 agent 38776 3152 AI recommendations generated successfully
INFO 2025-10-08 17:06:51,586 orchestrator 38776 3152 [STAGE 2] Business recommendations generated successfully
INFO 2025-10-08 17:06:51,587 orchestrator 38776 3152 [STAGE 2] Generating executive summary for 45 reviews
INFO 2025-10-08 17:06:51,587 orchestrator 38776 3152 [STAGE 2] All analytics agents ready
INFO 2025-10-08 17:06:51,587 agent 38776 3152 Starting AI-powered summarization for 45 reviews
INFO 2025-10-08 17:06:51,589 agent 38776 3152 Gemini model initialized successfully for summarization
INFO 2025-10-08 17:06:55,776 agent 38776 3152 AI summarization completed successfully for 45 reviews
INFO 2025-10-08 17:06:55,777 orchestrator 38776 3152 [STAGE 2] Executive summary generated successfully
INFO 2025-10-08 17:06:56,075 views 38776 3152 AI analysis saved to database with ID: 7183244b-cb98-4e6b-9415-c25f8d20bf21
INFO 2025-10-08 17:06:56,076 views 38776 3152 Complete AI analysis generated successfully
INFO 2025-10-08 17:06:56,437 basehttp 38776 3152 "POST /api/v1/ai-analysis/ HTTP/1.1" 200 4799
INFO 2025-10-08 17:07:10,278 basehttp 38776 3152 "GET /dashboard/ HTTP/1.1" 200 43758
INFO 2025-10-08 17:07:47,375 basehttp 38776 3152 "GET /dashboard/reviews/ HTTP/1.1" 200 170254
INFO 2025-10-08 17:07:58,357 basehttp 38776 3152 "GET /dashboard/reviews/acfee74f-862f-40e2-8a7a-672d5f5d0f8c/ HTTP/1.1" 200 21396
INFO 2025-10-08 17:11:09,118 basehttp 38776 3152 "GET /dashboard/reviews/acfee74f-862f-40e2-8a7a-672d5f5d0f8c/ HTTP/1.1" 200 21479
INFO 2025-10-08 17:11:21,396 basehttp 38776 3152 "GET /dashboard/reviews/acfee74f-862f-40e2-8a7a-672d5f5d0f8c/ HTTP/1.1" 200 21479
INFO 2025-10-08 17:11:36,853 basehttp 38776 3152 "GET /dashboard/reviews/acfee74f-862f-40e2-8a7a-672d5f5d0f8c/ HTTP/1.1" 200 21486
INFO 2025-10-08 17:11:45,154 basehttp 38776 3152 "GET /dashboard/reviews/ HTTP/1.1" 200 170254
INFO 2025-10-08 17:11:49,986 basehttp 38776 3152 "GET /dashboard/reviews/b2d9ee84-c952-49df-9a7e-4d68551d9307/ HTTP/1.1" 200 21492
INFO 2025-10-08 17:11:59,452 basehttp 38776 3152 "GET /dashboard/ HTTP/1.1" 200 43759
INFO 2025-10-08 17:45:22,611 autoreload 15844 28372 Watching for file changes with StatReloader
INFO 2025-10-08 17:45:27,507 basehttp 15844 20936 "GET / HTTP/1.1" 302 0
INFO 2025-10-08 17:45:31,261 basehttp 15844 20936 "GET /dashboard/ HTTP/1.1" 200 43759
INFO 2025-10-08 17:45:41,561 basehttp 15844 20936 "GET /dashboard/reports/generate/ HTTP/1.1" 200 29820
INFO 2025-10-08 17:45:54,728 basehttp 15844 20936 "GET /auth/users/ HTTP/1.1" 200 22277
INFO 2025-10-08 17:46:05,783 basehttp 15844 20936 "GET /auth/register/ HTTP/1.1" 200 31609
INFO 2025-10-08 17:47:45,701 basehttp 15844 20936 "GET /dashboard/ HTTP/1.1" 200 43759
INFO 2025-10-08 17:47:55,145 basehttp 15844 20936 "GET /dashboard/reviews/ HTTP/1.1" 200 170254
WARNING 2025-10-08 17:49:54,722 log 15844 20936 Not Found: /dashboard/admin
WARNING 2025-10-08 17:49:54,723 basehttp 15844 20936 "GET /dashboard/admin HTTP/1.1" 404 6223
INFO 2025-10-08 17:50:00,982 basehttp 15844 20936 "GET /admin/ HTTP/1.1" 200 10354
ERROR 2025-10-08 17:50:23,313 log 15844 20936 Internal Server Error: /admin/reviews/hotel/
Traceback (most recent call last):
  File "E:\ish\multiagent-review-sentiment-ai\.venv\Lib\site-packages\django\db\models\options.py", line 683, in get_field
    return self.fields_map[field_name]
           ~~~~~~~~~~~~~~~^^^^^^^^^^^^
KeyError: 'positive_percentage'

During handling of the above exception, another exception occurred:

Traceback (most recent call last):
  File "E:\ish\multiagent-review-sentiment-ai\.venv\Lib\site-packages\django\contrib\admin\utils.py", line 290, in lookup_field
    f = _get_non_gfk_field(opts, name)
  File "E:\ish\multiagent-review-sentiment-ai\.venv\Lib\site-packages\django\contrib\admin\utils.py", line 330, in _get_non_gfk_field
    field = opts.get_field(name)
  File "E:\ish\multiagent-review-sentiment-ai\.venv\Lib\site-packages\django\db\models\options.py", line 685, in get_field
    raise FieldDoesNotExist(
        "%s has no field named '%s'" % (self.object_name, field_name)
    )
django.core.exceptions.FieldDoesNotExist: Hotel has no field named 'positive_percentage'

During handling of the above exception, another exception occurred:

Traceback (most recent call last):
  File "E:\ish\multiagent-review-sentiment-ai\.venv\Lib\site-packages\django\core\handlers\exception.py", line 55, in inner
    response = get_response(request)
  File "E:\ish\multiagent-review-sentiment-ai\.venv\Lib\site-packages\django\core\handlers\base.py", line 220, in _get_response
    response = response.render()
  File "E:\ish\multiagent-review-sentiment-ai\.venv\Lib\site-packages\django\template\response.py", line 114, in render
    self.content = self.rendered_content
                   ^^^^^^^^^^^^^^^^^^^^^
  File "E:\ish\multiagent-review-sentiment-ai\.venv\Lib\site-packages\django\template\response.py", line 92, in rendered_content
    return template.render(context, self._request)
           ~~~~~~~~~~~~~~~^^^^^^^^^^^^^^^^^^^^^^^^
  File "E:\ish\multiagent-review-sentiment-ai\.venv\Lib\site-packages\django\template\backends\django.py", line 107, in render
    return self.template.render(context)
           ~~~~~~~~~~~~~~~~~~~~^^^^^^^^^
  File "E:\ish\multiagent-review-sentiment-ai\.venv\Lib\site-packages\django\template\base.py", line 171, in render
    return self._render(context)
           ~~~~~~~~~~~~^^^^^^^^^
  File "E:\ish\multiagent-review-sentiment-ai\.venv\Lib\site-packages\django\template\base.py", line 163, in _render
    return self.nodelist.render(context)
           ~~~~~~~~~~~~~~~~~~~~^^^^^^^^^
  File "E:\ish\multiagent-review-sentiment-ai\.venv\Lib\site-packages\django\template\base.py", line 1016, in render
    return SafeString("".join([node.render_annotated(context) for node in self]))
                               ~~~~~~~~~~~~~~~~~~~~~^^^^^^^^^
  File "E:\ish\multiagent-review-sentiment-ai\.venv\Lib\site-packages\django\template\base.py", line 977, in render_annotated
    return self.render(context)
           ~~~~~~~~~~~^^^^^^^^^
  File "E:\ish\multiagent-review-sentiment-ai\.venv\Lib\site-packages\django\template\loader_tags.py", line 159, in render
    return compiled_parent._render(context)
           ~~~~~~~~~~~~~~~~~~~~~~~^^^^^^^^^
  File "E:\ish\multiagent-review-sentiment-ai\.venv\Lib\site-packages\django\template\base.py", line 163, in _render
    return self.nodelist.render(context)
           ~~~~~~~~~~~~~~~~~~~~^^^^^^^^^
  File "E:\ish\multiagent-review-sentiment-ai\.venv\Lib\site-packages\django\template\base.py", line 1016, in render
    return SafeString("".join([node.render_annotated(context) for node in self]))
                               ~~~~~~~~~~~~~~~~~~~~~^^^^^^^^^
  File "E:\ish\multiagent-review-sentiment-ai\.venv\Lib\site-packages\django\template\base.py", line 977, in render_annotated
    return self.render(context)
           ~~~~~~~~~~~^^^^^^^^^
  File "E:\ish\multiagent-review-sentiment-ai\.venv\Lib\site-packages\django\template\loader_tags.py", line 159, in render
    return compiled_parent._render(context)
           ~~~~~~~~~~~~~~~~~~~~~~~^^^^^^^^^
  File "E:\ish\multiagent-review-sentiment-ai\.venv\Lib\site-packages\django\template\base.py", line 163, in _render
    return self.nodelist.render(context)
           ~~~~~~~~~~~~~~~~~~~~^^^^^^^^^
  File "E:\ish\multiagent-review-sentiment-ai\.venv\Lib\site-packages\django\template\base.py", line 1016, in render
    return SafeString("".join([node.render_annotated(context) for node in self]))
                               ~~~~~~~~~~~~~~~~~~~~~^^^^^^^^^
  File "E:\ish\multiagent-review-sentiment-ai\.venv\Lib\site-packages\django\template\base.py", line 977, in render_annotated
    return self.render(context)
           ~~~~~~~~~~~^^^^^^^^^
  File "E:\ish\multiagent-review-sentiment-ai\.venv\Lib\site-packages\django\template\loader_tags.py", line 65, in render
    result = block.nodelist.render(context)
  File "E:\ish\multiagent-review-sentiment-ai\.venv\Lib\site-packages\django\template\base.py", line 1016, in render
    return SafeString("".join([node.render_annotated(context) for node in self]))
                               ~~~~~~~~~~~~~~~~~~~~~^^^^^^^^^
  File "E:\ish\multiagent-review-sentiment-ai\.venv\Lib\site-packages\django\template\base.py", line 977, in render_annotated
    return self.render(context)
           ~~~~~~~~~~~^^^^^^^^^
  File "E:\ish\multiagent-review-sentiment-ai\.venv\Lib\site-packages\django\template\loader_tags.py", line 65, in render
    result = block.nodelist.render(context)
  File "E:\ish\multiagent-review-sentiment-ai\.venv\Lib\site-packages\django\template\base.py", line 1016, in render
    return SafeString("".join([node.render_annotated(context) for node in self]))
                               ~~~~~~~~~~~~~~~~~~~~~^^^^^^^^^
  File "E:\ish\multiagent-review-sentiment-ai\.venv\Lib\site-packages\django\template\base.py", line 977, in render_annotated
    return self.render(context)
           ~~~~~~~~~~~^^^^^^^^^
  File "E:\ish\multiagent-review-sentiment-ai\.venv\Lib\site-packages\django\contrib\admin\templatetags\base.py", line 45, in render
    return super().render(context)
           ~~~~~~~~~~~~~~^^^^^^^^^
  File "E:\ish\multiagent-review-sentiment-ai\.venv\Lib\site-packages\django\template\library.py", line 359, in render
    _dict = self.func(*resolved_args, **resolved_kwargs)
  File "E:\ish\multiagent-review-sentiment-ai\.venv\Lib\site-packages\django\contrib\admin\templatetags\admin_list.py", line 354, in result_list
    "results": list(results(cl)),
               ~~~~^^^^^^^^^^^^^
  File "E:\ish\multiagent-review-sentiment-ai\.venv\Lib\site-packages\django\contrib\admin\templatetags\admin_list.py", line 330, in results
    yield ResultList(None, items_for_result(cl, res, None))
          ~~~~~~~~~~^^^^^^^^^^^^^^^^^^^^^^^^^^^^^^^^^^^^^^^
  File "E:\ish\multiagent-review-sentiment-ai\.venv\Lib\site-packages\django\contrib\admin\templatetags\admin_list.py", line 321, in __init__
    super().__init__(*items)
    ~~~~~~~~~~~~~~~~^^^^^^^^
  File "E:\ish\multiagent-review-sentiment-ai\.venv\Lib\site-packages\django\contrib\admin\templatetags\admin_list.py", line 219, in items_for_result
    f, attr, value = lookup_field(field_name, result, cl.model_admin)
                     ~~~~~~~~~~~~^^^^^^^^^^^^^^^^^^^^^^^^^^^^^^^^^^^^
  File "E:\ish\multiagent-review-sentiment-ai\.venv\Lib\site-packages\django\contrib\admin\utils.py", line 299, in lookup_field
    value = attr(obj)
  File "E:\ish\multiagent-review-sentiment-ai\apps\reviews\admin.py", line 57, in positive_percentage
    return format_html(
        '<span style="color: {};">{:.1f}%</span>',
        color, percentage
    )
  File "E:\ish\multiagent-review-sentiment-ai\.venv\Lib\site-packages\django\utils\html.py", line 145, in format_html
    return mark_safe(format_string.format(*args_safe, **kwargs_safe))
                     ~~~~~~~~~~~~~~~~~~~~^^^^^^^^^^^^^^^^^^^^^^^^^^^
ValueError: Unknown format code 'f' for object of type 'SafeString'
ERROR 2025-10-08 17:50:23,325 basehttp 15844 20936 "GET /admin/reviews/hotel/ HTTP/1.1" 500 388662
INFO 2025-10-08 17:50:27,745 basehttp 15844 20936 "GET /admin/ HTTP/1.1" 200 10354
INFO 2025-10-08 17:51:33,042 autoreload 35056 32020 Watching for file changes with StatReloader
INFO 2025-10-08 17:51:38,518 basehttp 35056 32932 "GET / HTTP/1.1" 302 0
INFO 2025-10-08 17:51:42,819 basehttp 35056 32932 "GET /dashboard/ HTTP/1.1" 200 43774
INFO 2025-10-08 17:54:06,517 basehttp 35056 32932 "GET /dashboard/upload/ HTTP/1.1" 200 61867
INFO 2025-10-08 17:54:21,779 basehttp 35056 32932 "POST /dashboard/upload/ HTTP/1.1" 200 145
INFO 2025-10-08 17:54:27,216 basehttp 35056 32932 "GET /dashboard/ HTTP/1.1" 200 43791
INFO 2025-10-08 17:54:52,818 basehttp 35056 32932 "GET /dashboard/reviews/ HTTP/1.1" 200 168338
INFO 2025-10-08 17:55:14,757 basehttp 35056 32932 "GET /dashboard/ HTTP/1.1" 200 43802
INFO 2025-10-08 17:55:28,511 orchestrator 35056 32932 [STAGE 1] Classifier Agent initialized
INFO 2025-10-08 17:55:28,515 orchestrator 35056 32932 [STAGE 1] Scorer Agent initialized
INFO 2025-10-08 17:55:28,515 orchestrator 35056 32932 [STAGE 1 COMPLETE] Core processing agents ready
INFO 2025-10-08 17:55:28,515 orchestrator 35056 32932 [STAGE 2] Analytics agents will be initialized on-demand
INFO 2025-10-08 17:55:28,646 views 35056 32932 [STAGE 1] Using ReviewProcessingOrchestrator for core processing of 5 reviews
INFO 2025-10-08 17:55:28,980 orchestrator 35056 32932 [STAGE 1] Processing review dd901a45-ca33-4270-b324-8645ad36326d
INFO 2025-10-08 17:55:34,623 orchestrator 35056 32932 [COMPLETED] Single review workflow completed in 5.64s
INFO 2025-10-08 17:55:34,902 orchestrator 35056 32932 [STAGE 1] Processing review 67302113-23e4-4e5b-b651-35fabf5dfc43
INFO 2025-10-08 17:55:37,005 orchestrator 35056 32932 [COMPLETED] Single review workflow completed in 2.10s
INFO 2025-10-08 17:55:37,130 orchestrator 35056 32932 [STAGE 1] Processing review c87401df-d8c4-4093-9469-4282893aca03
INFO 2025-10-08 17:55:39,232 orchestrator 35056 32932 [COMPLETED] Single review workflow completed in 2.10s
INFO 2025-10-08 17:55:39,359 orchestrator 35056 32932 [STAGE 1] Processing review ce5d53d8-4c5d-4721-80ce-b2e2d0ee20c1
INFO 2025-10-08 17:55:41,811 orchestrator 35056 32932 [COMPLETED] Single review workflow completed in 2.45s
INFO 2025-10-08 17:55:41,947 orchestrator 35056 32932 [STAGE 1] Processing review 1f7ab37d-c532-423d-924c-971e00270d26
INFO 2025-10-08 17:55:43,837 orchestrator 35056 32932 [COMPLETED] Single review workflow completed in 1.89s
INFO 2025-10-08 17:55:44,684 basehttp 35056 32932 "POST /api/v1/process/ HTTP/1.1" 200 388
INFO 2025-10-08 17:55:50,616 basehttp 35056 32932 "GET /dashboard/ HTTP/1.1" 200 43769
INFO 2025-10-08 17:56:00,518 basehttp 35056 32932 "GET /dashboard/reviews/ HTTP/1.1" 200 170243
INFO 2025-10-08 17:56:33,878 basehttp 35056 32932 "GET /dashboard/analytics/ HTTP/1.1" 200 113025
INFO 2025-10-08 17:56:34,268 views 35056 32932 Retrieved persisted AI analysis: 7183244b-cb98-4e6b-9415-c25f8d20bf21
INFO 2025-10-08 17:56:34,602 basehttp 35056 32932 "GET /api/v1/get-ai-analysis/ HTTP/1.1" 200 5629
INFO 2025-10-08 17:56:49,755 views 35056 32932 [STAGE 2] Generating analytics for 50 reviews
INFO 2025-10-08 17:56:49,758 orchestrator 35056 32932 [STAGE 1] Classifier Agent initialized
INFO 2025-10-08 17:56:49,761 orchestrator 35056 32932 [STAGE 1] Scorer Agent initialized
INFO 2025-10-08 17:56:49,761 orchestrator 35056 32932 [STAGE 1 COMPLETE] Core processing agents ready
INFO 2025-10-08 17:56:49,761 orchestrator 35056 32932 [STAGE 2] Analytics agents will be initialized on-demand
INFO 2025-10-08 17:56:49,762 orchestrator 35056 32932 [STAGE 2] Generating tags analysis for 50 reviews
INFO 2025-10-08 17:56:49,762 agent 35056 32932 Gemini model initialized successfully for summarization
INFO 2025-10-08 17:56:49,765 orchestrator 35056 32932 [STAGE 2] Summarizer Agent initialized
INFO 2025-10-08 17:56:49,765 agent 35056 32932 Gemini model initialized successfully for tags generation
INFO 2025-10-08 17:56:49,766 agent 35056 32932 [OK] Tags Generator Agent initialized
INFO 2025-10-08 17:56:49,766 orchestrator 35056 32932 [STAGE 2] Tags Generator Agent initialized
INFO 2025-10-08 17:56:49,766 agent 35056 32932 Gemini model initialized successfully for recommendations generation
INFO 2025-10-08 17:56:49,766 agent 35056 32932 [OK] Recommendations Agent initialized
INFO 2025-10-08 17:56:49,767 orchestrator 35056 32932 [STAGE 2] Recommendations Agent initialized
INFO 2025-10-08 17:56:49,767 orchestrator 35056 32932 [STAGE 2] All analytics agents ready
INFO 2025-10-08 17:56:55,020 agent 35056 32932 AI tags generation completed successfully
INFO 2025-10-08 17:56:55,020 agent 35056 32932 Tags generation completed for 50 reviews
INFO 2025-10-08 17:56:55,021 orchestrator 35056 32932 [STAGE 2] Tags analysis completed successfully
INFO 2025-10-08 17:56:55,021 orchestrator 35056 32932 [STAGE 2] Generating business recommendations for 50 reviews
INFO 2025-10-08 17:56:55,021 orchestrator 35056 32932 [STAGE 2] All analytics agents ready
INFO 2025-10-08 17:56:55,022 agent 35056 32932 Generating AI recommendations for 50 reviews
INFO 2025-10-08 17:56:57,250 agent 35056 32932 AI recommendations generated successfully
INFO 2025-10-08 17:56:57,251 orchestrator 35056 32932 [STAGE 2] Business recommendations generated successfully
INFO 2025-10-08 17:56:57,251 orchestrator 35056 32932 [STAGE 2] Generating executive summary for 50 reviews
INFO 2025-10-08 17:56:57,252 orchestrator 35056 32932 [STAGE 2] All analytics agents ready
INFO 2025-10-08 17:56:57,252 agent 35056 32932 Starting AI-powered summarization for 50 reviews
INFO 2025-10-08 17:56:57,253 agent 35056 32932 Gemini model initialized successfully for summarization
INFO 2025-10-08 17:56:59,772 agent 35056 32932 AI summarization completed successfully for 50 reviews
INFO 2025-10-08 17:56:59,772 orchestrator 35056 32932 [STAGE 2] Executive summary generated successfully
INFO 2025-10-08 17:57:00,018 views 35056 32932 AI analysis saved to database with ID: 12168fb7-5d5b-425f-bac3-653eafabbacd
INFO 2025-10-08 17:57:00,019 views 35056 32932 Complete AI analysis generated successfully
INFO 2025-10-08 17:57:00,366 basehttp 35056 32932 "POST /api/v1/ai-analysis/ HTTP/1.1" 200 4298
INFO 2025-10-08 17:59:06,233 basehttp 35056 32932 "GET /dashboard/reviews/ HTTP/1.1" 200 170243
INFO 2025-10-08 17:59:20,340 basehttp 35056 32932 "GET /dashboard/analytics/ HTTP/1.1" 200 113025
INFO 2025-10-08 17:59:20,755 views 35056 32932 Retrieved persisted AI analysis: 12168fb7-5d5b-425f-bac3-653eafabbacd
INFO 2025-10-08 17:59:21,140 basehttp 35056 32932 "GET /api/v1/get-ai-analysis/ HTTP/1.1" 200 5445
INFO 2025-10-08 17:59:37,673 basehttp 35056 32932 "GET /auth/profile/ HTTP/1.1" 200 33489
INFO 2025-10-08 17:59:56,971 basehttp 35056 32932 "GET /auth/users/ HTTP/1.1" 200 22277
INFO 2025-10-08 18:00:14,167 basehttp 35056 32932 "GET /auth/register/ HTTP/1.1" 200 31609
INFO 2025-10-08 18:00:40,152 basehttp 35056 32932 "GET /auth/users/ HTTP/1.1" 200 22277
INFO 2025-10-08 18:00:48,746 basehttp 35056 32932 "GET /auth/logout/ HTTP/1.1" 302 0
INFO 2025-10-08 18:00:48,779 basehttp 35056 32932 "GET /auth/login/ HTTP/1.1" 200 11905
INFO 2025-10-08 18:01:03,531 basehttp 35056 32932 "POST /auth/login/ HTTP/1.1" 200 11888
INFO 2025-10-08 18:01:19,875 basehttp 35056 32932 "POST /auth/login/ HTTP/1.1" 200 11888
INFO 2025-10-08 18:01:32,265 basehttp 35056 32932 "POST /auth/login/ HTTP/1.1" 302 0
INFO 2025-10-08 18:01:35,934 basehttp 35056 32932 "GET /dashboard/ HTTP/1.1" 200 44381
INFO 2025-10-08 18:01:40,342 basehttp 35056 32932 "GET /auth/users/ HTTP/1.1" 200 22277
INFO 2025-10-08 18:01:51,926 basehttp 35056 32932 "GET /dashboard/upload/ HTTP/1.1" 200 61871
INFO 2025-10-08 18:02:03,801 basehttp 35056 32932 "GET /dashboard/ HTTP/1.1" 200 43772
INFO 2025-10-08 18:02:11,001 basehttp 35056 32932 "GET /dashboard/analytics/ HTTP/1.1" 200 113025
INFO 2025-10-08 18:02:11,398 views 35056 32932 Retrieved persisted AI analysis: 12168fb7-5d5b-425f-bac3-653eafabbacd
INFO 2025-10-08 18:02:11,881 basehttp 35056 32932 "GET /api/v1/get-ai-analysis/ HTTP/1.1" 200 5445
INFO 2025-10-08 18:02:27,094 basehttp 35056 32932 "GET /dashboard/reviews/ HTTP/1.1" 200 170243
INFO 2025-10-08 18:02:33,229 basehttp 35056 32932 "GET /dashboard/ HTTP/1.1" 200 43773
INFO 2025-10-08 18:03:10,120 basehttp 35056 32932 "GET /dashboard/reviews/ HTTP/1.1" 200 170243
INFO 2025-10-08 18:03:15,321 basehttp 35056 32932 "GET /auth/profile/ HTTP/1.1" 200 33489
INFO 2025-10-08 18:04:01,207 basehttp 35056 32932 "GET /dashboard/reports/generate/ HTTP/1.1" 200 29820
INFO 2025-10-08 18:04:09,653 basehttp 35056 32932 "GET /dashboard/ HTTP/1.1" 200 43774
INFO 2025-10-08 18:05:17,400 basehttp 35056 32932 "GET /dashboard/reviews/ HTTP/1.1" 200 170243
INFO 2025-10-08 18:05:22,498 basehttp 35056 32932 "GET /dashboard/reviews/dd901a45-ca33-4270-b324-8645ad36326d/ HTTP/1.1" 200 21445
INFO 2025-10-08 18:05:38,459 basehttp 35056 32932 "GET /dashboard/ HTTP/1.1" 200 43775
INFO 2025-10-08 18:05:51,292 basehttp 35056 32932 "GET /dashboard/reviews/ HTTP/1.1" 200 170243
INFO 2025-10-08 18:06:59,074 basehttp 35056 32932 "GET /dashboard/analytics/ HTTP/1.1" 200 113025
INFO 2025-10-08 18:06:59,463 views 35056 32932 Retrieved persisted AI analysis: 12168fb7-5d5b-425f-bac3-653eafabbacd
INFO 2025-10-08 18:06:59,814 basehttp 35056 32932 "GET /api/v1/get-ai-analysis/ HTTP/1.1" 200 5445
INFO 2025-10-08 19:46:00,632 autoreload 9948 37484 Watching for file changes with StatReloader
INFO 2025-10-08 19:46:05,942 basehttp 9948 6664 "GET / HTTP/1.1" 302 0
INFO 2025-10-08 19:46:09,632 basehttp 9948 6664 "GET /dashboard/ HTTP/1.1" 200 43788
INFO 2025-10-08 19:46:09,680 basehttp 9948 6664 "GET /static/css/dashboard.css?v=20250922 HTTP/1.1" 304 0
INFO 2025-10-08 19:46:21,097 basehttp 9948 5904 "GET / HTTP/1.1" 302 0
INFO 2025-10-08 19:46:25,405 basehttp 9948 5904 "GET /dashboard/ HTTP/1.1" 200 43788
INFO 2025-10-08 19:46:32,854 basehttp 9948 5904 "GET /dashboard/reviews/ HTTP/1.1" 200 170243
INFO 2025-10-08 20:27:54,642 autoreload 28408 42276 Watching for file changes with StatReloader
INFO 2025-10-08 20:28:02,552 basehttp 28408 33184 "GET / HTTP/1.1" 302 0
INFO 2025-10-08 20:28:07,178 basehttp 28408 33184 "GET /dashboard/ HTTP/1.1" 200 43789
INFO 2025-10-08 20:43:04,777 autoreload 17800 17744 Watching for file changes with StatReloader
INFO 2025-10-08 20:43:11,678 basehttp 17800 20216 "GET / HTTP/1.1" 302 0
INFO 2025-10-08 20:43:11,690 basehttp 17800 20216 "GET /auth/login/?next=/ HTTP/1.1" 200 11566
WARNING 2025-10-08 20:43:12,100 log 17800 20216 Not Found: /favicon.ico
WARNING 2025-10-08 20:43:12,100 basehttp 17800 20216 "GET /favicon.ico HTTP/1.1" 404 3317
INFO 2025-10-08 20:43:30,677 basehttp 17800 20216 "POST /auth/login/?next=/ HTTP/1.1" 302 0
INFO 2025-10-08 20:43:32,268 basehttp 17800 20216 "GET / HTTP/1.1" 302 0
INFO 2025-10-08 20:43:39,367 basehttp 17800 20216 "GET /dashboard/ HTTP/1.1" 200 44398
INFO 2025-10-08 20:43:39,392 basehttp 17800 20216 "GET /static/css/dashboard.css?v=20250922 HTTP/1.1" 304 0
INFO 2025-10-08 20:43:51,128 basehttp 17800 20216 "GET /dashboard/ HTTP/1.1" 200 43789
INFO 2025-10-08 20:43:58,868 basehttp 17800 24708 "GET /dashboard/ HTTP/1.1" 302 0
INFO 2025-10-08 20:43:58,870 basehttp 17800 24708 "GET /auth/login/?next=/dashboard/ HTTP/1.1" 200 11566
INFO 2025-10-08 20:44:08,887 basehttp 17800 24708 "POST /auth/login/?next=/dashboard/ HTTP/1.1" 302 0
INFO 2025-10-08 20:44:12,772 basehttp 17800 24708 "GET /dashboard/ HTTP/1.1" 200 44398
INFO 2025-10-08 20:44:12,907 basehttp 17800 24708 "GET /static/css/dashboard.css?v=20250922 HTTP/1.1" 200 43036
INFO 2025-10-08 20:44:12,928 basehttp 17800 12948 "GET /static/js/enhanced-dashboard.js?v=2.1 HTTP/1.1" 200 12660
INFO 2025-10-08 20:44:24,103 basehttp 17800 12948 "GET /dashboard/reviews/ HTTP/1.1" 200 170243
INFO 2025-10-08 20:44:35,154 basehttp 17800 25344 "GET /dashboard/ HTTP/1.1" 302 0
INFO 2025-10-08 20:44:35,158 basehttp 17800 25344 "GET /auth/login/?next=/dashboard/ HTTP/1.1" 200 11566
WARNING 2025-10-08 20:44:35,947 log 17800 25344 Not Found: /favicon.ico
WARNING 2025-10-08 20:44:35,948 basehttp 17800 25344 "GET /favicon.ico HTTP/1.1" 404 3317
INFO 2025-10-08 20:44:45,767 basehttp 17800 25344 "POST /auth/login/?next=/dashboard/ HTTP/1.1" 302 0
INFO 2025-10-08 20:44:49,587 basehttp 17800 25344 "GET /dashboard/ HTTP/1.1" 200 44398
INFO 2025-10-08 20:44:49,604 basehttp 17800 25344 "GET /static/css/dashboard.css?v=20250922 HTTP/1.1" 200 43036
INFO 2025-10-08 20:44:49,604 basehttp 17800 10972 "GET /static/js/enhanced-dashboard.js?v=2.1 HTTP/1.1" 200 12660
INFO 2025-10-08 20:47:11,301 basehttp 17800 25344 "GET /dashboard/ HTTP/1.1" 200 43789
INFO 2025-10-08 20:47:38,363 basehttp 17800 23192 "GET /dashboard/ HTTP/1.1" 302 0
INFO 2025-10-08 20:47:38,366 basehttp 17800 23192 "GET /auth/login/?next=/dashboard/ HTTP/1.1" 200 11566
WARNING 2025-10-08 20:47:38,432 log 17800 23192 Not Found: /favicon.ico
WARNING 2025-10-08 20:47:38,433 basehttp 17800 23192 "GET /favicon.ico HTTP/1.1" 404 3317
INFO 2025-10-08 20:47:46,526 basehttp 17800 23192 "POST /auth/login/?next=/dashboard/ HTTP/1.1" 302 0
INFO 2025-10-08 20:47:50,766 basehttp 17800 23192 "GET /dashboard/ HTTP/1.1" 200 44398
INFO 2025-10-08 20:48:05,045 basehttp 17800 25344 "GET /dashboard/ HTTP/1.1" 200 43789
INFO 2025-10-08 20:48:36,028 basehttp 17800 25344 "GET /dashboard/ HTTP/1.1" 200 43789
INFO 2025-10-08 20:49:01,266 basehttp 17800 25344 "GET /dashboard/ HTTP/1.1" 200 43789
INFO 2025-10-08 20:49:46,100 basehttp 17800 25344 "GET /dashboard/reviews/ HTTP/1.1" 200 170243
INFO 2025-10-08 20:50:17,078 basehttp 17800 25344 "GET /dashboard/reports/generate/ HTTP/1.1" 200 29820
INFO 2025-10-08 20:50:22,306 basehttp 17800 25344 "GET /dashboard/upload/ HTTP/1.1" 200 61873
INFO 2025-10-08 20:50:45,149 basehttp 17800 25344 "GET /dashboard/upload/ HTTP/1.1" 200 61873
INFO 2025-10-08 20:51:16,609 basehttp 17800 25344 "GET /dashboard/upload/ HTTP/1.1" 200 61885
INFO 2025-10-08 20:51:16,620 basehttp 17800 25344 "GET /static/css/dashboard.css?v=20251008 HTTP/1.1" 200 43572
INFO 2025-10-08 20:51:26,826 basehttp 17800 25344 "GET /dashboard/ HTTP/1.1" 200 43786
INFO 2025-10-08 20:51:26,838 basehttp 17800 25344 "GET /static/css/dashboard.css?v=20251008 HTTP/1.1" 304 0
INFO 2025-10-08 20:51:47,764 basehttp 17800 25344 "GET /dashboard/ HTTP/1.1" 200 43786
INFO 2025-10-08 20:51:47,773 basehttp 17800 25344 "GET /static/css/dashboard.css?v=20251008 HTTP/1.1" 200 43598
INFO 2025-10-08 20:52:04,945 basehttp 17800 25344 "GET /dashboard/reviews/ HTTP/1.1" 200 170243
INFO 2025-10-08 20:52:04,955 basehttp 17800 25344 "GET /static/css/dashboard.css?v=20251008 HTTP/1.1" 304 0
INFO 2025-10-08 20:52:31,023 basehttp 17800 25344 "GET /dashboard/reviews/ HTTP/1.1" 200 170243
INFO 2025-10-08 20:52:55,806 basehttp 17800 25344 "GET /dashboard/reviews/ HTTP/1.1" 200 170243
INFO 2025-10-08 20:52:55,817 basehttp 17800 25344 "GET /static/css/dashboard.css?v=20251008 HTTP/1.1" 200 43036
INFO 2025-10-08 20:53:13,665 basehttp 17800 25344 "GET /dashboard/reviews/ HTTP/1.1" 200 170232
INFO 2025-10-08 20:53:13,678 basehttp 17800 25344 "GET /static/css/dashboard.css HTTP/1.1" 200 43036
INFO 2025-10-08 20:53:19,875 basehttp 17800 25380 "GET /dashboard/reviews/ HTTP/1.1" 302 0
INFO 2025-10-08 20:53:19,878 basehttp 17800 25380 "GET /auth/login/?next=/dashboard/reviews/ HTTP/1.1" 200 11566
INFO 2025-10-08 20:53:27,482 basehttp 17800 25380 "POST /auth/login/?next=/dashboard/reviews/ HTTP/1.1" 200 11888
INFO 2025-10-08 20:53:35,728 basehttp 17800 25380 "POST /auth/login/?next=/dashboard/reviews/ HTTP/1.1" 302 0
INFO 2025-10-08 20:53:41,773 basehttp 17800 25380 "GET /dashboard/reviews/ HTTP/1.1" 200 170841
INFO 2025-10-08 20:53:41,784 basehttp 17800 1896 "GET /static/css/dashboard.css HTTP/1.1" 200 43036
INFO 2025-10-08 20:53:41,790 basehttp 17800 1896 "GET /static/js/enhanced-dashboard.js?v=2.1 HTTP/1.1" 200 12660
INFO 2025-10-08 20:54:47,762 basehttp 17800 25344 "GET /dashboard/ HTTP/1.1" 200 43760
INFO 2025-10-08 20:54:47,775 basehttp 17800 25344 "GET /static/css/dashboard.css HTTP/1.1" 304 0
INFO 2025-10-08 20:56:12,049 basehttp 17800 25344 "GET /dashboard/ HTTP/1.1" 200 43783
INFO 2025-10-08 20:56:27,009 basehttp 17800 25344 "GET /dashboard/ HTTP/1.1" 200 43784
INFO 2025-10-08 20:58:58,948 basehttp 17800 17760 "GET /dashboard/ HTTP/1.1" 302 0
INFO 2025-10-08 20:58:58,970 basehttp 17800 17760 "GET /auth/login/?next=/dashboard/ HTTP/1.1" 200 11566
WARNING 2025-10-08 20:59:02,000 log 17800 17760 Not Found: /favicon.ico
WARNING 2025-10-08 20:59:02,001 basehttp 17800 17760 "GET /favicon.ico HTTP/1.1" 404 3317
INFO 2025-10-08 20:59:11,754 basehttp 17800 17760 "POST /auth/login/?next=/dashboard/ HTTP/1.1" 302 0
INFO 2025-10-08 20:59:16,329 basehttp 17800 17760 "GET /dashboard/ HTTP/1.1" 200 44394
INFO 2025-10-08 20:59:16,345 basehttp 17800 17760 "GET /static/css/dashboard.css?v=20250922 HTTP/1.1" 200 46743
INFO 2025-10-08 20:59:16,368 basehttp 17800 18308 "GET /static/js/enhanced-dashboard.js?v=2.1 HTTP/1.1" 200 12660
INFO 2025-10-08 20:59:43,457 basehttp 17800 25344 "GET /dashboard/ HTTP/1.1" 200 43785
INFO 2025-10-08 21:00:16,686 basehttp 17800 25344 "GET /dashboard/ HTTP/1.1" 200 43786
INFO 2025-10-08 21:00:26,428 basehttp 17800 18308 "GET /dashboard/ HTTP/1.1" 200 43786
INFO 2025-10-08 21:00:26,437 basehttp 17800 18308 "GET /static/css/dashboard.css?v=20250922 HTTP/1.1" 200 52895
INFO 2025-10-08 21:00:36,155 basehttp 17800 3856 "GET /dashboard/ HTTP/1.1" 302 0
INFO 2025-10-08 21:00:36,161 basehttp 17800 3856 "GET /auth/login/?next=/dashboard/ HTTP/1.1" 200 11566
INFO 2025-10-08 21:00:46,624 basehttp 17800 3856 "POST /auth/login/?next=/dashboard/ HTTP/1.1" 302 0
INFO 2025-10-08 21:00:51,835 basehttp 17800 3856 "GET /dashboard/ HTTP/1.1" 200 46235
INFO 2025-10-08 21:00:51,851 basehttp 17800 17224 "GET /static/js/enhanced-dashboard.js?v=2.1 HTTP/1.1" 200 12660
INFO 2025-10-08 21:00:51,852 basehttp 17800 3856 "GET /static/css/dashboard.css?v=20250922 HTTP/1.1" 200 54922
ERROR 2025-10-08 21:02:08,477 log 17800 7668 Internal Server Error: /dashboard/
Traceback (most recent call last):
  File "E:\ish\multiagent-review-sentiment-ai\.venv\Lib\site-packages\django\contrib\sessions\backends\base.py", line 244, in _get_session
    return self._session_cache
           ^^^^^^^^^^^^^^^^^^^
AttributeError: 'SessionStore' object has no attribute '_session_cache'

During handling of the above exception, another exception occurred:

Traceback (most recent call last):
  File "E:\ish\multiagent-review-sentiment-ai\.venv\Lib\site-packages\django\db\backends\base\base.py", line 279, in ensure_connection
    self.connect()
    ~~~~~~~~~~~~^^
  File "E:\ish\multiagent-review-sentiment-ai\.venv\Lib\site-packages\django\utils\asyncio.py", line 26, in inner
    return func(*args, **kwargs)
  File "E:\ish\multiagent-review-sentiment-ai\.venv\Lib\site-packages\django\db\backends\base\base.py", line 256, in connect
    self.connection = self.get_new_connection(conn_params)
                      ~~~~~~~~~~~~~~~~~~~~~~~^^^^^^^^^^^^^
  File "E:\ish\multiagent-review-sentiment-ai\.venv\Lib\site-packages\django\utils\asyncio.py", line 26, in inner
    return func(*args, **kwargs)
  File "E:\ish\multiagent-review-sentiment-ai\.venv\Lib\site-packages\django\db\backends\postgresql\base.py", line 332, in get_new_connection
    connection = self.Database.connect(**conn_params)
  File "E:\ish\multiagent-review-sentiment-ai\.venv\Lib\site-packages\psycopg2\__init__.py", line 135, in connect
    conn = _connect(dsn, connection_factory=connection_factory, **kwasync)
psycopg2.OperationalError: could not translate host name "aws-1-ap-southeast-1.pooler.supabase.com" to address: Name or service not known


The above exception was the direct cause of the following exception:

Traceback (most recent call last):
  File "E:\ish\multiagent-review-sentiment-ai\.venv\Lib\site-packages\django\core\handlers\exception.py", line 55, in inner
    response = get_response(request)
  File "E:\ish\multiagent-review-sentiment-ai\.venv\Lib\site-packages\django\core\handlers\base.py", line 197, in _get_response
    response = wrapped_callback(request, *callback_args, **callback_kwargs)
  File "E:\ish\multiagent-review-sentiment-ai\.venv\Lib\site-packages\django\contrib\auth\decorators.py", line 56, in _view_wrapper
    test_pass = test_func(request.user)
  File "E:\ish\multiagent-review-sentiment-ai\.venv\Lib\site-packages\django\contrib\auth\decorators.py", line 79, in <lambda>
    lambda u: u.is_authenticated,
              ^^^^^^^^^^^^^^^^^^
  File "E:\ish\multiagent-review-sentiment-ai\.venv\Lib\site-packages\django\utils\functional.py", line 251, in inner
    self._setup()
    ~~~~~~~~~~~^^
  File "E:\ish\multiagent-review-sentiment-ai\.venv\Lib\site-packages\django\utils\functional.py", line 404, in _setup
    self._wrapped = self._setupfunc()
                    ~~~~~~~~~~~~~~~^^
  File "E:\ish\multiagent-review-sentiment-ai\.venv\Lib\site-packages\django\contrib\auth\middleware.py", line 40, in <lambda>
    request.user = SimpleLazyObject(lambda: get_user(request))
                                            ~~~~~~~~^^^^^^^^^
  File "E:\ish\multiagent-review-sentiment-ai\.venv\Lib\site-packages\django\contrib\auth\middleware.py", line 20, in get_user
    request._cached_user = auth.get_user(request)
                           ~~~~~~~~~~~~~^^^^^^^^^
  File "E:\ish\multiagent-review-sentiment-ai\.venv\Lib\site-packages\django\contrib\auth\__init__.py", line 304, in get_user
    user_id = _get_user_session_key(request)
  File "E:\ish\multiagent-review-sentiment-ai\.venv\Lib\site-packages\django\contrib\auth\__init__.py", line 95, in _get_user_session_key
    return get_user_model()._meta.pk.to_python(request.session[SESSION_KEY])
                                               ~~~~~~~~~~~~~~~^^^^^^^^^^^^^
  File "E:\ish\multiagent-review-sentiment-ai\.venv\Lib\site-packages\django\contrib\sessions\backends\base.py", line 55, in __getitem__
    return self._session[key]
           ^^^^^^^^^^^^^
  File "E:\ish\multiagent-review-sentiment-ai\.venv\Lib\site-packages\django\contrib\sessions\backends\base.py", line 249, in _get_session
    self._session_cache = self.load()
                          ~~~~~~~~~^^
  File "E:\ish\multiagent-review-sentiment-ai\.venv\Lib\site-packages\django\contrib\sessions\backends\db.py", line 55, in load
    s = self._get_session_from_db()
  File "E:\ish\multiagent-review-sentiment-ai\.venv\Lib\site-packages\django\contrib\sessions\backends\db.py", line 34, in _get_session_from_db
    return self.model.objects.get(
           ~~~~~~~~~~~~~~~~~~~~~~^
        session_key=self.session_key, expire_date__gt=timezone.now()
        ^^^^^^^^^^^^^^^^^^^^^^^^^^^^^^^^^^^^^^^^^^^^^^^^^^^^^^^^^^^^
    )
    ^
  File "E:\ish\multiagent-review-sentiment-ai\.venv\Lib\site-packages\django\db\models\manager.py", line 87, in manager_method
    return getattr(self.get_queryset(), name)(*args, **kwargs)
           ~~~~~~~~~~~~~~~~~~~~~~~~~~~~~~~~~~^^^^^^^^^^^^^^^^^
  File "E:\ish\multiagent-review-sentiment-ai\.venv\Lib\site-packages\django\db\models\query.py", line 629, in get
    num = len(clone)
  File "E:\ish\multiagent-review-sentiment-ai\.venv\Lib\site-packages\django\db\models\query.py", line 366, in __len__
    self._fetch_all()
    ~~~~~~~~~~~~~~~^^
  File "E:\ish\multiagent-review-sentiment-ai\.venv\Lib\site-packages\django\db\models\query.py", line 1949, in _fetch_all
    self._result_cache = list(self._iterable_class(self))
                         ~~~~^^^^^^^^^^^^^^^^^^^^^^^^^^^^
  File "E:\ish\multiagent-review-sentiment-ai\.venv\Lib\site-packages\django\db\models\query.py", line 91, in __iter__
    results = compiler.execute_sql(
        chunked_fetch=self.chunked_fetch, chunk_size=self.chunk_size
    )
  File "E:\ish\multiagent-review-sentiment-ai\.venv\Lib\site-packages\django\db\models\sql\compiler.py", line 1621, in execute_sql
    cursor = self.connection.cursor()
  File "E:\ish\multiagent-review-sentiment-ai\.venv\Lib\site-packages\django\utils\asyncio.py", line 26, in inner
    return func(*args, **kwargs)
  File "E:\ish\multiagent-review-sentiment-ai\.venv\Lib\site-packages\django\db\backends\base\base.py", line 320, in cursor
    return self._cursor()
           ~~~~~~~~~~~~^^
  File "E:\ish\multiagent-review-sentiment-ai\.venv\Lib\site-packages\django\db\backends\base\base.py", line 296, in _cursor
    self.ensure_connection()
    ~~~~~~~~~~~~~~~~~~~~~~^^
  File "E:\ish\multiagent-review-sentiment-ai\.venv\Lib\site-packages\django\utils\asyncio.py", line 26, in inner
    return func(*args, **kwargs)
  File "E:\ish\multiagent-review-sentiment-ai\.venv\Lib\site-packages\django\db\backends\base\base.py", line 278, in ensure_connection
    with self.wrap_database_errors:
         ^^^^^^^^^^^^^^^^^^^^^^^^^
  File "E:\ish\multiagent-review-sentiment-ai\.venv\Lib\site-packages\django\db\utils.py", line 91, in __exit__
    raise dj_exc_value.with_traceback(traceback) from exc_value
  File "E:\ish\multiagent-review-sentiment-ai\.venv\Lib\site-packages\django\db\backends\base\base.py", line 279, in ensure_connection
    self.connect()
    ~~~~~~~~~~~~^^
  File "E:\ish\multiagent-review-sentiment-ai\.venv\Lib\site-packages\django\utils\asyncio.py", line 26, in inner
    return func(*args, **kwargs)
  File "E:\ish\multiagent-review-sentiment-ai\.venv\Lib\site-packages\django\db\backends\base\base.py", line 256, in connect
    self.connection = self.get_new_connection(conn_params)
                      ~~~~~~~~~~~~~~~~~~~~~~~^^^^^^^^^^^^^
  File "E:\ish\multiagent-review-sentiment-ai\.venv\Lib\site-packages\django\utils\asyncio.py", line 26, in inner
    return func(*args, **kwargs)
  File "E:\ish\multiagent-review-sentiment-ai\.venv\Lib\site-packages\django\db\backends\postgresql\base.py", line 332, in get_new_connection
    connection = self.Database.connect(**conn_params)
  File "E:\ish\multiagent-review-sentiment-ai\.venv\Lib\site-packages\psycopg2\__init__.py", line 135, in connect
    conn = _connect(dsn, connection_factory=connection_factory, **kwasync)
django.db.utils.OperationalError: could not translate host name "aws-1-ap-southeast-1.pooler.supabase.com" to address: Name or service not known

ERROR 2025-10-08 21:02:08,580 log 17800 7668 Internal Server Error: /dashboard/
Traceback (most recent call last):
  File "E:\ish\multiagent-review-sentiment-ai\.venv\Lib\site-packages\django\contrib\sessions\backends\base.py", line 244, in _get_session
    return self._session_cache
           ^^^^^^^^^^^^^^^^^^^
AttributeError: 'SessionStore' object has no attribute '_session_cache'

During handling of the above exception, another exception occurred:

Traceback (most recent call last):
  File "E:\ish\multiagent-review-sentiment-ai\.venv\Lib\site-packages\django\db\backends\base\base.py", line 279, in ensure_connection
    self.connect()
    ~~~~~~~~~~~~^^
  File "E:\ish\multiagent-review-sentiment-ai\.venv\Lib\site-packages\django\utils\asyncio.py", line 26, in inner
    return func(*args, **kwargs)
  File "E:\ish\multiagent-review-sentiment-ai\.venv\Lib\site-packages\django\db\backends\base\base.py", line 256, in connect
    self.connection = self.get_new_connection(conn_params)
                      ~~~~~~~~~~~~~~~~~~~~~~~^^^^^^^^^^^^^
  File "E:\ish\multiagent-review-sentiment-ai\.venv\Lib\site-packages\django\utils\asyncio.py", line 26, in inner
    return func(*args, **kwargs)
  File "E:\ish\multiagent-review-sentiment-ai\.venv\Lib\site-packages\django\db\backends\postgresql\base.py", line 332, in get_new_connection
    connection = self.Database.connect(**conn_params)
  File "E:\ish\multiagent-review-sentiment-ai\.venv\Lib\site-packages\psycopg2\__init__.py", line 135, in connect
    conn = _connect(dsn, connection_factory=connection_factory, **kwasync)
psycopg2.OperationalError: could not translate host name "aws-1-ap-southeast-1.pooler.supabase.com" to address: Name or service not known


The above exception was the direct cause of the following exception:

Traceback (most recent call last):
  File "E:\ish\multiagent-review-sentiment-ai\.venv\Lib\site-packages\django\core\handlers\exception.py", line 55, in inner
    response = get_response(request)
  File "E:\ish\multiagent-review-sentiment-ai\.venv\Lib\site-packages\django\utils\deprecation.py", line 122, in __call__
    response = self.process_response(request, response)
  File "E:\ish\multiagent-review-sentiment-ai\.venv\Lib\site-packages\django\contrib\sessions\middleware.py", line 48, in process_response
    if request.session.get_expire_at_browser_close():
       ~~~~~~~~~~~~~~~~~~~~~~~~~~~~~~~~~~~~~~~~~~~^^
  File "E:\ish\multiagent-review-sentiment-ai\.venv\Lib\site-packages\django\contrib\sessions\backends\base.py", line 403, in get_expire_at_browser_close
    if (expiry := self.get("_session_expiry")) is None:
                  ~~~~~~~~^^^^^^^^^^^^^^^^^^^
  File "E:\ish\multiagent-review-sentiment-ai\.venv\Lib\site-packages\django\contrib\sessions\backends\base.py", line 74, in get
    return self._session.get(key, default)
           ^^^^^^^^^^^^^
  File "E:\ish\multiagent-review-sentiment-ai\.venv\Lib\site-packages\django\contrib\sessions\backends\base.py", line 249, in _get_session
    self._session_cache = self.load()
                          ~~~~~~~~~^^
  File "E:\ish\multiagent-review-sentiment-ai\.venv\Lib\site-packages\django\contrib\sessions\backends\db.py", line 55, in load
    s = self._get_session_from_db()
  File "E:\ish\multiagent-review-sentiment-ai\.venv\Lib\site-packages\django\contrib\sessions\backends\db.py", line 34, in _get_session_from_db
    return self.model.objects.get(
           ~~~~~~~~~~~~~~~~~~~~~~^
        session_key=self.session_key, expire_date__gt=timezone.now()
        ^^^^^^^^^^^^^^^^^^^^^^^^^^^^^^^^^^^^^^^^^^^^^^^^^^^^^^^^^^^^
    )
    ^
  File "E:\ish\multiagent-review-sentiment-ai\.venv\Lib\site-packages\django\db\models\manager.py", line 87, in manager_method
    return getattr(self.get_queryset(), name)(*args, **kwargs)
           ~~~~~~~~~~~~~~~~~~~~~~~~~~~~~~~~~~^^^^^^^^^^^^^^^^^
  File "E:\ish\multiagent-review-sentiment-ai\.venv\Lib\site-packages\django\db\models\query.py", line 629, in get
    num = len(clone)
  File "E:\ish\multiagent-review-sentiment-ai\.venv\Lib\site-packages\django\db\models\query.py", line 366, in __len__
    self._fetch_all()
    ~~~~~~~~~~~~~~~^^
  File "E:\ish\multiagent-review-sentiment-ai\.venv\Lib\site-packages\django\db\models\query.py", line 1949, in _fetch_all
    self._result_cache = list(self._iterable_class(self))
                         ~~~~^^^^^^^^^^^^^^^^^^^^^^^^^^^^
  File "E:\ish\multiagent-review-sentiment-ai\.venv\Lib\site-packages\django\db\models\query.py", line 91, in __iter__
    results = compiler.execute_sql(
        chunked_fetch=self.chunked_fetch, chunk_size=self.chunk_size
    )
  File "E:\ish\multiagent-review-sentiment-ai\.venv\Lib\site-packages\django\db\models\sql\compiler.py", line 1621, in execute_sql
    cursor = self.connection.cursor()
  File "E:\ish\multiagent-review-sentiment-ai\.venv\Lib\site-packages\django\utils\asyncio.py", line 26, in inner
    return func(*args, **kwargs)
  File "E:\ish\multiagent-review-sentiment-ai\.venv\Lib\site-packages\django\db\backends\base\base.py", line 320, in cursor
    return self._cursor()
           ~~~~~~~~~~~~^^
  File "E:\ish\multiagent-review-sentiment-ai\.venv\Lib\site-packages\django\db\backends\base\base.py", line 296, in _cursor
    self.ensure_connection()
    ~~~~~~~~~~~~~~~~~~~~~~^^
  File "E:\ish\multiagent-review-sentiment-ai\.venv\Lib\site-packages\django\utils\asyncio.py", line 26, in inner
    return func(*args, **kwargs)
  File "E:\ish\multiagent-review-sentiment-ai\.venv\Lib\site-packages\django\db\backends\base\base.py", line 278, in ensure_connection
    with self.wrap_database_errors:
         ^^^^^^^^^^^^^^^^^^^^^^^^^
  File "E:\ish\multiagent-review-sentiment-ai\.venv\Lib\site-packages\django\db\utils.py", line 91, in __exit__
    raise dj_exc_value.with_traceback(traceback) from exc_value
  File "E:\ish\multiagent-review-sentiment-ai\.venv\Lib\site-packages\django\db\backends\base\base.py", line 279, in ensure_connection
    self.connect()
    ~~~~~~~~~~~~^^
  File "E:\ish\multiagent-review-sentiment-ai\.venv\Lib\site-packages\django\utils\asyncio.py", line 26, in inner
    return func(*args, **kwargs)
  File "E:\ish\multiagent-review-sentiment-ai\.venv\Lib\site-packages\django\db\backends\base\base.py", line 256, in connect
    self.connection = self.get_new_connection(conn_params)
                      ~~~~~~~~~~~~~~~~~~~~~~~^^^^^^^^^^^^^
  File "E:\ish\multiagent-review-sentiment-ai\.venv\Lib\site-packages\django\utils\asyncio.py", line 26, in inner
    return func(*args, **kwargs)
  File "E:\ish\multiagent-review-sentiment-ai\.venv\Lib\site-packages\django\db\backends\postgresql\base.py", line 332, in get_new_connection
    connection = self.Database.connect(**conn_params)
  File "E:\ish\multiagent-review-sentiment-ai\.venv\Lib\site-packages\psycopg2\__init__.py", line 135, in connect
    conn = _connect(dsn, connection_factory=connection_factory, **kwasync)
django.db.utils.OperationalError: could not translate host name "aws-1-ap-southeast-1.pooler.supabase.com" to address: Name or service not known

ERROR 2025-10-08 21:02:08,587 basehttp 17800 7668 "GET /dashboard/ HTTP/1.1" 500 209491
ERROR 2025-10-08 21:02:21,112 log 17800 6056 Internal Server Error: /dashboard/
Traceback (most recent call last):
  File "E:\ish\multiagent-review-sentiment-ai\.venv\Lib\site-packages\django\contrib\sessions\backends\base.py", line 244, in _get_session
    return self._session_cache
           ^^^^^^^^^^^^^^^^^^^
AttributeError: 'SessionStore' object has no attribute '_session_cache'

During handling of the above exception, another exception occurred:

Traceback (most recent call last):
  File "E:\ish\multiagent-review-sentiment-ai\.venv\Lib\site-packages\django\db\backends\base\base.py", line 279, in ensure_connection
    self.connect()
    ~~~~~~~~~~~~^^
  File "E:\ish\multiagent-review-sentiment-ai\.venv\Lib\site-packages\django\utils\asyncio.py", line 26, in inner
    return func(*args, **kwargs)
  File "E:\ish\multiagent-review-sentiment-ai\.venv\Lib\site-packages\django\db\backends\base\base.py", line 256, in connect
    self.connection = self.get_new_connection(conn_params)
                      ~~~~~~~~~~~~~~~~~~~~~~~^^^^^^^^^^^^^
  File "E:\ish\multiagent-review-sentiment-ai\.venv\Lib\site-packages\django\utils\asyncio.py", line 26, in inner
    return func(*args, **kwargs)
  File "E:\ish\multiagent-review-sentiment-ai\.venv\Lib\site-packages\django\db\backends\postgresql\base.py", line 332, in get_new_connection
    connection = self.Database.connect(**conn_params)
  File "E:\ish\multiagent-review-sentiment-ai\.venv\Lib\site-packages\psycopg2\__init__.py", line 135, in connect
    conn = _connect(dsn, connection_factory=connection_factory, **kwasync)
psycopg2.OperationalError: could not translate host name "aws-1-ap-southeast-1.pooler.supabase.com" to address: Name or service not known


The above exception was the direct cause of the following exception:

Traceback (most recent call last):
  File "E:\ish\multiagent-review-sentiment-ai\.venv\Lib\site-packages\django\core\handlers\exception.py", line 55, in inner
    response = get_response(request)
  File "E:\ish\multiagent-review-sentiment-ai\.venv\Lib\site-packages\django\core\handlers\base.py", line 197, in _get_response
    response = wrapped_callback(request, *callback_args, **callback_kwargs)
  File "E:\ish\multiagent-review-sentiment-ai\.venv\Lib\site-packages\django\contrib\auth\decorators.py", line 56, in _view_wrapper
    test_pass = test_func(request.user)
  File "E:\ish\multiagent-review-sentiment-ai\.venv\Lib\site-packages\django\contrib\auth\decorators.py", line 79, in <lambda>
    lambda u: u.is_authenticated,
              ^^^^^^^^^^^^^^^^^^
  File "E:\ish\multiagent-review-sentiment-ai\.venv\Lib\site-packages\django\utils\functional.py", line 251, in inner
    self._setup()
    ~~~~~~~~~~~^^
  File "E:\ish\multiagent-review-sentiment-ai\.venv\Lib\site-packages\django\utils\functional.py", line 404, in _setup
    self._wrapped = self._setupfunc()
                    ~~~~~~~~~~~~~~~^^
  File "E:\ish\multiagent-review-sentiment-ai\.venv\Lib\site-packages\django\contrib\auth\middleware.py", line 40, in <lambda>
    request.user = SimpleLazyObject(lambda: get_user(request))
                                            ~~~~~~~~^^^^^^^^^
  File "E:\ish\multiagent-review-sentiment-ai\.venv\Lib\site-packages\django\contrib\auth\middleware.py", line 20, in get_user
    request._cached_user = auth.get_user(request)
                           ~~~~~~~~~~~~~^^^^^^^^^
  File "E:\ish\multiagent-review-sentiment-ai\.venv\Lib\site-packages\django\contrib\auth\__init__.py", line 304, in get_user
    user_id = _get_user_session_key(request)
  File "E:\ish\multiagent-review-sentiment-ai\.venv\Lib\site-packages\django\contrib\auth\__init__.py", line 95, in _get_user_session_key
    return get_user_model()._meta.pk.to_python(request.session[SESSION_KEY])
                                               ~~~~~~~~~~~~~~~^^^^^^^^^^^^^
  File "E:\ish\multiagent-review-sentiment-ai\.venv\Lib\site-packages\django\contrib\sessions\backends\base.py", line 55, in __getitem__
    return self._session[key]
           ^^^^^^^^^^^^^
  File "E:\ish\multiagent-review-sentiment-ai\.venv\Lib\site-packages\django\contrib\sessions\backends\base.py", line 249, in _get_session
    self._session_cache = self.load()
                          ~~~~~~~~~^^
  File "E:\ish\multiagent-review-sentiment-ai\.venv\Lib\site-packages\django\contrib\sessions\backends\db.py", line 55, in load
    s = self._get_session_from_db()
  File "E:\ish\multiagent-review-sentiment-ai\.venv\Lib\site-packages\django\contrib\sessions\backends\db.py", line 34, in _get_session_from_db
    return self.model.objects.get(
           ~~~~~~~~~~~~~~~~~~~~~~^
        session_key=self.session_key, expire_date__gt=timezone.now()
        ^^^^^^^^^^^^^^^^^^^^^^^^^^^^^^^^^^^^^^^^^^^^^^^^^^^^^^^^^^^^
    )
    ^
  File "E:\ish\multiagent-review-sentiment-ai\.venv\Lib\site-packages\django\db\models\manager.py", line 87, in manager_method
    return getattr(self.get_queryset(), name)(*args, **kwargs)
           ~~~~~~~~~~~~~~~~~~~~~~~~~~~~~~~~~~^^^^^^^^^^^^^^^^^
  File "E:\ish\multiagent-review-sentiment-ai\.venv\Lib\site-packages\django\db\models\query.py", line 629, in get
    num = len(clone)
  File "E:\ish\multiagent-review-sentiment-ai\.venv\Lib\site-packages\django\db\models\query.py", line 366, in __len__
    self._fetch_all()
    ~~~~~~~~~~~~~~~^^
  File "E:\ish\multiagent-review-sentiment-ai\.venv\Lib\site-packages\django\db\models\query.py", line 1949, in _fetch_all
    self._result_cache = list(self._iterable_class(self))
                         ~~~~^^^^^^^^^^^^^^^^^^^^^^^^^^^^
  File "E:\ish\multiagent-review-sentiment-ai\.venv\Lib\site-packages\django\db\models\query.py", line 91, in __iter__
    results = compiler.execute_sql(
        chunked_fetch=self.chunked_fetch, chunk_size=self.chunk_size
    )
  File "E:\ish\multiagent-review-sentiment-ai\.venv\Lib\site-packages\django\db\models\sql\compiler.py", line 1621, in execute_sql
    cursor = self.connection.cursor()
  File "E:\ish\multiagent-review-sentiment-ai\.venv\Lib\site-packages\django\utils\asyncio.py", line 26, in inner
    return func(*args, **kwargs)
  File "E:\ish\multiagent-review-sentiment-ai\.venv\Lib\site-packages\django\db\backends\base\base.py", line 320, in cursor
    return self._cursor()
           ~~~~~~~~~~~~^^
  File "E:\ish\multiagent-review-sentiment-ai\.venv\Lib\site-packages\django\db\backends\base\base.py", line 296, in _cursor
    self.ensure_connection()
    ~~~~~~~~~~~~~~~~~~~~~~^^
  File "E:\ish\multiagent-review-sentiment-ai\.venv\Lib\site-packages\django\utils\asyncio.py", line 26, in inner
    return func(*args, **kwargs)
  File "E:\ish\multiagent-review-sentiment-ai\.venv\Lib\site-packages\django\db\backends\base\base.py", line 278, in ensure_connection
    with self.wrap_database_errors:
         ^^^^^^^^^^^^^^^^^^^^^^^^^
  File "E:\ish\multiagent-review-sentiment-ai\.venv\Lib\site-packages\django\db\utils.py", line 91, in __exit__
    raise dj_exc_value.with_traceback(traceback) from exc_value
  File "E:\ish\multiagent-review-sentiment-ai\.venv\Lib\site-packages\django\db\backends\base\base.py", line 279, in ensure_connection
    self.connect()
    ~~~~~~~~~~~~^^
  File "E:\ish\multiagent-review-sentiment-ai\.venv\Lib\site-packages\django\utils\asyncio.py", line 26, in inner
    return func(*args, **kwargs)
  File "E:\ish\multiagent-review-sentiment-ai\.venv\Lib\site-packages\django\db\backends\base\base.py", line 256, in connect
    self.connection = self.get_new_connection(conn_params)
                      ~~~~~~~~~~~~~~~~~~~~~~~^^^^^^^^^^^^^
  File "E:\ish\multiagent-review-sentiment-ai\.venv\Lib\site-packages\django\utils\asyncio.py", line 26, in inner
    return func(*args, **kwargs)
  File "E:\ish\multiagent-review-sentiment-ai\.venv\Lib\site-packages\django\db\backends\postgresql\base.py", line 332, in get_new_connection
    connection = self.Database.connect(**conn_params)
  File "E:\ish\multiagent-review-sentiment-ai\.venv\Lib\site-packages\psycopg2\__init__.py", line 135, in connect
    conn = _connect(dsn, connection_factory=connection_factory, **kwasync)
django.db.utils.OperationalError: could not translate host name "aws-1-ap-southeast-1.pooler.supabase.com" to address: Name or service not known

ERROR 2025-10-08 21:02:21,141 log 17800 6056 Internal Server Error: /dashboard/
Traceback (most recent call last):
  File "E:\ish\multiagent-review-sentiment-ai\.venv\Lib\site-packages\django\contrib\sessions\backends\base.py", line 244, in _get_session
    return self._session_cache
           ^^^^^^^^^^^^^^^^^^^
AttributeError: 'SessionStore' object has no attribute '_session_cache'

During handling of the above exception, another exception occurred:

Traceback (most recent call last):
  File "E:\ish\multiagent-review-sentiment-ai\.venv\Lib\site-packages\django\db\backends\base\base.py", line 279, in ensure_connection
    self.connect()
    ~~~~~~~~~~~~^^
  File "E:\ish\multiagent-review-sentiment-ai\.venv\Lib\site-packages\django\utils\asyncio.py", line 26, in inner
    return func(*args, **kwargs)
  File "E:\ish\multiagent-review-sentiment-ai\.venv\Lib\site-packages\django\db\backends\base\base.py", line 256, in connect
    self.connection = self.get_new_connection(conn_params)
                      ~~~~~~~~~~~~~~~~~~~~~~~^^^^^^^^^^^^^
  File "E:\ish\multiagent-review-sentiment-ai\.venv\Lib\site-packages\django\utils\asyncio.py", line 26, in inner
    return func(*args, **kwargs)
  File "E:\ish\multiagent-review-sentiment-ai\.venv\Lib\site-packages\django\db\backends\postgresql\base.py", line 332, in get_new_connection
    connection = self.Database.connect(**conn_params)
  File "E:\ish\multiagent-review-sentiment-ai\.venv\Lib\site-packages\psycopg2\__init__.py", line 135, in connect
    conn = _connect(dsn, connection_factory=connection_factory, **kwasync)
psycopg2.OperationalError: could not translate host name "aws-1-ap-southeast-1.pooler.supabase.com" to address: Name or service not known


The above exception was the direct cause of the following exception:

Traceback (most recent call last):
  File "E:\ish\multiagent-review-sentiment-ai\.venv\Lib\site-packages\django\core\handlers\exception.py", line 55, in inner
    response = get_response(request)
  File "E:\ish\multiagent-review-sentiment-ai\.venv\Lib\site-packages\django\utils\deprecation.py", line 122, in __call__
    response = self.process_response(request, response)
  File "E:\ish\multiagent-review-sentiment-ai\.venv\Lib\site-packages\django\contrib\sessions\middleware.py", line 48, in process_response
    if request.session.get_expire_at_browser_close():
       ~~~~~~~~~~~~~~~~~~~~~~~~~~~~~~~~~~~~~~~~~~~^^
  File "E:\ish\multiagent-review-sentiment-ai\.venv\Lib\site-packages\django\contrib\sessions\backends\base.py", line 403, in get_expire_at_browser_close
    if (expiry := self.get("_session_expiry")) is None:
                  ~~~~~~~~^^^^^^^^^^^^^^^^^^^
  File "E:\ish\multiagent-review-sentiment-ai\.venv\Lib\site-packages\django\contrib\sessions\backends\base.py", line 74, in get
    return self._session.get(key, default)
           ^^^^^^^^^^^^^
  File "E:\ish\multiagent-review-sentiment-ai\.venv\Lib\site-packages\django\contrib\sessions\backends\base.py", line 249, in _get_session
    self._session_cache = self.load()
                          ~~~~~~~~~^^
  File "E:\ish\multiagent-review-sentiment-ai\.venv\Lib\site-packages\django\contrib\sessions\backends\db.py", line 55, in load
    s = self._get_session_from_db()
  File "E:\ish\multiagent-review-sentiment-ai\.venv\Lib\site-packages\django\contrib\sessions\backends\db.py", line 34, in _get_session_from_db
    return self.model.objects.get(
           ~~~~~~~~~~~~~~~~~~~~~~^
        session_key=self.session_key, expire_date__gt=timezone.now()
        ^^^^^^^^^^^^^^^^^^^^^^^^^^^^^^^^^^^^^^^^^^^^^^^^^^^^^^^^^^^^
    )
    ^
  File "E:\ish\multiagent-review-sentiment-ai\.venv\Lib\site-packages\django\db\models\manager.py", line 87, in manager_method
    return getattr(self.get_queryset(), name)(*args, **kwargs)
           ~~~~~~~~~~~~~~~~~~~~~~~~~~~~~~~~~~^^^^^^^^^^^^^^^^^
  File "E:\ish\multiagent-review-sentiment-ai\.venv\Lib\site-packages\django\db\models\query.py", line 629, in get
    num = len(clone)
  File "E:\ish\multiagent-review-sentiment-ai\.venv\Lib\site-packages\django\db\models\query.py", line 366, in __len__
    self._fetch_all()
    ~~~~~~~~~~~~~~~^^
  File "E:\ish\multiagent-review-sentiment-ai\.venv\Lib\site-packages\django\db\models\query.py", line 1949, in _fetch_all
    self._result_cache = list(self._iterable_class(self))
                         ~~~~^^^^^^^^^^^^^^^^^^^^^^^^^^^^
  File "E:\ish\multiagent-review-sentiment-ai\.venv\Lib\site-packages\django\db\models\query.py", line 91, in __iter__
    results = compiler.execute_sql(
        chunked_fetch=self.chunked_fetch, chunk_size=self.chunk_size
    )
  File "E:\ish\multiagent-review-sentiment-ai\.venv\Lib\site-packages\django\db\models\sql\compiler.py", line 1621, in execute_sql
    cursor = self.connection.cursor()
  File "E:\ish\multiagent-review-sentiment-ai\.venv\Lib\site-packages\django\utils\asyncio.py", line 26, in inner
    return func(*args, **kwargs)
  File "E:\ish\multiagent-review-sentiment-ai\.venv\Lib\site-packages\django\db\backends\base\base.py", line 320, in cursor
    return self._cursor()
           ~~~~~~~~~~~~^^
  File "E:\ish\multiagent-review-sentiment-ai\.venv\Lib\site-packages\django\db\backends\base\base.py", line 296, in _cursor
    self.ensure_connection()
    ~~~~~~~~~~~~~~~~~~~~~~^^
  File "E:\ish\multiagent-review-sentiment-ai\.venv\Lib\site-packages\django\utils\asyncio.py", line 26, in inner
    return func(*args, **kwargs)
  File "E:\ish\multiagent-review-sentiment-ai\.venv\Lib\site-packages\django\db\backends\base\base.py", line 278, in ensure_connection
    with self.wrap_database_errors:
         ^^^^^^^^^^^^^^^^^^^^^^^^^
  File "E:\ish\multiagent-review-sentiment-ai\.venv\Lib\site-packages\django\db\utils.py", line 91, in __exit__
    raise dj_exc_value.with_traceback(traceback) from exc_value
  File "E:\ish\multiagent-review-sentiment-ai\.venv\Lib\site-packages\django\db\backends\base\base.py", line 279, in ensure_connection
    self.connect()
    ~~~~~~~~~~~~^^
  File "E:\ish\multiagent-review-sentiment-ai\.venv\Lib\site-packages\django\utils\asyncio.py", line 26, in inner
    return func(*args, **kwargs)
  File "E:\ish\multiagent-review-sentiment-ai\.venv\Lib\site-packages\django\db\backends\base\base.py", line 256, in connect
    self.connection = self.get_new_connection(conn_params)
                      ~~~~~~~~~~~~~~~~~~~~~~~^^^^^^^^^^^^^
  File "E:\ish\multiagent-review-sentiment-ai\.venv\Lib\site-packages\django\utils\asyncio.py", line 26, in inner
    return func(*args, **kwargs)
  File "E:\ish\multiagent-review-sentiment-ai\.venv\Lib\site-packages\django\db\backends\postgresql\base.py", line 332, in get_new_connection
    connection = self.Database.connect(**conn_params)
  File "E:\ish\multiagent-review-sentiment-ai\.venv\Lib\site-packages\psycopg2\__init__.py", line 135, in connect
    conn = _connect(dsn, connection_factory=connection_factory, **kwasync)
django.db.utils.OperationalError: could not translate host name "aws-1-ap-southeast-1.pooler.supabase.com" to address: Name or service not known

ERROR 2025-10-08 21:02:21,146 basehttp 17800 6056 "GET /dashboard/ HTTP/1.1" 500 209494
INFO 2025-10-08 21:04:18,467 autoreload 23604 6636 Watching for file changes with StatReloader
INFO 2025-10-08 21:04:50,698 autoreload 23604 6636 E:\ish\multiagent-review-sentiment-ai\apps\api\urls.py changed, reloading.
INFO 2025-10-08 21:04:51,281 autoreload 5408 13668 Watching for file changes with StatReloader
INFO 2025-10-08 21:04:53,520 autoreload 5408 13668 E:\ish\multiagent-review-sentiment-ai\hotel_review_platform\settings.py changed, reloading.
INFO 2025-10-08 21:04:54,043 autoreload 24996 9568 Watching for file changes with StatReloader
INFO 2025-10-08 21:04:56,268 autoreload 24996 9568 E:\ish\multiagent-review-sentiment-ai\hotel_review_platform\settings.py changed, reloading.
INFO 2025-10-08 21:04:56,748 autoreload 10680 7980 Watching for file changes with StatReloader
INFO 2025-10-08 21:05:03,665 autoreload 7412 10672 Watching for file changes with StatReloader
INFO 2025-10-08 21:05:16,457 autoreload 23176 24996 Watching for file changes with StatReloader
INFO 2025-10-08 21:05:28,851 autoreload 23176 24996 E:\ish\multiagent-review-sentiment-ai\hotel_review_platform\settings.py changed, reloading.
INFO 2025-10-08 21:05:29,312 autoreload 16572 21244 Watching for file changes with StatReloader
INFO 2025-10-08 21:05:30,517 autoreload 16572 21244 E:\ish\multiagent-review-sentiment-ai\apps\authentication\apps.py changed, reloading.
INFO 2025-10-08 21:05:31,089 autoreload 22552 9936 Watching for file changes with StatReloader
INFO 2025-10-08 21:05:37,840 basehttp 22552 7676 "GET / HTTP/1.1" 302 0
INFO 2025-10-08 21:05:43,109 basehttp 22552 7676 "GET /dashboard/ HTTP/1.1" 200 43778
INFO 2025-10-08 21:05:43,179 basehttp 22552 7676 "GET /static/css/dashboard.css HTTP/1.1" 200 43036
INFO 2025-10-08 21:06:43,644 basehttp 22552 7676 "GET /dashboard/ HTTP/1.1" 200 43778
INFO 2025-10-08 21:06:43,655 basehttp 22552 7676 "GET /static/css/dashboard.css HTTP/1.1" 304 0
INFO 2025-10-08 21:06:50,140 basehttp 22552 5832 "GET /dashboard/ HTTP/1.1" 302 0
INFO 2025-10-08 21:06:50,157 basehttp 22552 5832 "GET /auth/login/?next=/dashboard/ HTTP/1.1" 200 11566
INFO 2025-10-08 21:07:09,072 basehttp 22552 5832 "POST /auth/login/?next=/dashboard/ HTTP/1.1" 302 0
INFO 2025-10-08 21:07:19,148 basehttp 22552 5832 "GET /dashboard/ HTTP/1.1" 200 44387
INFO 2025-10-08 21:07:19,170 basehttp 22552 5832 "GET /static/css/dashboard.css HTTP/1.1" 200 37165
INFO 2025-10-08 21:07:19,171 basehttp 22552 7980 "GET /static/js/enhanced-dashboard.js?v=2.1 HTTP/1.1" 200 12660
INFO 2025-10-08 21:08:46,659 basehttp 22552 7980 "GET /dashboard/ HTTP/1.1" 200 43778
INFO 2025-10-08 21:08:56,044 basehttp 22552 21700 "GET /dashboard/ HTTP/1.1" 302 0
INFO 2025-10-08 21:08:56,046 basehttp 22552 21700 "GET /auth/login/?next=/dashboard/ HTTP/1.1" 200 11566
INFO 2025-10-08 21:09:08,383 basehttp 22552 21700 "POST /auth/login/?next=/dashboard/ HTTP/1.1" 302 0
INFO 2025-10-08 21:09:16,270 basehttp 22552 21700 "GET /dashboard/ HTTP/1.1" 200 44387
INFO 2025-10-08 21:09:16,294 basehttp 22552 21700 "GET /static/css/dashboard.css HTTP/1.1" 200 37280
INFO 2025-10-08 21:09:16,296 basehttp 22552 21700 "GET /static/js/enhanced-dashboard.js?v=2.1 HTTP/1.1" 200 12660
INFO 2025-10-08 21:09:25,930 basehttp 22552 21700 "GET /admin/ HTTP/1.1" 200 10354
INFO 2025-10-08 21:09:25,950 basehttp 22552 6744 "GET /static/admin/css/dark_mode.css HTTP/1.1" 200 2808
INFO 2025-10-08 21:09:25,951 basehttp 22552 12284 "GET /static/admin/css/dashboard.css HTTP/1.1" 200 441
INFO 2025-10-08 21:09:25,951 basehttp 22552 1520 "GET /static/admin/css/nav_sidebar.css HTTP/1.1" 200 2810
INFO 2025-10-08 21:09:25,951 basehttp 22552 21700 "GET /static/admin/css/base.css HTTP/1.1" 200 22120
INFO 2025-10-08 21:09:25,953 basehttp 22552 18272 "GET /static/admin/css/responsive.css HTTP/1.1" 200 16565
INFO 2025-10-08 21:09:25,958 basehttp 22552 15224 "GET /static/admin/js/theme.js HTTP/1.1" 200 1653
INFO 2025-10-08 21:09:25,969 basehttp 22552 18272 "GET /static/admin/js/nav_sidebar.js HTTP/1.1" 200 3063
INFO 2025-10-08 21:09:25,971 basehttp 22552 21700 "GET /static/admin/img/icon-changelink.svg HTTP/1.1" 200 380
INFO 2025-10-08 21:09:25,972 basehttp 22552 15224 "GET /static/admin/img/icon-addlink.svg HTTP/1.1" 200 331
INFO 2025-10-08 21:09:32,720 basehttp 22552 15224 "GET /auth/users/ HTTP/1.1" 200 22266
INFO 2025-10-08 21:09:38,218 basehttp 22552 15224 "GET /auth/profile/ HTTP/1.1" 200 33477
INFO 2025-10-08 21:09:48,636 basehttp 22552 15224 "GET /dashboard/upload/ HTTP/1.1" 200 61877
INFO 2025-10-08 21:10:00,482 basehttp 22552 15224 "GET /dashboard/analytics/ HTTP/1.1" 200 113014
INFO 2025-10-08 21:10:01,149 views 22552 15224 Retrieved persisted AI analysis: 12168fb7-5d5b-425f-bac3-653eafabbacd
INFO 2025-10-08 21:10:01,626 basehttp 22552 15224 "GET /api/v1/get-ai-analysis/ HTTP/1.1" 200 5445
INFO 2025-10-08 21:10:20,044 basehttp 22552 15224 "GET /dashboard/ HTTP/1.1" 200 43778
INFO 2025-10-08 21:10:29,734 autoreload 23880 11508 Watching for file changes with StatReloader
INFO 2025-10-08 21:10:36,658 basehttp 23880 6752 "GET / HTTP/1.1" 302 0
INFO 2025-10-08 21:10:41,286 basehttp 23880 6752 "GET /dashboard/ HTTP/1.1" 200 43778
INFO 2025-10-08 21:10:41,311 basehttp 23880 6752 "GET /static/css/dashboard.css HTTP/1.1" 304 0
INFO 2025-10-08 21:10:48,257 basehttp 23880 6752 "GET /dashboard/ HTTP/1.1" 200 43778
INFO 2025-10-08 21:13:23,825 basehttp 23880 7212 "GET /dashboard/ HTTP/1.1" 302 0
INFO 2025-10-08 21:13:23,829 basehttp 23880 7212 "GET /auth/login/?next=/dashboard/ HTTP/1.1" 200 11566
INFO 2025-10-08 21:13:32,758 basehttp 23880 7212 "POST /auth/login/?next=/dashboard/ HTTP/1.1" 302 0
INFO 2025-10-08 21:13:37,112 basehttp 23880 7212 "GET /dashboard/ HTTP/1.1" 200 44387
INFO 2025-10-08 21:13:37,130 basehttp 23880 7212 "GET /static/css/dashboard.css HTTP/1.1" 304 0
INFO 2025-10-08 21:14:24,397 autoreload 4724 7232 Watching for file changes with StatReloader
INFO 2025-10-08 21:14:29,085 basehttp 4724 23044 "GET / HTTP/1.1" 302 0
INFO 2025-10-08 21:14:33,244 basehttp 4724 23044 "GET /dashboard/ HTTP/1.1" 200 43778
INFO 2025-10-08 21:14:33,366 basehttp 4724 3596 "GET /static/js/enhanced-dashboard.js?v=2.1 HTTP/1.1" 200 12660
INFO 2025-10-08 21:14:33,372 basehttp 4724 23044 "GET /static/css/dashboard.css HTTP/1.1" 200 37280
INFO 2025-10-08 21:14:44,227 basehttp 4724 23044 "GET /dashboard/reviews/ HTTP/1.1" 200 170232
INFO 2025-10-08 21:15:16,331 basehttp 4724 23044 "GET /dashboard/reviews/ HTTP/1.1" 200 170232
INFO 2025-10-08 21:16:41,447 autoreload 3300 4712 Watching for file changes with StatReloader
INFO 2025-10-08 21:16:46,806 basehttp 3300 4740 "GET / HTTP/1.1" 302 0
INFO 2025-10-08 21:16:51,642 basehttp 3300 4740 "GET /dashboard/ HTTP/1.1" 200 43778
INFO 2025-10-08 21:16:51,764 basehttp 3300 9104 "GET /static/js/enhanced-dashboard.js?v=2.1 HTTP/1.1" 200 12660
INFO 2025-10-08 21:16:51,765 basehttp 3300 4740 "GET /static/css/dashboard.css HTTP/1.1" 200 43036
INFO 2025-10-08 21:17:41,556 autoreload 8064 6944 Watching for file changes with StatReloader
INFO 2025-10-08 21:17:46,697 basehttp 8064 18584 "GET / HTTP/1.1" 302 0
INFO 2025-10-08 21:17:51,472 basehttp 8064 18584 "GET /dashboard/ HTTP/1.1" 200 43778
INFO 2025-10-08 21:17:51,596 basehttp 8064 18584 "GET /static/css/dashboard.css HTTP/1.1" 200 37280
INFO 2025-10-08 21:17:51,600 basehttp 8064 21048 "GET /static/js/enhanced-dashboard.js?v=2.1 HTTP/1.1" 200 12660
INFO 2025-10-08 21:18:03,508 basehttp 8064 21048 "GET /dashboard/reviews/ HTTP/1.1" 200 170232
INFO 2025-10-08 21:18:17,765 basehttp 8064 21048 "GET /auth/users/ HTTP/1.1" 200 22266
INFO 2025-10-08 21:18:21,996 basehttp 8064 21048 "GET /auth/profile/ HTTP/1.1" 200 33477
INFO 2025-10-08 21:18:41,324 basehttp 8064 21048 "GET /dashboard/ HTTP/1.1" 200 43778
INFO 2025-10-08 21:18:41,971 basehttp 8064 14340 "GET /auth/profile/ HTTP/1.1" 302 0
INFO 2025-10-08 21:18:41,974 basehttp 8064 14340 "GET /auth/login/?next=/auth/profile/ HTTP/1.1" 200 11566
